ARM GAS  /tmp/ccY87Nt6.s 			page 1


   1              		.cpu cortex-m4
   2              		.arch armv7e-m
   3              		.fpu fpv4-sp-d16
   4              		.eabi_attribute 27, 1
   5              		.eabi_attribute 28, 1
   6              		.eabi_attribute 20, 1
   7              		.eabi_attribute 21, 1
   8              		.eabi_attribute 23, 3
   9              		.eabi_attribute 24, 1
  10              		.eabi_attribute 25, 1
  11              		.eabi_attribute 26, 1
  12              		.eabi_attribute 30, 1
  13              		.eabi_attribute 34, 1
  14              		.eabi_attribute 18, 4
  15              		.file	"fatfs.c"
  16              		.text
  17              	.Ltext0:
  18              		.cfi_sections	.debug_frame
  19              		.file 1 "/home/dat/Documents/colir_one/rocket_code/FATFS/App/fatfs.c"
  20              		.section	.text.MX_FATFS_Init,"ax",%progbits
  21              		.align	1
  22              		.global	MX_FATFS_Init
  23              		.syntax unified
  24              		.thumb
  25              		.thumb_func
  27              	MX_FATFS_Init:
  28              	.LFB134:
   1:/home/dat/Documents/colir_one/rocket_code/FATFS/App/fatfs.c **** /* USER CODE BEGIN Header */
   2:/home/dat/Documents/colir_one/rocket_code/FATFS/App/fatfs.c **** /**
   3:/home/dat/Documents/colir_one/rocket_code/FATFS/App/fatfs.c ****   ******************************************************************************
   4:/home/dat/Documents/colir_one/rocket_code/FATFS/App/fatfs.c ****   * @file   fatfs.c
   5:/home/dat/Documents/colir_one/rocket_code/FATFS/App/fatfs.c ****   * @brief  Code for fatfs applications
   6:/home/dat/Documents/colir_one/rocket_code/FATFS/App/fatfs.c ****   ******************************************************************************
   7:/home/dat/Documents/colir_one/rocket_code/FATFS/App/fatfs.c ****   * @attention
   8:/home/dat/Documents/colir_one/rocket_code/FATFS/App/fatfs.c ****   *
   9:/home/dat/Documents/colir_one/rocket_code/FATFS/App/fatfs.c ****   * Copyright (c) 2024 STMicroelectronics.
  10:/home/dat/Documents/colir_one/rocket_code/FATFS/App/fatfs.c ****   * All rights reserved.
  11:/home/dat/Documents/colir_one/rocket_code/FATFS/App/fatfs.c ****   *
  12:/home/dat/Documents/colir_one/rocket_code/FATFS/App/fatfs.c ****   * This software is licensed under terms that can be found in the LICENSE file
  13:/home/dat/Documents/colir_one/rocket_code/FATFS/App/fatfs.c ****   * in the root directory of this software component.
  14:/home/dat/Documents/colir_one/rocket_code/FATFS/App/fatfs.c ****   * If no LICENSE file comes with this software, it is provided AS-IS.
  15:/home/dat/Documents/colir_one/rocket_code/FATFS/App/fatfs.c ****   *
  16:/home/dat/Documents/colir_one/rocket_code/FATFS/App/fatfs.c ****   ******************************************************************************
  17:/home/dat/Documents/colir_one/rocket_code/FATFS/App/fatfs.c ****   */
  18:/home/dat/Documents/colir_one/rocket_code/FATFS/App/fatfs.c **** /* USER CODE END Header */
  19:/home/dat/Documents/colir_one/rocket_code/FATFS/App/fatfs.c **** #include "fatfs.h"
  20:/home/dat/Documents/colir_one/rocket_code/FATFS/App/fatfs.c **** 
  21:/home/dat/Documents/colir_one/rocket_code/FATFS/App/fatfs.c **** uint8_t retSD;    /* Return value for SD */
  22:/home/dat/Documents/colir_one/rocket_code/FATFS/App/fatfs.c **** char SDPath[4];   /* SD logical drive path */
  23:/home/dat/Documents/colir_one/rocket_code/FATFS/App/fatfs.c **** FATFS SDFatFS;    /* File system object for SD logical drive */
  24:/home/dat/Documents/colir_one/rocket_code/FATFS/App/fatfs.c **** FIL SDFile;       /* File object for SD */
  25:/home/dat/Documents/colir_one/rocket_code/FATFS/App/fatfs.c **** 
  26:/home/dat/Documents/colir_one/rocket_code/FATFS/App/fatfs.c **** /* USER CODE BEGIN Variables */
  27:/home/dat/Documents/colir_one/rocket_code/FATFS/App/fatfs.c **** 
  28:/home/dat/Documents/colir_one/rocket_code/FATFS/App/fatfs.c **** /* USER CODE END Variables */
  29:/home/dat/Documents/colir_one/rocket_code/FATFS/App/fatfs.c **** 
  30:/home/dat/Documents/colir_one/rocket_code/FATFS/App/fatfs.c **** void MX_FATFS_Init(void)
ARM GAS  /tmp/ccY87Nt6.s 			page 2


  31:/home/dat/Documents/colir_one/rocket_code/FATFS/App/fatfs.c **** {
  29              		.loc 1 31 1 view -0
  30              		.cfi_startproc
  31              		@ args = 0, pretend = 0, frame = 0
  32              		@ frame_needed = 0, uses_anonymous_args = 0
  33 0000 08B5     		push	{r3, lr}
  34              	.LCFI0:
  35              		.cfi_def_cfa_offset 8
  36              		.cfi_offset 3, -8
  37              		.cfi_offset 14, -4
  32:/home/dat/Documents/colir_one/rocket_code/FATFS/App/fatfs.c ****   /*## FatFS: Link the SD driver ###########################*/
  33:/home/dat/Documents/colir_one/rocket_code/FATFS/App/fatfs.c ****   retSD = FATFS_LinkDriver(&SD_Driver, SDPath);
  38              		.loc 1 33 3 view .LVU1
  39              		.loc 1 33 11 is_stmt 0 view .LVU2
  40 0002 0349     		ldr	r1, .L3
  41 0004 0348     		ldr	r0, .L3+4
  42 0006 FFF7FEFF 		bl	FATFS_LinkDriver
  43              	.LVL0:
  44              		.loc 1 33 9 discriminator 1 view .LVU3
  45 000a 034B     		ldr	r3, .L3+8
  46 000c 1870     		strb	r0, [r3]
  34:/home/dat/Documents/colir_one/rocket_code/FATFS/App/fatfs.c **** 
  35:/home/dat/Documents/colir_one/rocket_code/FATFS/App/fatfs.c ****   /* USER CODE BEGIN Init */
  36:/home/dat/Documents/colir_one/rocket_code/FATFS/App/fatfs.c ****   /* additional user code for init */
  37:/home/dat/Documents/colir_one/rocket_code/FATFS/App/fatfs.c ****   /* USER CODE END Init */
  38:/home/dat/Documents/colir_one/rocket_code/FATFS/App/fatfs.c **** }
  47              		.loc 1 38 1 view .LVU4
  48 000e 08BD     		pop	{r3, pc}
  49              	.L4:
  50              		.align	2
  51              	.L3:
  52 0010 00000000 		.word	SDPath
  53 0014 00000000 		.word	SD_Driver
  54 0018 00000000 		.word	retSD
  55              		.cfi_endproc
  56              	.LFE134:
  58              		.section	.text.get_fattime,"ax",%progbits
  59              		.align	1
  60              		.global	get_fattime
  61              		.syntax unified
  62              		.thumb
  63              		.thumb_func
  65              	get_fattime:
  66              	.LFB135:
  39:/home/dat/Documents/colir_one/rocket_code/FATFS/App/fatfs.c **** 
  40:/home/dat/Documents/colir_one/rocket_code/FATFS/App/fatfs.c **** /**
  41:/home/dat/Documents/colir_one/rocket_code/FATFS/App/fatfs.c ****   * @brief  Gets Time from RTC
  42:/home/dat/Documents/colir_one/rocket_code/FATFS/App/fatfs.c ****   * @param  None
  43:/home/dat/Documents/colir_one/rocket_code/FATFS/App/fatfs.c ****   * @retval Time in DWORD
  44:/home/dat/Documents/colir_one/rocket_code/FATFS/App/fatfs.c ****   */
  45:/home/dat/Documents/colir_one/rocket_code/FATFS/App/fatfs.c **** DWORD get_fattime(void)
  46:/home/dat/Documents/colir_one/rocket_code/FATFS/App/fatfs.c **** {
  67              		.loc 1 46 1 is_stmt 1 view -0
  68              		.cfi_startproc
  69              		@ args = 0, pretend = 0, frame = 0
  70              		@ frame_needed = 0, uses_anonymous_args = 0
  71              		@ link register save eliminated.
ARM GAS  /tmp/ccY87Nt6.s 			page 3


  47:/home/dat/Documents/colir_one/rocket_code/FATFS/App/fatfs.c ****   /* USER CODE BEGIN get_fattime */
  48:/home/dat/Documents/colir_one/rocket_code/FATFS/App/fatfs.c ****   return 0;
  72              		.loc 1 48 3 view .LVU6
  49:/home/dat/Documents/colir_one/rocket_code/FATFS/App/fatfs.c ****   /* USER CODE END get_fattime */
  50:/home/dat/Documents/colir_one/rocket_code/FATFS/App/fatfs.c **** }
  73              		.loc 1 50 1 is_stmt 0 view .LVU7
  74 0000 0020     		movs	r0, #0
  75 0002 7047     		bx	lr
  76              		.cfi_endproc
  77              	.LFE135:
  79              		.global	SDFile
  80              		.section	.bss.SDFile,"aw",%nobits
  81              		.align	2
  84              	SDFile:
  85 0000 00000000 		.space	4144
  85      00000000 
  85      00000000 
  85      00000000 
  85      00000000 
  86              		.global	SDFatFS
  87              		.section	.bss.SDFatFS,"aw",%nobits
  88              		.align	2
  91              	SDFatFS:
  92 0000 00000000 		.space	4152
  92      00000000 
  92      00000000 
  92      00000000 
  92      00000000 
  93              		.global	SDPath
  94              		.section	.bss.SDPath,"aw",%nobits
  95              		.align	2
  98              	SDPath:
  99 0000 00000000 		.space	4
 100              		.global	retSD
 101              		.section	.bss.retSD,"aw",%nobits
 104              	retSD:
 105 0000 00       		.space	1
 106              		.text
 107              	.Letext0:
 108              		.file 2 "/home/dat/Documents/colir_one/rocket_code/Middlewares/Third_Party/FatFs/src/integer.h"
 109              		.file 3 "/home/dat/.config/Code/User/globalStorage/litaitech.stm32-colir-one/@xpack-dev-tools/arm-
 110              		.file 4 "/home/dat/.config/Code/User/globalStorage/litaitech.stm32-colir-one/@xpack-dev-tools/arm-
 111              		.file 5 "/home/dat/Documents/colir_one/rocket_code/Middlewares/Third_Party/FatFs/src/ff.h"
 112              		.file 6 "/home/dat/Documents/colir_one/rocket_code/Middlewares/Third_Party/FatFs/src/diskio.h"
 113              		.file 7 "/home/dat/Documents/colir_one/rocket_code/Middlewares/Third_Party/FatFs/src/ff_gen_drv.h"
 114              		.file 8 "/home/dat/Documents/colir_one/rocket_code/FATFS/Target/sd_diskio.h"
 115              		.file 9 "/home/dat/Documents/colir_one/rocket_code/FATFS/App/fatfs.h"
ARM GAS  /tmp/ccY87Nt6.s 			page 4


DEFINED SYMBOLS
                            *ABS*:00000000 fatfs.c
     /tmp/ccY87Nt6.s:21     .text.MX_FATFS_Init:00000000 $t
     /tmp/ccY87Nt6.s:27     .text.MX_FATFS_Init:00000000 MX_FATFS_Init
     /tmp/ccY87Nt6.s:52     .text.MX_FATFS_Init:00000010 $d
     /tmp/ccY87Nt6.s:98     .bss.SDPath:00000000 SDPath
     /tmp/ccY87Nt6.s:104    .bss.retSD:00000000 retSD
     /tmp/ccY87Nt6.s:59     .text.get_fattime:00000000 $t
     /tmp/ccY87Nt6.s:65     .text.get_fattime:00000000 get_fattime
     /tmp/ccY87Nt6.s:84     .bss.SDFile:00000000 SDFile
     /tmp/ccY87Nt6.s:81     .bss.SDFile:00000000 $d
     /tmp/ccY87Nt6.s:91     .bss.SDFatFS:00000000 SDFatFS
     /tmp/ccY87Nt6.s:88     .bss.SDFatFS:00000000 $d
     /tmp/ccY87Nt6.s:95     .bss.SDPath:00000000 $d
     /tmp/ccY87Nt6.s:105    .bss.retSD:00000000 $d

UNDEFINED SYMBOLS
FATFS_LinkDriver
SD_Driver
