ARM GAS  /tmp/ccFhmRpA.s 			page 1


   1              		.cpu cortex-m4
   2              		.arch armv7e-m
   3              		.fpu fpv4-sp-d16
   4              		.eabi_attribute 27, 1
   5              		.eabi_attribute 28, 1
   6              		.eabi_attribute 20, 1
   7              		.eabi_attribute 21, 1
   8              		.eabi_attribute 23, 3
   9              		.eabi_attribute 24, 1
  10              		.eabi_attribute 25, 1
  11              		.eabi_attribute 26, 1
  12              		.eabi_attribute 30, 1
  13              		.eabi_attribute 34, 1
  14              		.eabi_attribute 18, 4
  15              		.file	"device.c"
  16              		.text
  17              	.Ltext0:
  18              		.cfi_sections	.debug_frame
  19              		.file 1 "/home/dat/Documents/colir_one/rocket_code/Module/Src/device.c"
  20              		.section	.text.colir_one_init,"ax",%progbits
  21              		.align	1
  22              		.global	colir_one_init
  23              		.syntax unified
  24              		.thumb
  25              		.thumb_func
  27              	colir_one_init:
  28              	.LVL0:
  29              	.LFB159:
   1:/home/dat/Documents/colir_one/rocket_code/Module/Src/device.c **** #include <sys/time.h>
   2:/home/dat/Documents/colir_one/rocket_code/Module/Src/device.c **** #include <stdint.h>
   3:/home/dat/Documents/colir_one/rocket_code/Module/Src/device.c **** #include <stdio.h>
   4:/home/dat/Documents/colir_one/rocket_code/Module/Src/device.c **** #include <stdlib.h>
   5:/home/dat/Documents/colir_one/rocket_code/Module/Src/device.c **** #include <sys/types.h>
   6:/home/dat/Documents/colir_one/rocket_code/Module/Src/device.c **** #include <string.h>
   7:/home/dat/Documents/colir_one/rocket_code/Module/Src/device.c **** #include <unistd.h>
   8:/home/dat/Documents/colir_one/rocket_code/Module/Src/device.c **** #include <signal.h>
   9:/home/dat/Documents/colir_one/rocket_code/Module/Src/device.c **** #include <fcntl.h>
  10:/home/dat/Documents/colir_one/rocket_code/Module/Src/device.c **** 
  11:/home/dat/Documents/colir_one/rocket_code/Module/Src/device.c **** #include "device.h"
  12:/home/dat/Documents/colir_one/rocket_code/Module/Src/device.c **** 
  13:/home/dat/Documents/colir_one/rocket_code/Module/Src/device.c **** #include "main.h"
  14:/home/dat/Documents/colir_one/rocket_code/Module/Src/device.c **** #include "w25qxx.h"
  15:/home/dat/Documents/colir_one/rocket_code/Module/Src/device.c **** #include "fatfs.h"
  16:/home/dat/Documents/colir_one/rocket_code/Module/Src/device.c **** #include "string.h"
  17:/home/dat/Documents/colir_one/rocket_code/Module/Src/device.c **** #include <stdio.h>
  18:/home/dat/Documents/colir_one/rocket_code/Module/Src/device.c **** 
  19:/home/dat/Documents/colir_one/rocket_code/Module/Src/device.c **** #define LOG_SIZE 32
  20:/home/dat/Documents/colir_one/rocket_code/Module/Src/device.c **** #define LOG_BUF_SIZE 32
  21:/home/dat/Documents/colir_one/rocket_code/Module/Src/device.c **** #define PAGE_SIZE LOG_SIZE * LOG_BUF_SIZE
  22:/home/dat/Documents/colir_one/rocket_code/Module/Src/device.c **** #define CONFIG_SIZE 2048
  23:/home/dat/Documents/colir_one/rocket_code/Module/Src/device.c **** #define SPI1_CS_GPIO_Port GPIOD
  24:/home/dat/Documents/colir_one/rocket_code/Module/Src/device.c **** #define SPI1_CS_Pin GPIO_PIN_7
  25:/home/dat/Documents/colir_one/rocket_code/Module/Src/device.c **** 
  26:/home/dat/Documents/colir_one/rocket_code/Module/Src/device.c **** W25QXX_HandleTypeDef w25qxx;
  27:/home/dat/Documents/colir_one/rocket_code/Module/Src/device.c **** uint32_t sectors;
  28:/home/dat/Documents/colir_one/rocket_code/Module/Src/device.c **** uint32_t flash_size;
  29:/home/dat/Documents/colir_one/rocket_code/Module/Src/device.c **** 
ARM GAS  /tmp/ccFhmRpA.s 			page 2


  30:/home/dat/Documents/colir_one/rocket_code/Module/Src/device.c **** uint8_t buf[LOG_SIZE];
  31:/home/dat/Documents/colir_one/rocket_code/Module/Src/device.c **** uint8_t log_buf[LOG_BUF_SIZE][LOG_SIZE];
  32:/home/dat/Documents/colir_one/rocket_code/Module/Src/device.c **** uint8_t config_buf[CONFIG_SIZE];
  33:/home/dat/Documents/colir_one/rocket_code/Module/Src/device.c **** flash_config* logs_config;
  34:/home/dat/Documents/colir_one/rocket_code/Module/Src/device.c **** 
  35:/home/dat/Documents/colir_one/rocket_code/Module/Src/device.c **** uint8_t logs_buf_counter = 0;
  36:/home/dat/Documents/colir_one/rocket_code/Module/Src/device.c **** 
  37:/home/dat/Documents/colir_one/rocket_code/Module/Src/device.c **** uint8_t current_log = 255;
  38:/home/dat/Documents/colir_one/rocket_code/Module/Src/device.c **** uint32_t current_address;
  39:/home/dat/Documents/colir_one/rocket_code/Module/Src/device.c **** uint16_t log_buf_counter = 0;
  40:/home/dat/Documents/colir_one/rocket_code/Module/Src/device.c **** 
  41:/home/dat/Documents/colir_one/rocket_code/Module/Src/device.c **** W25QXX_result_t res;
  42:/home/dat/Documents/colir_one/rocket_code/Module/Src/device.c **** 
  43:/home/dat/Documents/colir_one/rocket_code/Module/Src/device.c **** void colir_one_init(SPI_HandleTypeDef *hspi) {
  30              		.loc 1 43 46 view -0
  31              		.cfi_startproc
  32              		@ args = 0, pretend = 0, frame = 0
  33              		@ frame_needed = 0, uses_anonymous_args = 0
  34              		.loc 1 43 46 is_stmt 0 view .LVU1
  35 0000 70B5     		push	{r4, r5, r6, lr}
  36              	.LCFI0:
  37              		.cfi_def_cfa_offset 16
  38              		.cfi_offset 4, -16
  39              		.cfi_offset 5, -12
  40              		.cfi_offset 6, -8
  41              		.cfi_offset 14, -4
  42 0002 0446     		mov	r4, r0
  44:/home/dat/Documents/colir_one/rocket_code/Module/Src/device.c **** 	if(hspi->State != HAL_SPI_STATE_READY)
  43              		.loc 1 44 2 is_stmt 1 view .LVU2
  44              		.loc 1 44 9 is_stmt 0 view .LVU3
  45 0004 90F85130 		ldrb	r3, [r0, #81]	@ zero_extendqisi2
  46 0008 DBB2     		uxtb	r3, r3
  47              		.loc 1 44 4 view .LVU4
  48 000a 012B     		cmp	r3, #1
  49 000c 27D1     		bne	.L5
  50              	.LVL1:
  51              	.L2:
  45:/home/dat/Documents/colir_one/rocket_code/Module/Src/device.c **** 		HAL_SPI_Init(hspi);
  46:/home/dat/Documents/colir_one/rocket_code/Module/Src/device.c **** 
  47:/home/dat/Documents/colir_one/rocket_code/Module/Src/device.c **** 	res = w25qxx_init(&w25qxx, hspi, SPI1_CS_GPIO_Port, SPI1_CS_Pin);
  52              		.loc 1 47 2 is_stmt 1 view .LVU5
  53              		.loc 1 47 8 is_stmt 0 view .LVU6
  54 000e 1B4D     		ldr	r5, .L7
  55 0010 8023     		movs	r3, #128
  56 0012 1B4A     		ldr	r2, .L7+4
  57 0014 2146     		mov	r1, r4
  58 0016 2846     		mov	r0, r5
  59 0018 FFF7FEFF 		bl	w25qxx_init
  60              	.LVL2:
  61              		.loc 1 47 6 discriminator 1 view .LVU7
  62 001c 194B     		ldr	r3, .L7+8
  63 001e 1870     		strb	r0, [r3]
  48:/home/dat/Documents/colir_one/rocket_code/Module/Src/device.c **** 
  49:/home/dat/Documents/colir_one/rocket_code/Module/Src/device.c **** 	sectors = w25qxx.block_count * w25qxx.sectors_in_block;
  64              		.loc 1 49 2 is_stmt 1 view .LVU8
  65              		.loc 1 49 18 is_stmt 0 view .LVU9
  66 0020 6B69     		ldr	r3, [r5, #20]
ARM GAS  /tmp/ccFhmRpA.s 			page 3


  67              		.loc 1 49 39 view .LVU10
  68 0022 EA69     		ldr	r2, [r5, #28]
  69              		.loc 1 49 31 view .LVU11
  70 0024 03FB02F2 		mul	r2, r3, r2
  71              		.loc 1 49 10 view .LVU12
  72 0028 1749     		ldr	r1, .L7+12
  73 002a 0A60     		str	r2, [r1]
  50:/home/dat/Documents/colir_one/rocket_code/Module/Src/device.c **** 	flash_size = w25qxx.block_count * w25qxx.block_size;
  74              		.loc 1 50 2 is_stmt 1 view .LVU13
  75              		.loc 1 50 42 is_stmt 0 view .LVU14
  76 002c 2A69     		ldr	r2, [r5, #16]
  77              		.loc 1 50 34 view .LVU15
  78 002e 02FB03F3 		mul	r3, r2, r3
  79              		.loc 1 50 13 view .LVU16
  80 0032 164A     		ldr	r2, .L7+16
  81 0034 1360     		str	r3, [r2]
  51:/home/dat/Documents/colir_one/rocket_code/Module/Src/device.c **** 	//w25qxx_chip_erase(&w25qxx);
  52:/home/dat/Documents/colir_one/rocket_code/Module/Src/device.c **** 	w25qxx_read(&w25qxx, 0, (uint8_t*)&config_buf, sizeof(config_buf));
  82              		.loc 1 52 2 is_stmt 1 view .LVU17
  83 0036 164E     		ldr	r6, .L7+20
  84 0038 4FF40063 		mov	r3, #2048
  85 003c 3246     		mov	r2, r6
  86 003e 0021     		movs	r1, #0
  87 0040 2846     		mov	r0, r5
  88 0042 FFF7FEFF 		bl	w25qxx_read
  89              	.LVL3:
  53:/home/dat/Documents/colir_one/rocket_code/Module/Src/device.c **** 
  54:/home/dat/Documents/colir_one/rocket_code/Module/Src/device.c **** 	logs_config = (flash_config*)config_buf;
  90              		.loc 1 54 2 view .LVU18
  91              		.loc 1 54 14 is_stmt 0 view .LVU19
  92 0046 134B     		ldr	r3, .L7+24
  93 0048 1E60     		str	r6, [r3]
  55:/home/dat/Documents/colir_one/rocket_code/Module/Src/device.c **** 	if(logs_config->last_log == 0 || logs_config->last_log == 255){
  94              		.loc 1 55 2 is_stmt 1 view .LVU20
  95              		.loc 1 55 16 is_stmt 0 view .LVU21
  96 004a 96F88430 		ldrb	r3, [r6, #132]	@ zero_extendqisi2
  97              		.loc 1 55 32 view .LVU22
  98 004e 013B     		subs	r3, r3, #1
  99 0050 DBB2     		uxtb	r3, r3
 100              		.loc 1 55 4 view .LVU23
 101 0052 FD2B     		cmp	r3, #253
 102 0054 06D8     		bhi	.L6
 103              	.L3:
  56:/home/dat/Documents/colir_one/rocket_code/Module/Src/device.c **** 		logs_config->last_log = 0;
  57:/home/dat/Documents/colir_one/rocket_code/Module/Src/device.c **** 		logs_config->last_address = CONFIG_SIZE;
  58:/home/dat/Documents/colir_one/rocket_code/Module/Src/device.c **** 		memset(&logs_config->log_address, 0, sizeof(logs_config->log_address));
  59:/home/dat/Documents/colir_one/rocket_code/Module/Src/device.c **** 	}
  60:/home/dat/Documents/colir_one/rocket_code/Module/Src/device.c **** 
  61:/home/dat/Documents/colir_one/rocket_code/Module/Src/device.c **** 	HAL_SPI_DeInit(hspi);
 104              		.loc 1 61 2 is_stmt 1 view .LVU24
 105 0056 2046     		mov	r0, r4
 106 0058 FFF7FEFF 		bl	HAL_SPI_DeInit
 107              	.LVL4:
  62:/home/dat/Documents/colir_one/rocket_code/Module/Src/device.c **** }
 108              		.loc 1 62 1 is_stmt 0 view .LVU25
 109 005c 70BD     		pop	{r4, r5, r6, pc}
 110              	.LVL5:
ARM GAS  /tmp/ccFhmRpA.s 			page 4


 111              	.L5:
  45:/home/dat/Documents/colir_one/rocket_code/Module/Src/device.c **** 
 112              		.loc 1 45 3 is_stmt 1 view .LVU26
 113 005e FFF7FEFF 		bl	HAL_SPI_Init
 114              	.LVL6:
  45:/home/dat/Documents/colir_one/rocket_code/Module/Src/device.c **** 
 115              		.loc 1 45 3 is_stmt 0 view .LVU27
 116 0062 D4E7     		b	.L2
 117              	.L6:
  56:/home/dat/Documents/colir_one/rocket_code/Module/Src/device.c **** 		logs_config->last_log = 0;
 118              		.loc 1 56 3 is_stmt 1 view .LVU28
  56:/home/dat/Documents/colir_one/rocket_code/Module/Src/device.c **** 		logs_config->last_log = 0;
 119              		.loc 1 56 25 is_stmt 0 view .LVU29
 120 0064 3046     		mov	r0, r6
 121 0066 0021     		movs	r1, #0
 122 0068 86F88410 		strb	r1, [r6, #132]
  57:/home/dat/Documents/colir_one/rocket_code/Module/Src/device.c **** 		memset(&logs_config->log_address, 0, sizeof(logs_config->log_address));
 123              		.loc 1 57 3 is_stmt 1 view .LVU30
  57:/home/dat/Documents/colir_one/rocket_code/Module/Src/device.c **** 		memset(&logs_config->log_address, 0, sizeof(logs_config->log_address));
 124              		.loc 1 57 29 is_stmt 0 view .LVU31
 125 006c 4FF40063 		mov	r3, #2048
 126 0070 40F8043B 		str	r3, [r0], #4
  58:/home/dat/Documents/colir_one/rocket_code/Module/Src/device.c **** 	}
 127              		.loc 1 58 3 is_stmt 1 view .LVU32
 128 0074 8022     		movs	r2, #128
 129 0076 FFF7FEFF 		bl	memset
 130              	.LVL7:
 131 007a ECE7     		b	.L3
 132              	.L8:
 133              		.align	2
 134              	.L7:
 135 007c 00000000 		.word	w25qxx
 136 0080 000C0240 		.word	1073875968
 137 0084 00000000 		.word	res
 138 0088 00000000 		.word	sectors
 139 008c 00000000 		.word	flash_size
 140 0090 00000000 		.word	config_buf
 141 0094 00000000 		.word	logs_config
 142              		.cfi_endproc
 143              	.LFE159:
 145              		.section	.text.log_data,"ax",%progbits
 146              		.align	1
 147              		.global	log_data
 148              		.syntax unified
 149              		.thumb
 150              		.thumb_func
 152              	log_data:
 153              	.LVL8:
 154              	.LFB160:
  63:/home/dat/Documents/colir_one/rocket_code/Module/Src/device.c **** 
  64:/home/dat/Documents/colir_one/rocket_code/Module/Src/device.c **** void log_data(char cmd[]){
 155              		.loc 1 64 26 view -0
 156              		.cfi_startproc
 157              		@ args = 0, pretend = 0, frame = 0
 158              		@ frame_needed = 0, uses_anonymous_args = 0
 159              		.loc 1 64 26 is_stmt 0 view .LVU34
 160 0000 F8B5     		push	{r3, r4, r5, r6, r7, lr}
ARM GAS  /tmp/ccFhmRpA.s 			page 5


 161              	.LCFI1:
 162              		.cfi_def_cfa_offset 24
 163              		.cfi_offset 3, -24
 164              		.cfi_offset 4, -20
 165              		.cfi_offset 5, -16
 166              		.cfi_offset 6, -12
 167              		.cfi_offset 7, -8
 168              		.cfi_offset 14, -4
  65:/home/dat/Documents/colir_one/rocket_code/Module/Src/device.c **** 	memcpy(&log_buf[log_buf_counter], cmd, sizeof(log_buf[log_buf_counter]));
 169              		.loc 1 65 2 is_stmt 1 view .LVU35
 170              		.loc 1 65 17 is_stmt 0 view .LVU36
 171 0002 514D     		ldr	r5, .L19
 172 0004 2B88     		ldrh	r3, [r5]
 173              		.loc 1 65 9 view .LVU37
 174 0006 5F01     		lsls	r7, r3, #5
 175 0008 504E     		ldr	r6, .L19+4
 176 000a 06EB4312 		add	r2, r6, r3, lsl #5
 177              		.loc 1 65 2 view .LVU38
 178 000e 0468     		ldr	r4, [r0]	@ unaligned
 179 0010 D0F804E0 		ldr	lr, [r0, #4]	@ unaligned
 180 0014 D0F808C0 		ldr	ip, [r0, #8]	@ unaligned
 181 0018 C168     		ldr	r1, [r0, #12]	@ unaligned
 182 001a F451     		str	r4, [r6, r7]	@ unaligned
 183 001c C2F804E0 		str	lr, [r2, #4]	@ unaligned
 184 0020 C2F808C0 		str	ip, [r2, #8]	@ unaligned
 185 0024 D160     		str	r1, [r2, #12]	@ unaligned
 186 0026 0469     		ldr	r4, [r0, #16]	@ unaligned
 187 0028 D0F814E0 		ldr	lr, [r0, #20]	@ unaligned
 188 002c D0F818C0 		ldr	ip, [r0, #24]	@ unaligned
 189 0030 C169     		ldr	r1, [r0, #28]	@ unaligned
 190 0032 1461     		str	r4, [r2, #16]	@ unaligned
 191 0034 C2F814E0 		str	lr, [r2, #20]	@ unaligned
 192 0038 C2F818C0 		str	ip, [r2, #24]	@ unaligned
 193 003c D161     		str	r1, [r2, #28]	@ unaligned
  66:/home/dat/Documents/colir_one/rocket_code/Module/Src/device.c **** 	log_buf_counter++;
 194              		.loc 1 66 2 is_stmt 1 view .LVU39
 195              		.loc 1 66 17 is_stmt 0 view .LVU40
 196 003e 0133     		adds	r3, r3, #1
 197 0040 9BB2     		uxth	r3, r3
 198 0042 2B80     		strh	r3, [r5]	@ movhi
  67:/home/dat/Documents/colir_one/rocket_code/Module/Src/device.c **** 	if(log_buf_counter >= LOG_BUF_SIZE){
 199              		.loc 1 67 2 is_stmt 1 view .LVU41
 200              		.loc 1 67 4 is_stmt 0 view .LVU42
 201 0044 1F2B     		cmp	r3, #31
 202 0046 4CD9     		bls	.L9
  68:/home/dat/Documents/colir_one/rocket_code/Module/Src/device.c **** 		if(w25qxx.spiHandle->State != HAL_SPI_STATE_READY)
 203              		.loc 1 68 3 is_stmt 1 view .LVU43
 204              		.loc 1 68 12 is_stmt 0 view .LVU44
 205 0048 414B     		ldr	r3, .L19+8
 206 004a 1868     		ldr	r0, [r3]
 207              	.LVL9:
 208              		.loc 1 68 22 view .LVU45
 209 004c 90F85130 		ldrb	r3, [r0, #81]	@ zero_extendqisi2
 210 0050 DBB2     		uxtb	r3, r3
 211              		.loc 1 68 5 view .LVU46
 212 0052 012B     		cmp	r3, #1
 213 0054 46D1     		bne	.L16
ARM GAS  /tmp/ccFhmRpA.s 			page 6


 214              	.L11:
  69:/home/dat/Documents/colir_one/rocket_code/Module/Src/device.c **** 			HAL_SPI_Init(w25qxx.spiHandle);
  70:/home/dat/Documents/colir_one/rocket_code/Module/Src/device.c **** 
  71:/home/dat/Documents/colir_one/rocket_code/Module/Src/device.c **** 		log_buf_counter = 0;
 215              		.loc 1 71 3 is_stmt 1 view .LVU47
 216              		.loc 1 71 19 is_stmt 0 view .LVU48
 217 0056 3C4B     		ldr	r3, .L19
 218 0058 0022     		movs	r2, #0
 219 005a 1A80     		strh	r2, [r3]	@ movhi
  72:/home/dat/Documents/colir_one/rocket_code/Module/Src/device.c **** 
  73:/home/dat/Documents/colir_one/rocket_code/Module/Src/device.c **** 		current_address = logs_config->last_address;
 220              		.loc 1 73 3 is_stmt 1 view .LVU49
 221              		.loc 1 73 32 is_stmt 0 view .LVU50
 222 005c 3D4B     		ldr	r3, .L19+12
 223 005e 1B68     		ldr	r3, [r3]
 224 0060 1968     		ldr	r1, [r3]
 225              		.loc 1 73 19 view .LVU51
 226 0062 3D4D     		ldr	r5, .L19+16
 227 0064 2960     		str	r1, [r5]
  74:/home/dat/Documents/colir_one/rocket_code/Module/Src/device.c **** 		//logs_config->last_address = current_address;
  75:/home/dat/Documents/colir_one/rocket_code/Module/Src/device.c **** 
  76:/home/dat/Documents/colir_one/rocket_code/Module/Src/device.c **** 		res = w25qxx_erase(&w25qxx, current_address, sizeof(log_buf));
 228              		.loc 1 76 3 is_stmt 1 view .LVU52
 229              		.loc 1 76 9 is_stmt 0 view .LVU53
 230 0066 3A4C     		ldr	r4, .L19+8
 231 0068 4FF48062 		mov	r2, #1024
 232 006c 2046     		mov	r0, r4
 233 006e FFF7FEFF 		bl	w25qxx_erase
 234              	.LVL10:
 235              		.loc 1 76 7 discriminator 1 view .LVU54
 236 0072 3A4F     		ldr	r7, .L19+20
 237 0074 3870     		strb	r0, [r7]
  77:/home/dat/Documents/colir_one/rocket_code/Module/Src/device.c **** 		HAL_Delay(35);
 238              		.loc 1 77 3 is_stmt 1 view .LVU55
 239 0076 2320     		movs	r0, #35
 240 0078 FFF7FEFF 		bl	HAL_Delay
 241              	.LVL11:
  78:/home/dat/Documents/colir_one/rocket_code/Module/Src/device.c **** 		res = w25qxx_write(&w25qxx, current_address, (uint8_t*)&log_buf, sizeof(log_buf));
 242              		.loc 1 78 3 view .LVU56
 243              		.loc 1 78 9 is_stmt 0 view .LVU57
 244 007c 334E     		ldr	r6, .L19+4
 245 007e 4FF48063 		mov	r3, #1024
 246 0082 3246     		mov	r2, r6
 247 0084 2968     		ldr	r1, [r5]
 248 0086 2046     		mov	r0, r4
 249 0088 FFF7FEFF 		bl	w25qxx_write
 250              	.LVL12:
 251              		.loc 1 78 7 discriminator 1 view .LVU58
 252 008c 3870     		strb	r0, [r7]
  79:/home/dat/Documents/colir_one/rocket_code/Module/Src/device.c **** 		HAL_Delay(35);
 253              		.loc 1 79 3 is_stmt 1 view .LVU59
 254 008e 2320     		movs	r0, #35
 255 0090 FFF7FEFF 		bl	HAL_Delay
 256              	.LVL13:
  80:/home/dat/Documents/colir_one/rocket_code/Module/Src/device.c **** 		w25qxx_read(&w25qxx, current_address, (uint8_t*)&log_buf, sizeof(log_buf));
 257              		.loc 1 80 3 view .LVU60
 258 0094 4FF48063 		mov	r3, #1024
ARM GAS  /tmp/ccFhmRpA.s 			page 7


 259 0098 3246     		mov	r2, r6
 260 009a 2968     		ldr	r1, [r5]
 261 009c 2046     		mov	r0, r4
 262 009e FFF7FEFF 		bl	w25qxx_read
 263              	.LVL14:
  81:/home/dat/Documents/colir_one/rocket_code/Module/Src/device.c **** 
  82:/home/dat/Documents/colir_one/rocket_code/Module/Src/device.c **** 		if(current_log == 255){
 264              		.loc 1 82 3 view .LVU61
 265              		.loc 1 82 18 is_stmt 0 view .LVU62
 266 00a2 2F4B     		ldr	r3, .L19+24
 267 00a4 1B78     		ldrb	r3, [r3]	@ zero_extendqisi2
 268              		.loc 1 82 5 view .LVU63
 269 00a6 FF2B     		cmp	r3, #255
 270 00a8 1FD0     		beq	.L17
 271              	.L12:
  83:/home/dat/Documents/colir_one/rocket_code/Module/Src/device.c **** 			current_log = logs_config->last_log + 1;
  84:/home/dat/Documents/colir_one/rocket_code/Module/Src/device.c **** 			if(current_log >= 32)
  85:/home/dat/Documents/colir_one/rocket_code/Module/Src/device.c **** 				current_log = 1;
  86:/home/dat/Documents/colir_one/rocket_code/Module/Src/device.c **** 			logs_config->last_log = current_log;
  87:/home/dat/Documents/colir_one/rocket_code/Module/Src/device.c **** 		}
  88:/home/dat/Documents/colir_one/rocket_code/Module/Src/device.c **** 
  89:/home/dat/Documents/colir_one/rocket_code/Module/Src/device.c **** 		current_address += PAGE_SIZE;
 272              		.loc 1 89 3 is_stmt 1 view .LVU64
 273              		.loc 1 89 19 is_stmt 0 view .LVU65
 274 00aa 2B4A     		ldr	r2, .L19+16
 275 00ac 1368     		ldr	r3, [r2]
 276 00ae 03F58063 		add	r3, r3, #1024
 277 00b2 1360     		str	r3, [r2]
  90:/home/dat/Documents/colir_one/rocket_code/Module/Src/device.c **** 		logs_config->last_address = current_address;
 278              		.loc 1 90 3 is_stmt 1 view .LVU66
 279              		.loc 1 90 14 is_stmt 0 view .LVU67
 280 00b4 274A     		ldr	r2, .L19+12
 281 00b6 1168     		ldr	r1, [r2]
 282              		.loc 1 90 29 view .LVU68
 283 00b8 0B60     		str	r3, [r1]
  91:/home/dat/Documents/colir_one/rocket_code/Module/Src/device.c **** 		logs_config->log_address[current_log - 1] = current_address;
 284              		.loc 1 91 3 is_stmt 1 view .LVU69
 285              		.loc 1 91 14 is_stmt 0 view .LVU70
 286 00ba 1268     		ldr	r2, [r2]
 287              		.loc 1 91 40 view .LVU71
 288 00bc 2849     		ldr	r1, .L19+24
 289 00be 0978     		ldrb	r1, [r1]	@ zero_extendqisi2
 290 00c0 0139     		subs	r1, r1, #1
 291              		.loc 1 91 45 view .LVU72
 292 00c2 02EB8102 		add	r2, r2, r1, lsl #2
 293 00c6 5360     		str	r3, [r2, #4]
  92:/home/dat/Documents/colir_one/rocket_code/Module/Src/device.c **** 
  93:/home/dat/Documents/colir_one/rocket_code/Module/Src/device.c **** 		res = w25qxx_erase(&w25qxx, 0, sizeof(config_buf));
 294              		.loc 1 93 3 is_stmt 1 view .LVU73
 295              		.loc 1 93 9 is_stmt 0 view .LVU74
 296 00c8 4FF40062 		mov	r2, #2048
 297 00cc 0021     		movs	r1, #0
 298 00ce 2048     		ldr	r0, .L19+8
 299 00d0 FFF7FEFF 		bl	w25qxx_erase
 300              	.LVL15:
 301              		.loc 1 93 7 discriminator 1 view .LVU75
 302 00d4 214B     		ldr	r3, .L19+20
ARM GAS  /tmp/ccFhmRpA.s 			page 8


 303 00d6 1870     		strb	r0, [r3]
  94:/home/dat/Documents/colir_one/rocket_code/Module/Src/device.c **** 		if(res == W25QXX_Ok){
 304              		.loc 1 94 3 is_stmt 1 view .LVU76
 305              		.loc 1 94 5 is_stmt 0 view .LVU77
 306 00d8 C8B1     		cbz	r0, .L18
 307              	.L14:
  95:/home/dat/Documents/colir_one/rocket_code/Module/Src/device.c **** 
  96:/home/dat/Documents/colir_one/rocket_code/Module/Src/device.c **** 			memcpy(&config_buf, (uint8_t*)logs_config, sizeof(config_buf));
  97:/home/dat/Documents/colir_one/rocket_code/Module/Src/device.c **** 			res = w25qxx_write(&w25qxx, 0, (uint8_t*)&config_buf, sizeof(config_buf));
  98:/home/dat/Documents/colir_one/rocket_code/Module/Src/device.c **** 			HAL_Delay(35);
  99:/home/dat/Documents/colir_one/rocket_code/Module/Src/device.c **** 			w25qxx_read(&w25qxx, 0, (uint8_t*)&config_buf, sizeof(config_buf));
 100:/home/dat/Documents/colir_one/rocket_code/Module/Src/device.c **** 		}
 101:/home/dat/Documents/colir_one/rocket_code/Module/Src/device.c **** 
 102:/home/dat/Documents/colir_one/rocket_code/Module/Src/device.c **** 		HAL_SPI_DeInit(w25qxx.spiHandle);
 308              		.loc 1 102 3 is_stmt 1 view .LVU78
 309 00da 1D4B     		ldr	r3, .L19+8
 310 00dc 1868     		ldr	r0, [r3]
 311 00de FFF7FEFF 		bl	HAL_SPI_DeInit
 312              	.LVL16:
 313              	.L9:
 103:/home/dat/Documents/colir_one/rocket_code/Module/Src/device.c **** 	}
 104:/home/dat/Documents/colir_one/rocket_code/Module/Src/device.c **** }
 314              		.loc 1 104 1 is_stmt 0 view .LVU79
 315 00e2 F8BD     		pop	{r3, r4, r5, r6, r7, pc}
 316              	.L16:
  69:/home/dat/Documents/colir_one/rocket_code/Module/Src/device.c **** 
 317              		.loc 1 69 4 is_stmt 1 view .LVU80
 318 00e4 FFF7FEFF 		bl	HAL_SPI_Init
 319              	.LVL17:
 320 00e8 B5E7     		b	.L11
 321              	.L17:
  83:/home/dat/Documents/colir_one/rocket_code/Module/Src/device.c **** 			if(current_log >= 32)
 322              		.loc 1 83 4 view .LVU81
  83:/home/dat/Documents/colir_one/rocket_code/Module/Src/device.c **** 			if(current_log >= 32)
 323              		.loc 1 83 29 is_stmt 0 view .LVU82
 324 00ea 1A4B     		ldr	r3, .L19+12
 325 00ec 1A68     		ldr	r2, [r3]
 326 00ee 92F88430 		ldrb	r3, [r2, #132]	@ zero_extendqisi2
  83:/home/dat/Documents/colir_one/rocket_code/Module/Src/device.c **** 			if(current_log >= 32)
 327              		.loc 1 83 40 view .LVU83
 328 00f2 0133     		adds	r3, r3, #1
 329 00f4 DBB2     		uxtb	r3, r3
  83:/home/dat/Documents/colir_one/rocket_code/Module/Src/device.c **** 			if(current_log >= 32)
 330              		.loc 1 83 16 view .LVU84
 331 00f6 1A49     		ldr	r1, .L19+24
 332 00f8 0B70     		strb	r3, [r1]
  84:/home/dat/Documents/colir_one/rocket_code/Module/Src/device.c **** 				current_log = 1;
 333              		.loc 1 84 4 is_stmt 1 view .LVU85
  84:/home/dat/Documents/colir_one/rocket_code/Module/Src/device.c **** 				current_log = 1;
 334              		.loc 1 84 6 is_stmt 0 view .LVU86
 335 00fa 1F2B     		cmp	r3, #31
 336 00fc 02D9     		bls	.L13
  85:/home/dat/Documents/colir_one/rocket_code/Module/Src/device.c **** 			logs_config->last_log = current_log;
 337              		.loc 1 85 5 is_stmt 1 view .LVU87
  85:/home/dat/Documents/colir_one/rocket_code/Module/Src/device.c **** 			logs_config->last_log = current_log;
 338              		.loc 1 85 17 is_stmt 0 view .LVU88
 339 00fe 0B46     		mov	r3, r1
ARM GAS  /tmp/ccFhmRpA.s 			page 9


 340 0100 0121     		movs	r1, #1
 341 0102 1970     		strb	r1, [r3]
 342              	.L13:
  86:/home/dat/Documents/colir_one/rocket_code/Module/Src/device.c **** 		}
 343              		.loc 1 86 4 is_stmt 1 view .LVU89
  86:/home/dat/Documents/colir_one/rocket_code/Module/Src/device.c **** 		}
 344              		.loc 1 86 26 is_stmt 0 view .LVU90
 345 0104 164B     		ldr	r3, .L19+24
 346 0106 1B78     		ldrb	r3, [r3]	@ zero_extendqisi2
 347 0108 82F88430 		strb	r3, [r2, #132]
 348 010c CDE7     		b	.L12
 349              	.L18:
  96:/home/dat/Documents/colir_one/rocket_code/Module/Src/device.c **** 			res = w25qxx_write(&w25qxx, 0, (uint8_t*)&config_buf, sizeof(config_buf));
 350              		.loc 1 96 4 is_stmt 1 view .LVU91
 351 010e 154C     		ldr	r4, .L19+28
 352 0110 4FF40065 		mov	r5, #2048
 353 0114 2A46     		mov	r2, r5
 354 0116 0F4B     		ldr	r3, .L19+12
 355 0118 1968     		ldr	r1, [r3]
 356 011a 2046     		mov	r0, r4
 357 011c FFF7FEFF 		bl	memcpy
 358              	.LVL18:
  97:/home/dat/Documents/colir_one/rocket_code/Module/Src/device.c **** 			HAL_Delay(35);
 359              		.loc 1 97 4 view .LVU92
  97:/home/dat/Documents/colir_one/rocket_code/Module/Src/device.c **** 			HAL_Delay(35);
 360              		.loc 1 97 10 is_stmt 0 view .LVU93
 361 0120 0B4E     		ldr	r6, .L19+8
 362 0122 2B46     		mov	r3, r5
 363 0124 2246     		mov	r2, r4
 364 0126 0021     		movs	r1, #0
 365 0128 3046     		mov	r0, r6
 366 012a FFF7FEFF 		bl	w25qxx_write
 367              	.LVL19:
  97:/home/dat/Documents/colir_one/rocket_code/Module/Src/device.c **** 			HAL_Delay(35);
 368              		.loc 1 97 8 discriminator 1 view .LVU94
 369 012e 0B4B     		ldr	r3, .L19+20
 370 0130 1870     		strb	r0, [r3]
  98:/home/dat/Documents/colir_one/rocket_code/Module/Src/device.c **** 			w25qxx_read(&w25qxx, 0, (uint8_t*)&config_buf, sizeof(config_buf));
 371              		.loc 1 98 4 is_stmt 1 view .LVU95
 372 0132 2320     		movs	r0, #35
 373 0134 FFF7FEFF 		bl	HAL_Delay
 374              	.LVL20:
  99:/home/dat/Documents/colir_one/rocket_code/Module/Src/device.c **** 		}
 375              		.loc 1 99 4 view .LVU96
 376 0138 2B46     		mov	r3, r5
 377 013a 2246     		mov	r2, r4
 378 013c 0021     		movs	r1, #0
 379 013e 3046     		mov	r0, r6
 380 0140 FFF7FEFF 		bl	w25qxx_read
 381              	.LVL21:
 382 0144 C9E7     		b	.L14
 383              	.L20:
 384 0146 00BF     		.align	2
 385              	.L19:
 386 0148 00000000 		.word	log_buf_counter
 387 014c 00000000 		.word	log_buf
 388 0150 00000000 		.word	w25qxx
ARM GAS  /tmp/ccFhmRpA.s 			page 10


 389 0154 00000000 		.word	logs_config
 390 0158 00000000 		.word	current_address
 391 015c 00000000 		.word	res
 392 0160 00000000 		.word	current_log
 393 0164 00000000 		.word	config_buf
 394              		.cfi_endproc
 395              	.LFE160:
 397              		.section	.rodata.read_logs_to_sd.str1.4,"aMS",%progbits,1
 398              		.align	2
 399              	.LC0:
 400 0000 25642E74 		.ascii	"%d.txt\000"
 400      787400
 401              		.section	.text.read_logs_to_sd,"ax",%progbits
 402              		.align	1
 403              		.global	read_logs_to_sd
 404              		.syntax unified
 405              		.thumb
 406              		.thumb_func
 408              	read_logs_to_sd:
 409              	.LFB161:
 105:/home/dat/Documents/colir_one/rocket_code/Module/Src/device.c **** 
 106:/home/dat/Documents/colir_one/rocket_code/Module/Src/device.c **** FRESULT FR_Status;
 107:/home/dat/Documents/colir_one/rocket_code/Module/Src/device.c **** char end_of_the_line[2] = "\n";
 108:/home/dat/Documents/colir_one/rocket_code/Module/Src/device.c **** 
 109:/home/dat/Documents/colir_one/rocket_code/Module/Src/device.c **** void read_logs_to_sd(){
 410              		.loc 1 109 23 view -0
 411              		.cfi_startproc
 412              		@ args = 0, pretend = 0, frame = 64
 413              		@ frame_needed = 0, uses_anonymous_args = 0
 414 0000 2DE9F041 		push	{r4, r5, r6, r7, r8, lr}
 415              	.LCFI2:
 416              		.cfi_def_cfa_offset 24
 417              		.cfi_offset 4, -24
 418              		.cfi_offset 5, -20
 419              		.cfi_offset 6, -16
 420              		.cfi_offset 7, -12
 421              		.cfi_offset 8, -8
 422              		.cfi_offset 14, -4
 423 0004 90B0     		sub	sp, sp, #64
 424              	.LCFI3:
 425              		.cfi_def_cfa_offset 88
 110:/home/dat/Documents/colir_one/rocket_code/Module/Src/device.c **** 	FR_Status = f_mount(&SDFatFS, SDPath, 1);
 426              		.loc 1 110 2 view .LVU98
 427              		.loc 1 110 14 is_stmt 0 view .LVU99
 428 0006 0122     		movs	r2, #1
 429 0008 3349     		ldr	r1, .L37
 430 000a 3448     		ldr	r0, .L37+4
 431 000c FFF7FEFF 		bl	f_mount
 432              	.LVL22:
 433              		.loc 1 110 12 discriminator 1 view .LVU100
 434 0010 334B     		ldr	r3, .L37+8
 435 0012 1870     		strb	r0, [r3]
 111:/home/dat/Documents/colir_one/rocket_code/Module/Src/device.c **** 	if(FR_Status == FR_OK){
 436              		.loc 1 111 2 is_stmt 1 view .LVU101
 437              		.loc 1 111 4 is_stmt 0 view .LVU102
 438 0014 10B1     		cbz	r0, .L33
 439              	.L21:
ARM GAS  /tmp/ccFhmRpA.s 			page 11


 112:/home/dat/Documents/colir_one/rocket_code/Module/Src/device.c **** 		DIR dir;
 113:/home/dat/Documents/colir_one/rocket_code/Module/Src/device.c **** 		uint32_t lastAddress = CONFIG_SIZE;
 114:/home/dat/Documents/colir_one/rocket_code/Module/Src/device.c **** 		uint32_t currentReadAdress = CONFIG_SIZE;
 115:/home/dat/Documents/colir_one/rocket_code/Module/Src/device.c **** 		FR_Status = f_opendir(&dir, SDPath);
 116:/home/dat/Documents/colir_one/rocket_code/Module/Src/device.c **** 		if(FR_Status == FR_OK) {
 117:/home/dat/Documents/colir_one/rocket_code/Module/Src/device.c **** 			if(w25qxx.spiHandle->State != HAL_SPI_STATE_READY)
 118:/home/dat/Documents/colir_one/rocket_code/Module/Src/device.c **** 				HAL_SPI_Init(w25qxx.spiHandle);
 119:/home/dat/Documents/colir_one/rocket_code/Module/Src/device.c **** 
 120:/home/dat/Documents/colir_one/rocket_code/Module/Src/device.c **** 			for(uint8_t i = 1; i <= logs_config->last_log; i++){
 121:/home/dat/Documents/colir_one/rocket_code/Module/Src/device.c **** 				if(i < logs_config->last_log)
 122:/home/dat/Documents/colir_one/rocket_code/Module/Src/device.c **** 					lastAddress = logs_config->log_address[i];
 123:/home/dat/Documents/colir_one/rocket_code/Module/Src/device.c **** 				else
 124:/home/dat/Documents/colir_one/rocket_code/Module/Src/device.c **** 					lastAddress = logs_config->last_address;
 125:/home/dat/Documents/colir_one/rocket_code/Module/Src/device.c **** 
 126:/home/dat/Documents/colir_one/rocket_code/Module/Src/device.c **** 				char fileName[8];
 127:/home/dat/Documents/colir_one/rocket_code/Module/Src/device.c **** 				memset(&fileName, 0, sizeof(fileName));
 128:/home/dat/Documents/colir_one/rocket_code/Module/Src/device.c **** 				sprintf(fileName, "%d.txt", i);
 129:/home/dat/Documents/colir_one/rocket_code/Module/Src/device.c **** 				FR_Status = f_open(&SDFile, fileName, FA_WRITE | FA_READ | FA_CREATE_ALWAYS);
 130:/home/dat/Documents/colir_one/rocket_code/Module/Src/device.c **** 				if(FR_Status == FR_OK){
 131:/home/dat/Documents/colir_one/rocket_code/Module/Src/device.c **** 					currentReadAdress = logs_config->log_address[i - 1];
 132:/home/dat/Documents/colir_one/rocket_code/Module/Src/device.c **** 					for(uint32_t address = currentReadAdress; address < lastAddress; address += LOG_SIZE){
 133:/home/dat/Documents/colir_one/rocket_code/Module/Src/device.c **** 						w25qxx_read(&w25qxx, address, (uint8_t*)&buf, sizeof(buf));
 134:/home/dat/Documents/colir_one/rocket_code/Module/Src/device.c **** 						f_puts(&buf, &SDFile);
 135:/home/dat/Documents/colir_one/rocket_code/Module/Src/device.c **** 						f_puts(&end_of_the_line, &SDFile);
 136:/home/dat/Documents/colir_one/rocket_code/Module/Src/device.c **** 					}
 137:/home/dat/Documents/colir_one/rocket_code/Module/Src/device.c **** 					f_close(&SDFile);
 138:/home/dat/Documents/colir_one/rocket_code/Module/Src/device.c **** 				}
 139:/home/dat/Documents/colir_one/rocket_code/Module/Src/device.c **** 			}
 140:/home/dat/Documents/colir_one/rocket_code/Module/Src/device.c **** 			HAL_SPI_DeInit(w25qxx.spiHandle);
 141:/home/dat/Documents/colir_one/rocket_code/Module/Src/device.c **** 		}
 142:/home/dat/Documents/colir_one/rocket_code/Module/Src/device.c **** 		f_mount(&SDFatFS, (TCHAR const*)NULL, 0);
 143:/home/dat/Documents/colir_one/rocket_code/Module/Src/device.c **** 	}
 144:/home/dat/Documents/colir_one/rocket_code/Module/Src/device.c **** }
 440              		.loc 1 144 1 view .LVU103
 441 0016 10B0     		add	sp, sp, #64
 442              	.LCFI4:
 443              		.cfi_remember_state
 444              		.cfi_def_cfa_offset 24
 445              		@ sp needed
 446 0018 BDE8F081 		pop	{r4, r5, r6, r7, r8, pc}
 447              	.L33:
 448              	.LCFI5:
 449              		.cfi_restore_state
 450              	.LBB2:
 112:/home/dat/Documents/colir_one/rocket_code/Module/Src/device.c **** 		DIR dir;
 451              		.loc 1 112 3 is_stmt 1 view .LVU104
 113:/home/dat/Documents/colir_one/rocket_code/Module/Src/device.c **** 		uint32_t currentReadAdress = CONFIG_SIZE;
 452              		.loc 1 113 3 view .LVU105
 453              	.LVL23:
 114:/home/dat/Documents/colir_one/rocket_code/Module/Src/device.c **** 		FR_Status = f_opendir(&dir, SDPath);
 454              		.loc 1 114 3 view .LVU106
 115:/home/dat/Documents/colir_one/rocket_code/Module/Src/device.c **** 		if(FR_Status == FR_OK) {
 455              		.loc 1 115 3 view .LVU107
 115:/home/dat/Documents/colir_one/rocket_code/Module/Src/device.c **** 		if(FR_Status == FR_OK) {
 456              		.loc 1 115 15 is_stmt 0 view .LVU108
 457 001c 2E49     		ldr	r1, .L37
 458 001e 03A8     		add	r0, sp, #12
ARM GAS  /tmp/ccFhmRpA.s 			page 12


 459 0020 FFF7FEFF 		bl	f_opendir
 460              	.LVL24:
 115:/home/dat/Documents/colir_one/rocket_code/Module/Src/device.c **** 		if(FR_Status == FR_OK) {
 461              		.loc 1 115 13 discriminator 1 view .LVU109
 462 0024 2E4B     		ldr	r3, .L37+8
 463 0026 1870     		strb	r0, [r3]
 116:/home/dat/Documents/colir_one/rocket_code/Module/Src/device.c **** 			if(w25qxx.spiHandle->State != HAL_SPI_STATE_READY)
 464              		.loc 1 116 3 is_stmt 1 view .LVU110
 116:/home/dat/Documents/colir_one/rocket_code/Module/Src/device.c **** 			if(w25qxx.spiHandle->State != HAL_SPI_STATE_READY)
 465              		.loc 1 116 5 is_stmt 0 view .LVU111
 466 0028 0028     		cmp	r0, #0
 467 002a 4ED1     		bne	.L23
 117:/home/dat/Documents/colir_one/rocket_code/Module/Src/device.c **** 				HAL_SPI_Init(w25qxx.spiHandle);
 468              		.loc 1 117 4 is_stmt 1 view .LVU112
 117:/home/dat/Documents/colir_one/rocket_code/Module/Src/device.c **** 				HAL_SPI_Init(w25qxx.spiHandle);
 469              		.loc 1 117 13 is_stmt 0 view .LVU113
 470 002c 2D4B     		ldr	r3, .L37+12
 471 002e 1868     		ldr	r0, [r3]
 117:/home/dat/Documents/colir_one/rocket_code/Module/Src/device.c **** 				HAL_SPI_Init(w25qxx.spiHandle);
 472              		.loc 1 117 23 view .LVU114
 473 0030 90F85130 		ldrb	r3, [r0, #81]	@ zero_extendqisi2
 474 0034 DBB2     		uxtb	r3, r3
 117:/home/dat/Documents/colir_one/rocket_code/Module/Src/device.c **** 				HAL_SPI_Init(w25qxx.spiHandle);
 475              		.loc 1 117 6 view .LVU115
 476 0036 012B     		cmp	r3, #1
 477 0038 01D1     		bne	.L34
 478              	.L24:
 479              	.LBE2:
 109:/home/dat/Documents/colir_one/rocket_code/Module/Src/device.c **** 	FR_Status = f_mount(&SDFatFS, SDPath, 1);
 480              		.loc 1 109 23 view .LVU116
 481 003a 0125     		movs	r5, #1
 482 003c 16E0     		b	.L25
 483              	.L34:
 484              	.LBB7:
 118:/home/dat/Documents/colir_one/rocket_code/Module/Src/device.c **** 
 485              		.loc 1 118 5 is_stmt 1 view .LVU117
 486 003e FFF7FEFF 		bl	HAL_SPI_Init
 487              	.LVL25:
 488 0042 FAE7     		b	.L24
 489              	.LVL26:
 490              	.L26:
 491              	.LBB3:
 492              	.LBB4:
 124:/home/dat/Documents/colir_one/rocket_code/Module/Src/device.c **** 
 493              		.loc 1 124 6 view .LVU118
 124:/home/dat/Documents/colir_one/rocket_code/Module/Src/device.c **** 
 494              		.loc 1 124 18 is_stmt 0 view .LVU119
 495 0044 D3F80080 		ldr	r8, [r3]
 496              	.LVL27:
 497              	.L27:
 126:/home/dat/Documents/colir_one/rocket_code/Module/Src/device.c **** 				memset(&fileName, 0, sizeof(fileName));
 498              		.loc 1 126 5 is_stmt 1 view .LVU120
 127:/home/dat/Documents/colir_one/rocket_code/Module/Src/device.c **** 				sprintf(fileName, "%d.txt", i);
 499              		.loc 1 127 5 view .LVU121
 500 0048 0023     		movs	r3, #0
 501 004a 0193     		str	r3, [sp, #4]
 502 004c 0293     		str	r3, [sp, #8]
ARM GAS  /tmp/ccFhmRpA.s 			page 13


 128:/home/dat/Documents/colir_one/rocket_code/Module/Src/device.c **** 				FR_Status = f_open(&SDFile, fileName, FA_WRITE | FA_READ | FA_CREATE_ALWAYS);
 503              		.loc 1 128 5 view .LVU122
 504 004e 2A46     		mov	r2, r5
 505 0050 2549     		ldr	r1, .L37+16
 506 0052 01A8     		add	r0, sp, #4
 507 0054 FFF7FEFF 		bl	sprintf
 508              	.LVL28:
 129:/home/dat/Documents/colir_one/rocket_code/Module/Src/device.c **** 				if(FR_Status == FR_OK){
 509              		.loc 1 129 5 view .LVU123
 129:/home/dat/Documents/colir_one/rocket_code/Module/Src/device.c **** 				if(FR_Status == FR_OK){
 510              		.loc 1 129 17 is_stmt 0 view .LVU124
 511 0058 0B22     		movs	r2, #11
 512 005a 01A9     		add	r1, sp, #4
 513 005c 2348     		ldr	r0, .L37+20
 514 005e FFF7FEFF 		bl	f_open
 515              	.LVL29:
 129:/home/dat/Documents/colir_one/rocket_code/Module/Src/device.c **** 				if(FR_Status == FR_OK){
 516              		.loc 1 129 15 discriminator 1 view .LVU125
 517 0062 1F4B     		ldr	r3, .L37+8
 518 0064 1870     		strb	r0, [r3]
 130:/home/dat/Documents/colir_one/rocket_code/Module/Src/device.c **** 					currentReadAdress = logs_config->log_address[i - 1];
 519              		.loc 1 130 5 is_stmt 1 view .LVU126
 130:/home/dat/Documents/colir_one/rocket_code/Module/Src/device.c **** 					currentReadAdress = logs_config->log_address[i - 1];
 520              		.loc 1 130 7 is_stmt 0 view .LVU127
 521 0066 70B1     		cbz	r0, .L35
 522              	.L28:
 130:/home/dat/Documents/colir_one/rocket_code/Module/Src/device.c **** 					currentReadAdress = logs_config->log_address[i - 1];
 523              		.loc 1 130 7 view .LVU128
 524              	.LBE4:
 120:/home/dat/Documents/colir_one/rocket_code/Module/Src/device.c **** 				if(i < logs_config->last_log)
 525              		.loc 1 120 52 is_stmt 1 discriminator 2 view .LVU129
 526 0068 0135     		adds	r5, r5, #1
 527              	.LVL30:
 120:/home/dat/Documents/colir_one/rocket_code/Module/Src/device.c **** 				if(i < logs_config->last_log)
 528              		.loc 1 120 52 is_stmt 0 discriminator 2 view .LVU130
 529 006a EDB2     		uxtb	r5, r5
 530              	.LVL31:
 531              	.L25:
 120:/home/dat/Documents/colir_one/rocket_code/Module/Src/device.c **** 				if(i < logs_config->last_log)
 532              		.loc 1 120 25 is_stmt 1 discriminator 1 view .LVU131
 120:/home/dat/Documents/colir_one/rocket_code/Module/Src/device.c **** 				if(i < logs_config->last_log)
 533              		.loc 1 120 39 is_stmt 0 discriminator 1 view .LVU132
 534 006c 204B     		ldr	r3, .L37+24
 535 006e 1B68     		ldr	r3, [r3]
 536 0070 93F88420 		ldrb	r2, [r3, #132]	@ zero_extendqisi2
 120:/home/dat/Documents/colir_one/rocket_code/Module/Src/device.c **** 				if(i < logs_config->last_log)
 537              		.loc 1 120 25 discriminator 1 view .LVU133
 538 0074 AA42     		cmp	r2, r5
 539 0076 24D3     		bcc	.L36
 540              	.LBB6:
 121:/home/dat/Documents/colir_one/rocket_code/Module/Src/device.c **** 					lastAddress = logs_config->log_address[i];
 541              		.loc 1 121 5 is_stmt 1 view .LVU134
 121:/home/dat/Documents/colir_one/rocket_code/Module/Src/device.c **** 					lastAddress = logs_config->log_address[i];
 542              		.loc 1 121 7 is_stmt 0 view .LVU135
 543 0078 AA42     		cmp	r2, r5
 544 007a E3D9     		bls	.L26
 122:/home/dat/Documents/colir_one/rocket_code/Module/Src/device.c **** 				else
ARM GAS  /tmp/ccFhmRpA.s 			page 14


 545              		.loc 1 122 6 is_stmt 1 view .LVU136
 122:/home/dat/Documents/colir_one/rocket_code/Module/Src/device.c **** 				else
 546              		.loc 1 122 18 is_stmt 0 view .LVU137
 547 007c 03EB8503 		add	r3, r3, r5, lsl #2
 548 0080 D3F80480 		ldr	r8, [r3, #4]
 549              	.LVL32:
 122:/home/dat/Documents/colir_one/rocket_code/Module/Src/device.c **** 				else
 550              		.loc 1 122 18 view .LVU138
 551 0084 E0E7     		b	.L27
 552              	.L35:
 131:/home/dat/Documents/colir_one/rocket_code/Module/Src/device.c **** 					for(uint32_t address = currentReadAdress; address < lastAddress; address += LOG_SIZE){
 553              		.loc 1 131 6 is_stmt 1 view .LVU139
 131:/home/dat/Documents/colir_one/rocket_code/Module/Src/device.c **** 					for(uint32_t address = currentReadAdress; address < lastAddress; address += LOG_SIZE){
 554              		.loc 1 131 37 is_stmt 0 view .LVU140
 555 0086 1A4B     		ldr	r3, .L37+24
 556 0088 1B68     		ldr	r3, [r3]
 131:/home/dat/Documents/colir_one/rocket_code/Module/Src/device.c **** 					for(uint32_t address = currentReadAdress; address < lastAddress; address += LOG_SIZE){
 557              		.loc 1 131 53 view .LVU141
 558 008a 6A1E     		subs	r2, r5, #1
 131:/home/dat/Documents/colir_one/rocket_code/Module/Src/device.c **** 					for(uint32_t address = currentReadAdress; address < lastAddress; address += LOG_SIZE){
 559              		.loc 1 131 24 view .LVU142
 560 008c 03EB8203 		add	r3, r3, r2, lsl #2
 561 0090 5C68     		ldr	r4, [r3, #4]
 562              	.LVL33:
 132:/home/dat/Documents/colir_one/rocket_code/Module/Src/device.c **** 						w25qxx_read(&w25qxx, address, (uint8_t*)&buf, sizeof(buf));
 563              		.loc 1 132 6 is_stmt 1 view .LVU143
 564              	.LBB5:
 132:/home/dat/Documents/colir_one/rocket_code/Module/Src/device.c **** 						w25qxx_read(&w25qxx, address, (uint8_t*)&buf, sizeof(buf));
 565              		.loc 1 132 10 view .LVU144
 132:/home/dat/Documents/colir_one/rocket_code/Module/Src/device.c **** 						w25qxx_read(&w25qxx, address, (uint8_t*)&buf, sizeof(buf));
 566              		.loc 1 132 6 is_stmt 0 view .LVU145
 567 0092 10E0     		b	.L29
 568              	.LVL34:
 569              	.L30:
 133:/home/dat/Documents/colir_one/rocket_code/Module/Src/device.c **** 						f_puts(&buf, &SDFile);
 570              		.loc 1 133 7 is_stmt 1 view .LVU146
 571 0094 174F     		ldr	r7, .L37+28
 572 0096 2023     		movs	r3, #32
 573 0098 3A46     		mov	r2, r7
 574 009a 2146     		mov	r1, r4
 575 009c 1148     		ldr	r0, .L37+12
 576 009e FFF7FEFF 		bl	w25qxx_read
 577              	.LVL35:
 134:/home/dat/Documents/colir_one/rocket_code/Module/Src/device.c **** 						f_puts(&end_of_the_line, &SDFile);
 578              		.loc 1 134 7 view .LVU147
 579 00a2 124E     		ldr	r6, .L37+20
 580 00a4 3146     		mov	r1, r6
 581 00a6 3846     		mov	r0, r7
 582 00a8 FFF7FEFF 		bl	f_puts
 583              	.LVL36:
 135:/home/dat/Documents/colir_one/rocket_code/Module/Src/device.c **** 					}
 584              		.loc 1 135 7 view .LVU148
 585 00ac 3146     		mov	r1, r6
 586 00ae 1248     		ldr	r0, .L37+32
 587 00b0 FFF7FEFF 		bl	f_puts
 588              	.LVL37:
 132:/home/dat/Documents/colir_one/rocket_code/Module/Src/device.c **** 						w25qxx_read(&w25qxx, address, (uint8_t*)&buf, sizeof(buf));
ARM GAS  /tmp/ccFhmRpA.s 			page 15


 589              		.loc 1 132 79 discriminator 3 view .LVU149
 590 00b4 2034     		adds	r4, r4, #32
 591              	.LVL38:
 592              	.L29:
 132:/home/dat/Documents/colir_one/rocket_code/Module/Src/device.c **** 						w25qxx_read(&w25qxx, address, (uint8_t*)&buf, sizeof(buf));
 593              		.loc 1 132 56 discriminator 1 view .LVU150
 594 00b6 A045     		cmp	r8, r4
 595 00b8 ECD8     		bhi	.L30
 132:/home/dat/Documents/colir_one/rocket_code/Module/Src/device.c **** 						w25qxx_read(&w25qxx, address, (uint8_t*)&buf, sizeof(buf));
 596              		.loc 1 132 56 is_stmt 0 discriminator 1 view .LVU151
 597              	.LBE5:
 137:/home/dat/Documents/colir_one/rocket_code/Module/Src/device.c **** 				}
 598              		.loc 1 137 6 is_stmt 1 view .LVU152
 599 00ba 0C48     		ldr	r0, .L37+20
 600 00bc FFF7FEFF 		bl	f_close
 601              	.LVL39:
 602 00c0 D2E7     		b	.L28
 603              	.LVL40:
 604              	.L36:
 137:/home/dat/Documents/colir_one/rocket_code/Module/Src/device.c **** 				}
 605              		.loc 1 137 6 is_stmt 0 view .LVU153
 606              	.LBE6:
 607              	.LBE3:
 140:/home/dat/Documents/colir_one/rocket_code/Module/Src/device.c **** 		}
 608              		.loc 1 140 4 is_stmt 1 view .LVU154
 609 00c2 084B     		ldr	r3, .L37+12
 610 00c4 1868     		ldr	r0, [r3]
 611 00c6 FFF7FEFF 		bl	HAL_SPI_DeInit
 612              	.LVL41:
 613              	.L23:
 142:/home/dat/Documents/colir_one/rocket_code/Module/Src/device.c **** 	}
 614              		.loc 1 142 3 view .LVU155
 615 00ca 0022     		movs	r2, #0
 616 00cc 1146     		mov	r1, r2
 617 00ce 0348     		ldr	r0, .L37+4
 618 00d0 FFF7FEFF 		bl	f_mount
 619              	.LVL42:
 620              	.LBE7:
 621              		.loc 1 144 1 is_stmt 0 view .LVU156
 622 00d4 9FE7     		b	.L21
 623              	.L38:
 624 00d6 00BF     		.align	2
 625              	.L37:
 626 00d8 00000000 		.word	SDPath
 627 00dc 00000000 		.word	SDFatFS
 628 00e0 00000000 		.word	FR_Status
 629 00e4 00000000 		.word	w25qxx
 630 00e8 00000000 		.word	.LC0
 631 00ec 00000000 		.word	SDFile
 632 00f0 00000000 		.word	logs_config
 633 00f4 00000000 		.word	buf
 634 00f8 00000000 		.word	end_of_the_line
 635              		.cfi_endproc
 636              	.LFE161:
 638              		.section	.text.reset_logs,"ax",%progbits
 639              		.align	1
 640              		.global	reset_logs
ARM GAS  /tmp/ccFhmRpA.s 			page 16


 641              		.syntax unified
 642              		.thumb
 643              		.thumb_func
 645              	reset_logs:
 646              	.LFB162:
 145:/home/dat/Documents/colir_one/rocket_code/Module/Src/device.c **** 
 146:/home/dat/Documents/colir_one/rocket_code/Module/Src/device.c **** void reset_logs(){
 647              		.loc 1 146 18 is_stmt 1 view -0
 648              		.cfi_startproc
 649              		@ args = 0, pretend = 0, frame = 0
 650              		@ frame_needed = 0, uses_anonymous_args = 0
 651 0000 38B5     		push	{r3, r4, r5, lr}
 652              	.LCFI6:
 653              		.cfi_def_cfa_offset 16
 654              		.cfi_offset 3, -16
 655              		.cfi_offset 4, -12
 656              		.cfi_offset 5, -8
 657              		.cfi_offset 14, -4
 147:/home/dat/Documents/colir_one/rocket_code/Module/Src/device.c **** 	if(w25qxx.spiHandle->State != HAL_SPI_STATE_READY)
 658              		.loc 1 147 2 view .LVU158
 659              		.loc 1 147 11 is_stmt 0 view .LVU159
 660 0002 174B     		ldr	r3, .L45
 661 0004 1868     		ldr	r0, [r3]
 662              		.loc 1 147 21 view .LVU160
 663 0006 90F85130 		ldrb	r3, [r0, #81]	@ zero_extendqisi2
 664 000a DBB2     		uxtb	r3, r3
 665              		.loc 1 147 4 view .LVU161
 666 000c 012B     		cmp	r3, #1
 667 000e 18D1     		bne	.L43
 668              	.L40:
 148:/home/dat/Documents/colir_one/rocket_code/Module/Src/device.c **** 		HAL_SPI_Init(w25qxx.spiHandle);
 149:/home/dat/Documents/colir_one/rocket_code/Module/Src/device.c **** 
 150:/home/dat/Documents/colir_one/rocket_code/Module/Src/device.c **** 	w25qxx_chip_erase(&w25qxx);
 669              		.loc 1 150 2 is_stmt 1 view .LVU162
 670 0010 134D     		ldr	r5, .L45
 671 0012 2846     		mov	r0, r5
 672 0014 FFF7FEFF 		bl	w25qxx_chip_erase
 673              	.LVL43:
 151:/home/dat/Documents/colir_one/rocket_code/Module/Src/device.c **** 	w25qxx_read(&w25qxx, 0, (uint8_t*)&config_buf, sizeof(config_buf));
 674              		.loc 1 151 2 view .LVU163
 675 0018 124C     		ldr	r4, .L45+4
 676 001a 4FF40063 		mov	r3, #2048
 677 001e 2246     		mov	r2, r4
 678 0020 0021     		movs	r1, #0
 679 0022 2846     		mov	r0, r5
 680 0024 FFF7FEFF 		bl	w25qxx_read
 681              	.LVL44:
 152:/home/dat/Documents/colir_one/rocket_code/Module/Src/device.c **** 
 153:/home/dat/Documents/colir_one/rocket_code/Module/Src/device.c **** 	logs_config = (flash_config*)config_buf;
 682              		.loc 1 153 2 view .LVU164
 683              		.loc 1 153 14 is_stmt 0 view .LVU165
 684 0028 0F4B     		ldr	r3, .L45+8
 685 002a 1C60     		str	r4, [r3]
 154:/home/dat/Documents/colir_one/rocket_code/Module/Src/device.c **** 	if(logs_config->last_log == 0 || logs_config->last_log == 255){
 686              		.loc 1 154 2 is_stmt 1 view .LVU166
 687              		.loc 1 154 16 is_stmt 0 view .LVU167
 688 002c 94F88430 		ldrb	r3, [r4, #132]	@ zero_extendqisi2
ARM GAS  /tmp/ccFhmRpA.s 			page 17


 689              		.loc 1 154 32 view .LVU168
 690 0030 013B     		subs	r3, r3, #1
 691 0032 DBB2     		uxtb	r3, r3
 692              		.loc 1 154 4 view .LVU169
 693 0034 FD2B     		cmp	r3, #253
 694 0036 07D8     		bhi	.L44
 695              	.L41:
 155:/home/dat/Documents/colir_one/rocket_code/Module/Src/device.c **** 		logs_config->last_log = 0;
 156:/home/dat/Documents/colir_one/rocket_code/Module/Src/device.c **** 		logs_config->last_address = CONFIG_SIZE;
 157:/home/dat/Documents/colir_one/rocket_code/Module/Src/device.c **** 		memset(&logs_config->log_address, 0, sizeof(logs_config->log_address));
 158:/home/dat/Documents/colir_one/rocket_code/Module/Src/device.c **** 	}
 159:/home/dat/Documents/colir_one/rocket_code/Module/Src/device.c **** 	HAL_SPI_DeInit(w25qxx.spiHandle);
 696              		.loc 1 159 2 is_stmt 1 view .LVU170
 697 0038 094B     		ldr	r3, .L45
 698 003a 1868     		ldr	r0, [r3]
 699 003c FFF7FEFF 		bl	HAL_SPI_DeInit
 700              	.LVL45:
 160:/home/dat/Documents/colir_one/rocket_code/Module/Src/device.c **** }
 701              		.loc 1 160 1 is_stmt 0 view .LVU171
 702 0040 38BD     		pop	{r3, r4, r5, pc}
 703              	.L43:
 148:/home/dat/Documents/colir_one/rocket_code/Module/Src/device.c **** 
 704              		.loc 1 148 3 is_stmt 1 view .LVU172
 705 0042 FFF7FEFF 		bl	HAL_SPI_Init
 706              	.LVL46:
 707 0046 E3E7     		b	.L40
 708              	.L44:
 155:/home/dat/Documents/colir_one/rocket_code/Module/Src/device.c **** 		logs_config->last_log = 0;
 709              		.loc 1 155 3 view .LVU173
 155:/home/dat/Documents/colir_one/rocket_code/Module/Src/device.c **** 		logs_config->last_log = 0;
 710              		.loc 1 155 25 is_stmt 0 view .LVU174
 711 0048 2046     		mov	r0, r4
 712 004a 0021     		movs	r1, #0
 713 004c 84F88410 		strb	r1, [r4, #132]
 156:/home/dat/Documents/colir_one/rocket_code/Module/Src/device.c **** 		memset(&logs_config->log_address, 0, sizeof(logs_config->log_address));
 714              		.loc 1 156 3 is_stmt 1 view .LVU175
 156:/home/dat/Documents/colir_one/rocket_code/Module/Src/device.c **** 		memset(&logs_config->log_address, 0, sizeof(logs_config->log_address));
 715              		.loc 1 156 29 is_stmt 0 view .LVU176
 716 0050 4FF40063 		mov	r3, #2048
 717 0054 40F8043B 		str	r3, [r0], #4
 157:/home/dat/Documents/colir_one/rocket_code/Module/Src/device.c **** 	}
 718              		.loc 1 157 3 is_stmt 1 view .LVU177
 719 0058 8022     		movs	r2, #128
 720 005a FFF7FEFF 		bl	memset
 721              	.LVL47:
 722 005e EBE7     		b	.L41
 723              	.L46:
 724              		.align	2
 725              	.L45:
 726 0060 00000000 		.word	w25qxx
 727 0064 00000000 		.word	config_buf
 728 0068 00000000 		.word	logs_config
 729              		.cfi_endproc
 730              	.LFE162:
 732              		.section	.text.get_logs_config,"ax",%progbits
 733              		.align	1
 734              		.global	get_logs_config
ARM GAS  /tmp/ccFhmRpA.s 			page 18


 735              		.syntax unified
 736              		.thumb
 737              		.thumb_func
 739              	get_logs_config:
 740              	.LFB163:
 161:/home/dat/Documents/colir_one/rocket_code/Module/Src/device.c **** 
 162:/home/dat/Documents/colir_one/rocket_code/Module/Src/device.c **** flash_config* get_logs_config() {
 741              		.loc 1 162 33 view -0
 742              		.cfi_startproc
 743              		@ args = 0, pretend = 0, frame = 0
 744              		@ frame_needed = 0, uses_anonymous_args = 0
 745              		@ link register save eliminated.
 163:/home/dat/Documents/colir_one/rocket_code/Module/Src/device.c **** 	return logs_config;
 746              		.loc 1 163 2 view .LVU179
 164:/home/dat/Documents/colir_one/rocket_code/Module/Src/device.c **** }
 747              		.loc 1 164 1 is_stmt 0 view .LVU180
 748 0000 014B     		ldr	r3, .L48
 749 0002 1868     		ldr	r0, [r3]
 750 0004 7047     		bx	lr
 751              	.L49:
 752 0006 00BF     		.align	2
 753              	.L48:
 754 0008 00000000 		.word	logs_config
 755              		.cfi_endproc
 756              	.LFE163:
 758              		.global	end_of_the_line
 759              		.section	.data.end_of_the_line,"aw"
 760              		.align	2
 763              	end_of_the_line:
 764 0000 0A00     		.ascii	"\012\000"
 765              		.global	FR_Status
 766              		.section	.bss.FR_Status,"aw",%nobits
 769              	FR_Status:
 770 0000 00       		.space	1
 771              		.global	res
 772              		.section	.bss.res,"aw",%nobits
 775              	res:
 776 0000 00       		.space	1
 777              		.global	log_buf_counter
 778              		.section	.bss.log_buf_counter,"aw",%nobits
 779              		.align	1
 782              	log_buf_counter:
 783 0000 0000     		.space	2
 784              		.global	current_address
 785              		.section	.bss.current_address,"aw",%nobits
 786              		.align	2
 789              	current_address:
 790 0000 00000000 		.space	4
 791              		.global	current_log
 792              		.section	.data.current_log,"aw"
 795              	current_log:
 796 0000 FF       		.byte	-1
 797              		.global	logs_buf_counter
 798              		.section	.bss.logs_buf_counter,"aw",%nobits
 801              	logs_buf_counter:
 802 0000 00       		.space	1
 803              		.global	logs_config
ARM GAS  /tmp/ccFhmRpA.s 			page 19


 804              		.section	.bss.logs_config,"aw",%nobits
 805              		.align	2
 808              	logs_config:
 809 0000 00000000 		.space	4
 810              		.global	config_buf
 811              		.section	.bss.config_buf,"aw",%nobits
 812              		.align	2
 815              	config_buf:
 816 0000 00000000 		.space	2048
 816      00000000 
 816      00000000 
 816      00000000 
 816      00000000 
 817              		.global	log_buf
 818              		.section	.bss.log_buf,"aw",%nobits
 819              		.align	2
 822              	log_buf:
 823 0000 00000000 		.space	1024
 823      00000000 
 823      00000000 
 823      00000000 
 823      00000000 
 824              		.global	buf
 825              		.section	.bss.buf,"aw",%nobits
 826              		.align	2
 829              	buf:
 830 0000 00000000 		.space	32
 830      00000000 
 830      00000000 
 830      00000000 
 830      00000000 
 831              		.global	flash_size
 832              		.section	.bss.flash_size,"aw",%nobits
 833              		.align	2
 836              	flash_size:
 837 0000 00000000 		.space	4
 838              		.global	sectors
 839              		.section	.bss.sectors,"aw",%nobits
 840              		.align	2
 843              	sectors:
 844 0000 00000000 		.space	4
 845              		.global	w25qxx
 846              		.section	.bss.w25qxx,"aw",%nobits
 847              		.align	2
 850              	w25qxx:
 851 0000 00000000 		.space	40
 851      00000000 
 851      00000000 
 851      00000000 
 851      00000000 
 852              		.text
 853              	.Letext0:
 854              		.file 2 "/home/dat/.config/Code/User/globalStorage/litaitech.stm32-colir-one/@xpack-dev-tools/arm-
 855              		.file 3 "/home/dat/.config/Code/User/globalStorage/litaitech.stm32-colir-one/@xpack-dev-tools/arm-
 856              		.file 4 "/home/dat/.config/Code/User/globalStorage/litaitech.stm32-colir-one/@xpack-dev-tools/arm-
 857              		.file 5 "/home/dat/Documents/colir_one/rocket_code/Drivers/CMSIS/Device/ST/STM32F4xx/Include/stm32
 858              		.file 6 "/home/dat/Documents/colir_one/rocket_code/Drivers/STM32F4xx_HAL_Driver/Inc/stm32f4xx_hal_
ARM GAS  /tmp/ccFhmRpA.s 			page 20


 859              		.file 7 "/home/dat/Documents/colir_one/rocket_code/Drivers/STM32F4xx_HAL_Driver/Inc/stm32f4xx_hal_
 860              		.file 8 "/home/dat/Documents/colir_one/rocket_code/Drivers/STM32F4xx_HAL_Driver/Inc/stm32f4xx_hal_
 861              		.file 9 "/home/dat/Documents/colir_one/rocket_code/Module/Inc/device.h"
 862              		.file 10 "/home/dat/Documents/colir_one/rocket_code/Module/Inc/w25qxx.h"
 863              		.file 11 "/home/dat/Documents/colir_one/rocket_code/Middlewares/Third_Party/FatFs/src/integer.h"
 864              		.file 12 "/home/dat/Documents/colir_one/rocket_code/Middlewares/Third_Party/FatFs/src/ff.h"
 865              		.file 13 "/home/dat/Documents/colir_one/rocket_code/FATFS/App/fatfs.h"
 866              		.file 14 "/home/dat/.config/Code/User/globalStorage/litaitech.stm32-colir-one/@xpack-dev-tools/arm
 867              		.file 15 "/home/dat/.config/Code/User/globalStorage/litaitech.stm32-colir-one/@xpack-dev-tools/arm
 868              		.file 16 "<built-in>"
 869              		.file 17 "/home/dat/Documents/colir_one/rocket_code/Drivers/STM32F4xx_HAL_Driver/Inc/stm32f4xx_hal
ARM GAS  /tmp/ccFhmRpA.s 			page 21


DEFINED SYMBOLS
                            *ABS*:00000000 device.c
     /tmp/ccFhmRpA.s:21     .text.colir_one_init:00000000 $t
     /tmp/ccFhmRpA.s:27     .text.colir_one_init:00000000 colir_one_init
     /tmp/ccFhmRpA.s:135    .text.colir_one_init:0000007c $d
     /tmp/ccFhmRpA.s:850    .bss.w25qxx:00000000 w25qxx
     /tmp/ccFhmRpA.s:775    .bss.res:00000000 res
     /tmp/ccFhmRpA.s:843    .bss.sectors:00000000 sectors
     /tmp/ccFhmRpA.s:836    .bss.flash_size:00000000 flash_size
     /tmp/ccFhmRpA.s:815    .bss.config_buf:00000000 config_buf
     /tmp/ccFhmRpA.s:808    .bss.logs_config:00000000 logs_config
     /tmp/ccFhmRpA.s:146    .text.log_data:00000000 $t
     /tmp/ccFhmRpA.s:152    .text.log_data:00000000 log_data
     /tmp/ccFhmRpA.s:386    .text.log_data:00000148 $d
     /tmp/ccFhmRpA.s:782    .bss.log_buf_counter:00000000 log_buf_counter
     /tmp/ccFhmRpA.s:822    .bss.log_buf:00000000 log_buf
     /tmp/ccFhmRpA.s:789    .bss.current_address:00000000 current_address
     /tmp/ccFhmRpA.s:795    .data.current_log:00000000 current_log
     /tmp/ccFhmRpA.s:398    .rodata.read_logs_to_sd.str1.4:00000000 $d
     /tmp/ccFhmRpA.s:402    .text.read_logs_to_sd:00000000 $t
     /tmp/ccFhmRpA.s:408    .text.read_logs_to_sd:00000000 read_logs_to_sd
     /tmp/ccFhmRpA.s:626    .text.read_logs_to_sd:000000d8 $d
     /tmp/ccFhmRpA.s:769    .bss.FR_Status:00000000 FR_Status
     /tmp/ccFhmRpA.s:829    .bss.buf:00000000 buf
     /tmp/ccFhmRpA.s:763    .data.end_of_the_line:00000000 end_of_the_line
     /tmp/ccFhmRpA.s:639    .text.reset_logs:00000000 $t
     /tmp/ccFhmRpA.s:645    .text.reset_logs:00000000 reset_logs
     /tmp/ccFhmRpA.s:726    .text.reset_logs:00000060 $d
     /tmp/ccFhmRpA.s:733    .text.get_logs_config:00000000 $t
     /tmp/ccFhmRpA.s:739    .text.get_logs_config:00000000 get_logs_config
     /tmp/ccFhmRpA.s:754    .text.get_logs_config:00000008 $d
     /tmp/ccFhmRpA.s:760    .data.end_of_the_line:00000000 $d
     /tmp/ccFhmRpA.s:770    .bss.FR_Status:00000000 $d
     /tmp/ccFhmRpA.s:776    .bss.res:00000000 $d
     /tmp/ccFhmRpA.s:779    .bss.log_buf_counter:00000000 $d
     /tmp/ccFhmRpA.s:786    .bss.current_address:00000000 $d
     /tmp/ccFhmRpA.s:801    .bss.logs_buf_counter:00000000 logs_buf_counter
     /tmp/ccFhmRpA.s:802    .bss.logs_buf_counter:00000000 $d
     /tmp/ccFhmRpA.s:805    .bss.logs_config:00000000 $d
     /tmp/ccFhmRpA.s:812    .bss.config_buf:00000000 $d
     /tmp/ccFhmRpA.s:819    .bss.log_buf:00000000 $d
     /tmp/ccFhmRpA.s:826    .bss.buf:00000000 $d
     /tmp/ccFhmRpA.s:833    .bss.flash_size:00000000 $d
     /tmp/ccFhmRpA.s:840    .bss.sectors:00000000 $d
     /tmp/ccFhmRpA.s:847    .bss.w25qxx:00000000 $d

UNDEFINED SYMBOLS
w25qxx_init
w25qxx_read
HAL_SPI_DeInit
HAL_SPI_Init
memset
w25qxx_erase
HAL_Delay
w25qxx_write
memcpy
f_mount
ARM GAS  /tmp/ccFhmRpA.s 			page 22


f_opendir
sprintf
f_open
f_puts
f_close
SDPath
SDFatFS
SDFile
w25qxx_chip_erase
