ARM GAS  /tmp/ccti1zYd.s 			page 1


   1              		.cpu cortex-m4
   2              		.arch armv7e-m
   3              		.fpu fpv4-sp-d16
   4              		.eabi_attribute 27, 1
   5              		.eabi_attribute 28, 1
   6              		.eabi_attribute 20, 1
   7              		.eabi_attribute 21, 1
   8              		.eabi_attribute 23, 3
   9              		.eabi_attribute 24, 1
  10              		.eabi_attribute 25, 1
  11              		.eabi_attribute 26, 1
  12              		.eabi_attribute 30, 1
  13              		.eabi_attribute 34, 1
  14              		.eabi_attribute 18, 4
  15              		.file	"diskio.c"
  16              		.text
  17              	.Ltext0:
  18              		.cfi_sections	.debug_frame
  19              		.file 1 "Middlewares/Third_Party/FatFs/src/diskio.c"
  20              		.section	.text.disk_status,"ax",%progbits
  21              		.align	1
  22              		.global	disk_status
  23              		.syntax unified
  24              		.thumb
  25              		.thumb_func
  27              	disk_status:
  28              	.LVL0:
  29              	.LFB134:
   1:Middlewares/Third_Party/FatFs/src/diskio.c **** /*-----------------------------------------------------------------------*/
   2:Middlewares/Third_Party/FatFs/src/diskio.c **** /* Low level disk I/O module skeleton for FatFs     (C)ChaN, 2017        */
   3:Middlewares/Third_Party/FatFs/src/diskio.c **** /*                                                                       */
   4:Middlewares/Third_Party/FatFs/src/diskio.c **** /*   Portions COPYRIGHT 2017 STMicroelectronics                          */
   5:Middlewares/Third_Party/FatFs/src/diskio.c **** /*   Portions Copyright (C) 2017, ChaN, all right reserved               */
   6:Middlewares/Third_Party/FatFs/src/diskio.c **** /*-----------------------------------------------------------------------*/
   7:Middlewares/Third_Party/FatFs/src/diskio.c **** /* If a working storage control module is available, it should be        */
   8:Middlewares/Third_Party/FatFs/src/diskio.c **** /* attached to the FatFs via a glue function rather than modifying it.   */
   9:Middlewares/Third_Party/FatFs/src/diskio.c **** /* This is an example of glue functions to attach various existing      */
  10:Middlewares/Third_Party/FatFs/src/diskio.c **** /* storage control modules to the FatFs module with a defined API.       */
  11:Middlewares/Third_Party/FatFs/src/diskio.c **** /*-----------------------------------------------------------------------*/
  12:Middlewares/Third_Party/FatFs/src/diskio.c **** 
  13:Middlewares/Third_Party/FatFs/src/diskio.c **** /* Includes ------------------------------------------------------------------*/
  14:Middlewares/Third_Party/FatFs/src/diskio.c **** #include "diskio.h"
  15:Middlewares/Third_Party/FatFs/src/diskio.c **** #include "ff_gen_drv.h"
  16:Middlewares/Third_Party/FatFs/src/diskio.c **** 
  17:Middlewares/Third_Party/FatFs/src/diskio.c **** #if defined ( __GNUC__ )
  18:Middlewares/Third_Party/FatFs/src/diskio.c **** #ifndef __weak
  19:Middlewares/Third_Party/FatFs/src/diskio.c **** #define __weak __attribute__((weak))
  20:Middlewares/Third_Party/FatFs/src/diskio.c **** #endif
  21:Middlewares/Third_Party/FatFs/src/diskio.c **** #endif
  22:Middlewares/Third_Party/FatFs/src/diskio.c **** 
  23:Middlewares/Third_Party/FatFs/src/diskio.c **** /* Private typedef -----------------------------------------------------------*/
  24:Middlewares/Third_Party/FatFs/src/diskio.c **** /* Private define ------------------------------------------------------------*/
  25:Middlewares/Third_Party/FatFs/src/diskio.c **** /* Private variables ---------------------------------------------------------*/
  26:Middlewares/Third_Party/FatFs/src/diskio.c **** extern Disk_drvTypeDef  disk;
  27:Middlewares/Third_Party/FatFs/src/diskio.c **** 
  28:Middlewares/Third_Party/FatFs/src/diskio.c **** /* Private function prototypes -----------------------------------------------*/
  29:Middlewares/Third_Party/FatFs/src/diskio.c **** /* Private functions ---------------------------------------------------------*/
ARM GAS  /tmp/ccti1zYd.s 			page 2


  30:Middlewares/Third_Party/FatFs/src/diskio.c **** 
  31:Middlewares/Third_Party/FatFs/src/diskio.c **** /**
  32:Middlewares/Third_Party/FatFs/src/diskio.c ****   * @brief  Gets Disk Status
  33:Middlewares/Third_Party/FatFs/src/diskio.c ****   * @param  pdrv: Physical drive number (0..)
  34:Middlewares/Third_Party/FatFs/src/diskio.c ****   * @retval DSTATUS: Operation status
  35:Middlewares/Third_Party/FatFs/src/diskio.c ****   */
  36:Middlewares/Third_Party/FatFs/src/diskio.c **** DSTATUS disk_status (
  37:Middlewares/Third_Party/FatFs/src/diskio.c **** 	BYTE pdrv		/* Physical drive number to identify the drive */
  38:Middlewares/Third_Party/FatFs/src/diskio.c **** )
  39:Middlewares/Third_Party/FatFs/src/diskio.c **** {
  30              		.loc 1 39 1 view -0
  31              		.cfi_startproc
  32              		@ args = 0, pretend = 0, frame = 0
  33              		@ frame_needed = 0, uses_anonymous_args = 0
  34              		.loc 1 39 1 is_stmt 0 view .LVU1
  35 0000 08B5     		push	{r3, lr}
  36              	.LCFI0:
  37              		.cfi_def_cfa_offset 8
  38              		.cfi_offset 3, -8
  39              		.cfi_offset 14, -4
  40:Middlewares/Third_Party/FatFs/src/diskio.c ****   DSTATUS stat;
  40              		.loc 1 40 3 is_stmt 1 view .LVU2
  41:Middlewares/Third_Party/FatFs/src/diskio.c **** 
  42:Middlewares/Third_Party/FatFs/src/diskio.c ****   stat = disk.drv[pdrv]->disk_status(disk.lun[pdrv]);
  41              		.loc 1 42 3 view .LVU3
  42              		.loc 1 42 18 is_stmt 0 view .LVU4
  43 0002 044B     		ldr	r3, .L3
  44 0004 03EB8002 		add	r2, r3, r0, lsl #2
  45 0008 5268     		ldr	r2, [r2, #4]
  46              		.loc 1 42 24 view .LVU5
  47 000a 5268     		ldr	r2, [r2, #4]
  48              		.loc 1 42 10 view .LVU6
  49 000c 0344     		add	r3, r3, r0
  50 000e 187A     		ldrb	r0, [r3, #8]	@ zero_extendqisi2
  51              	.LVL1:
  52              		.loc 1 42 10 view .LVU7
  53 0010 9047     		blx	r2
  54              	.LVL2:
  43:Middlewares/Third_Party/FatFs/src/diskio.c ****   return stat;
  55              		.loc 1 43 3 is_stmt 1 view .LVU8
  44:Middlewares/Third_Party/FatFs/src/diskio.c **** }
  56              		.loc 1 44 1 is_stmt 0 view .LVU9
  57 0012 08BD     		pop	{r3, pc}
  58              	.L4:
  59              		.align	2
  60              	.L3:
  61 0014 00000000 		.word	disk
  62              		.cfi_endproc
  63              	.LFE134:
  65              		.section	.text.disk_initialize,"ax",%progbits
  66              		.align	1
  67              		.global	disk_initialize
  68              		.syntax unified
  69              		.thumb
  70              		.thumb_func
  72              	disk_initialize:
  73              	.LVL3:
ARM GAS  /tmp/ccti1zYd.s 			page 3


  74              	.LFB135:
  45:Middlewares/Third_Party/FatFs/src/diskio.c **** 
  46:Middlewares/Third_Party/FatFs/src/diskio.c **** /**
  47:Middlewares/Third_Party/FatFs/src/diskio.c ****   * @brief  Initializes a Drive
  48:Middlewares/Third_Party/FatFs/src/diskio.c ****   * @param  pdrv: Physical drive number (0..)
  49:Middlewares/Third_Party/FatFs/src/diskio.c ****   * @retval DSTATUS: Operation status
  50:Middlewares/Third_Party/FatFs/src/diskio.c ****   */
  51:Middlewares/Third_Party/FatFs/src/diskio.c **** DSTATUS disk_initialize (
  52:Middlewares/Third_Party/FatFs/src/diskio.c **** 	BYTE pdrv				/* Physical drive nmuber to identify the drive */
  53:Middlewares/Third_Party/FatFs/src/diskio.c **** )
  54:Middlewares/Third_Party/FatFs/src/diskio.c **** {
  75              		.loc 1 54 1 is_stmt 1 view -0
  76              		.cfi_startproc
  77              		@ args = 0, pretend = 0, frame = 0
  78              		@ frame_needed = 0, uses_anonymous_args = 0
  55:Middlewares/Third_Party/FatFs/src/diskio.c ****   DSTATUS stat = RES_OK;
  79              		.loc 1 55 3 view .LVU11
  56:Middlewares/Third_Party/FatFs/src/diskio.c **** 
  57:Middlewares/Third_Party/FatFs/src/diskio.c ****   if(disk.is_initialized[pdrv] == 0)
  80              		.loc 1 57 3 view .LVU12
  81              		.loc 1 57 25 is_stmt 0 view .LVU13
  82 0000 094B     		ldr	r3, .L12
  83 0002 1B5C     		ldrb	r3, [r3, r0]	@ zero_extendqisi2
  84              		.loc 1 57 5 view .LVU14
  85 0004 73B9     		cbnz	r3, .L7
  54:Middlewares/Third_Party/FatFs/src/diskio.c ****   DSTATUS stat = RES_OK;
  86              		.loc 1 54 1 view .LVU15
  87 0006 10B5     		push	{r4, lr}
  88              	.LCFI1:
  89              		.cfi_def_cfa_offset 8
  90              		.cfi_offset 4, -8
  91              		.cfi_offset 14, -4
  92 0008 0446     		mov	r4, r0
  58:Middlewares/Third_Party/FatFs/src/diskio.c ****   {
  59:Middlewares/Third_Party/FatFs/src/diskio.c ****     stat = disk.drv[pdrv]->disk_initialize(disk.lun[pdrv]);
  93              		.loc 1 59 5 is_stmt 1 view .LVU16
  94              		.loc 1 59 20 is_stmt 0 view .LVU17
  95 000a 074B     		ldr	r3, .L12
  96 000c 03EB8002 		add	r2, r3, r0, lsl #2
  97 0010 5268     		ldr	r2, [r2, #4]
  98              		.loc 1 59 26 view .LVU18
  99 0012 1268     		ldr	r2, [r2]
 100              		.loc 1 59 12 view .LVU19
 101 0014 0344     		add	r3, r3, r0
 102 0016 187A     		ldrb	r0, [r3, #8]	@ zero_extendqisi2
 103              	.LVL4:
 104              		.loc 1 59 12 view .LVU20
 105 0018 9047     		blx	r2
 106              	.LVL5:
  60:Middlewares/Third_Party/FatFs/src/diskio.c ****     if(stat == RES_OK)
 107              		.loc 1 60 5 is_stmt 1 view .LVU21
 108              		.loc 1 60 7 is_stmt 0 view .LVU22
 109 001a 10B9     		cbnz	r0, .L6
  61:Middlewares/Third_Party/FatFs/src/diskio.c ****     {
  62:Middlewares/Third_Party/FatFs/src/diskio.c ****       disk.is_initialized[pdrv] = 1;
 110              		.loc 1 62 7 is_stmt 1 view .LVU23
 111              		.loc 1 62 33 is_stmt 0 view .LVU24
ARM GAS  /tmp/ccti1zYd.s 			page 4


 112 001c 024B     		ldr	r3, .L12
 113 001e 0122     		movs	r2, #1
 114 0020 1A55     		strb	r2, [r3, r4]
 115              	.L6:
  63:Middlewares/Third_Party/FatFs/src/diskio.c ****     }
  64:Middlewares/Third_Party/FatFs/src/diskio.c ****   }
  65:Middlewares/Third_Party/FatFs/src/diskio.c ****   return stat;
 116              		.loc 1 65 3 is_stmt 1 view .LVU25
  66:Middlewares/Third_Party/FatFs/src/diskio.c **** }
 117              		.loc 1 66 1 is_stmt 0 view .LVU26
 118 0022 10BD     		pop	{r4, pc}
 119              	.LVL6:
 120              	.L7:
 121              	.LCFI2:
 122              		.cfi_def_cfa_offset 0
 123              		.cfi_restore 4
 124              		.cfi_restore 14
  55:Middlewares/Third_Party/FatFs/src/diskio.c **** 
 125              		.loc 1 55 11 view .LVU27
 126 0024 0020     		movs	r0, #0
 127              	.LVL7:
  65:Middlewares/Third_Party/FatFs/src/diskio.c **** }
 128              		.loc 1 65 3 is_stmt 1 view .LVU28
 129              		.loc 1 66 1 is_stmt 0 view .LVU29
 130 0026 7047     		bx	lr
 131              	.L13:
 132              		.align	2
 133              	.L12:
 134 0028 00000000 		.word	disk
 135              		.cfi_endproc
 136              	.LFE135:
 138              		.section	.text.disk_read,"ax",%progbits
 139              		.align	1
 140              		.global	disk_read
 141              		.syntax unified
 142              		.thumb
 143              		.thumb_func
 145              	disk_read:
 146              	.LVL8:
 147              	.LFB136:
  67:Middlewares/Third_Party/FatFs/src/diskio.c **** 
  68:Middlewares/Third_Party/FatFs/src/diskio.c **** /**
  69:Middlewares/Third_Party/FatFs/src/diskio.c ****   * @brief  Reads Sector(s)
  70:Middlewares/Third_Party/FatFs/src/diskio.c ****   * @param  pdrv: Physical drive number (0..)
  71:Middlewares/Third_Party/FatFs/src/diskio.c ****   * @param  *buff: Data buffer to store read data
  72:Middlewares/Third_Party/FatFs/src/diskio.c ****   * @param  sector: Sector address (LBA)
  73:Middlewares/Third_Party/FatFs/src/diskio.c ****   * @param  count: Number of sectors to read (1..128)
  74:Middlewares/Third_Party/FatFs/src/diskio.c ****   * @retval DRESULT: Operation result
  75:Middlewares/Third_Party/FatFs/src/diskio.c ****   */
  76:Middlewares/Third_Party/FatFs/src/diskio.c **** DRESULT disk_read (
  77:Middlewares/Third_Party/FatFs/src/diskio.c **** 	BYTE pdrv,		/* Physical drive nmuber to identify the drive */
  78:Middlewares/Third_Party/FatFs/src/diskio.c **** 	BYTE *buff,		/* Data buffer to store read data */
  79:Middlewares/Third_Party/FatFs/src/diskio.c **** 	DWORD sector,	        /* Sector address in LBA */
  80:Middlewares/Third_Party/FatFs/src/diskio.c **** 	UINT count		/* Number of sectors to read */
  81:Middlewares/Third_Party/FatFs/src/diskio.c **** )
  82:Middlewares/Third_Party/FatFs/src/diskio.c **** {
 148              		.loc 1 82 1 is_stmt 1 view -0
ARM GAS  /tmp/ccti1zYd.s 			page 5


 149              		.cfi_startproc
 150              		@ args = 0, pretend = 0, frame = 0
 151              		@ frame_needed = 0, uses_anonymous_args = 0
 152              		.loc 1 82 1 is_stmt 0 view .LVU31
 153 0000 38B5     		push	{r3, r4, r5, lr}
 154              	.LCFI3:
 155              		.cfi_def_cfa_offset 16
 156              		.cfi_offset 3, -16
 157              		.cfi_offset 4, -12
 158              		.cfi_offset 5, -8
 159              		.cfi_offset 14, -4
  83:Middlewares/Third_Party/FatFs/src/diskio.c ****   DRESULT res;
 160              		.loc 1 83 3 is_stmt 1 view .LVU32
  84:Middlewares/Third_Party/FatFs/src/diskio.c **** 
  85:Middlewares/Third_Party/FatFs/src/diskio.c ****   res = disk.drv[pdrv]->disk_read(disk.lun[pdrv], buff, sector, count);
 161              		.loc 1 85 3 view .LVU33
 162              		.loc 1 85 17 is_stmt 0 view .LVU34
 163 0002 044C     		ldr	r4, .L16
 164 0004 04EB8005 		add	r5, r4, r0, lsl #2
 165 0008 6D68     		ldr	r5, [r5, #4]
 166              		.loc 1 85 23 view .LVU35
 167 000a AD68     		ldr	r5, [r5, #8]
 168              		.loc 1 85 9 view .LVU36
 169 000c 0444     		add	r4, r4, r0
 170 000e 207A     		ldrb	r0, [r4, #8]	@ zero_extendqisi2
 171              	.LVL9:
 172              		.loc 1 85 9 view .LVU37
 173 0010 A847     		blx	r5
 174              	.LVL10:
  86:Middlewares/Third_Party/FatFs/src/diskio.c ****   return res;
 175              		.loc 1 86 3 is_stmt 1 view .LVU38
  87:Middlewares/Third_Party/FatFs/src/diskio.c **** }
 176              		.loc 1 87 1 is_stmt 0 view .LVU39
 177 0012 38BD     		pop	{r3, r4, r5, pc}
 178              	.L17:
 179              		.align	2
 180              	.L16:
 181 0014 00000000 		.word	disk
 182              		.cfi_endproc
 183              	.LFE136:
 185              		.section	.text.disk_write,"ax",%progbits
 186              		.align	1
 187              		.global	disk_write
 188              		.syntax unified
 189              		.thumb
 190              		.thumb_func
 192              	disk_write:
 193              	.LVL11:
 194              	.LFB137:
  88:Middlewares/Third_Party/FatFs/src/diskio.c **** 
  89:Middlewares/Third_Party/FatFs/src/diskio.c **** /**
  90:Middlewares/Third_Party/FatFs/src/diskio.c ****   * @brief  Writes Sector(s)
  91:Middlewares/Third_Party/FatFs/src/diskio.c ****   * @param  pdrv: Physical drive number (0..)
  92:Middlewares/Third_Party/FatFs/src/diskio.c ****   * @param  *buff: Data to be written
  93:Middlewares/Third_Party/FatFs/src/diskio.c ****   * @param  sector: Sector address (LBA)
  94:Middlewares/Third_Party/FatFs/src/diskio.c ****   * @param  count: Number of sectors to write (1..128)
  95:Middlewares/Third_Party/FatFs/src/diskio.c ****   * @retval DRESULT: Operation result
ARM GAS  /tmp/ccti1zYd.s 			page 6


  96:Middlewares/Third_Party/FatFs/src/diskio.c ****   */
  97:Middlewares/Third_Party/FatFs/src/diskio.c **** #if _USE_WRITE == 1
  98:Middlewares/Third_Party/FatFs/src/diskio.c **** DRESULT disk_write (
  99:Middlewares/Third_Party/FatFs/src/diskio.c **** 	BYTE pdrv,		/* Physical drive nmuber to identify the drive */
 100:Middlewares/Third_Party/FatFs/src/diskio.c **** 	const BYTE *buff,	/* Data to be written */
 101:Middlewares/Third_Party/FatFs/src/diskio.c **** 	DWORD sector,		/* Sector address in LBA */
 102:Middlewares/Third_Party/FatFs/src/diskio.c **** 	UINT count        	/* Number of sectors to write */
 103:Middlewares/Third_Party/FatFs/src/diskio.c **** )
 104:Middlewares/Third_Party/FatFs/src/diskio.c **** {
 195              		.loc 1 104 1 is_stmt 1 view -0
 196              		.cfi_startproc
 197              		@ args = 0, pretend = 0, frame = 0
 198              		@ frame_needed = 0, uses_anonymous_args = 0
 199              		.loc 1 104 1 is_stmt 0 view .LVU41
 200 0000 38B5     		push	{r3, r4, r5, lr}
 201              	.LCFI4:
 202              		.cfi_def_cfa_offset 16
 203              		.cfi_offset 3, -16
 204              		.cfi_offset 4, -12
 205              		.cfi_offset 5, -8
 206              		.cfi_offset 14, -4
 105:Middlewares/Third_Party/FatFs/src/diskio.c ****   DRESULT res;
 207              		.loc 1 105 3 is_stmt 1 view .LVU42
 106:Middlewares/Third_Party/FatFs/src/diskio.c **** 
 107:Middlewares/Third_Party/FatFs/src/diskio.c ****   res = disk.drv[pdrv]->disk_write(disk.lun[pdrv], buff, sector, count);
 208              		.loc 1 107 3 view .LVU43
 209              		.loc 1 107 17 is_stmt 0 view .LVU44
 210 0002 044C     		ldr	r4, .L20
 211 0004 04EB8005 		add	r5, r4, r0, lsl #2
 212 0008 6D68     		ldr	r5, [r5, #4]
 213              		.loc 1 107 23 view .LVU45
 214 000a ED68     		ldr	r5, [r5, #12]
 215              		.loc 1 107 9 view .LVU46
 216 000c 0444     		add	r4, r4, r0
 217 000e 207A     		ldrb	r0, [r4, #8]	@ zero_extendqisi2
 218              	.LVL12:
 219              		.loc 1 107 9 view .LVU47
 220 0010 A847     		blx	r5
 221              	.LVL13:
 108:Middlewares/Third_Party/FatFs/src/diskio.c ****   return res;
 222              		.loc 1 108 3 is_stmt 1 view .LVU48
 109:Middlewares/Third_Party/FatFs/src/diskio.c **** }
 223              		.loc 1 109 1 is_stmt 0 view .LVU49
 224 0012 38BD     		pop	{r3, r4, r5, pc}
 225              	.L21:
 226              		.align	2
 227              	.L20:
 228 0014 00000000 		.word	disk
 229              		.cfi_endproc
 230              	.LFE137:
 232              		.section	.text.disk_ioctl,"ax",%progbits
 233              		.align	1
 234              		.global	disk_ioctl
 235              		.syntax unified
 236              		.thumb
 237              		.thumb_func
 239              	disk_ioctl:
ARM GAS  /tmp/ccti1zYd.s 			page 7


 240              	.LVL14:
 241              	.LFB138:
 110:Middlewares/Third_Party/FatFs/src/diskio.c **** #endif /* _USE_WRITE == 1 */
 111:Middlewares/Third_Party/FatFs/src/diskio.c **** 
 112:Middlewares/Third_Party/FatFs/src/diskio.c **** /**
 113:Middlewares/Third_Party/FatFs/src/diskio.c ****   * @brief  I/O control operation
 114:Middlewares/Third_Party/FatFs/src/diskio.c ****   * @param  pdrv: Physical drive number (0..)
 115:Middlewares/Third_Party/FatFs/src/diskio.c ****   * @param  cmd: Control code
 116:Middlewares/Third_Party/FatFs/src/diskio.c ****   * @param  *buff: Buffer to send/receive control data
 117:Middlewares/Third_Party/FatFs/src/diskio.c ****   * @retval DRESULT: Operation result
 118:Middlewares/Third_Party/FatFs/src/diskio.c ****   */
 119:Middlewares/Third_Party/FatFs/src/diskio.c **** #if _USE_IOCTL == 1
 120:Middlewares/Third_Party/FatFs/src/diskio.c **** DRESULT disk_ioctl (
 121:Middlewares/Third_Party/FatFs/src/diskio.c **** 	BYTE pdrv,		/* Physical drive nmuber (0..) */
 122:Middlewares/Third_Party/FatFs/src/diskio.c **** 	BYTE cmd,		/* Control code */
 123:Middlewares/Third_Party/FatFs/src/diskio.c **** 	void *buff		/* Buffer to send/receive control data */
 124:Middlewares/Third_Party/FatFs/src/diskio.c **** )
 125:Middlewares/Third_Party/FatFs/src/diskio.c **** {
 242              		.loc 1 125 1 is_stmt 1 view -0
 243              		.cfi_startproc
 244              		@ args = 0, pretend = 0, frame = 0
 245              		@ frame_needed = 0, uses_anonymous_args = 0
 246              		.loc 1 125 1 is_stmt 0 view .LVU51
 247 0000 10B5     		push	{r4, lr}
 248              	.LCFI5:
 249              		.cfi_def_cfa_offset 8
 250              		.cfi_offset 4, -8
 251              		.cfi_offset 14, -4
 126:Middlewares/Third_Party/FatFs/src/diskio.c ****   DRESULT res;
 252              		.loc 1 126 3 is_stmt 1 view .LVU52
 127:Middlewares/Third_Party/FatFs/src/diskio.c **** 
 128:Middlewares/Third_Party/FatFs/src/diskio.c ****   res = disk.drv[pdrv]->disk_ioctl(disk.lun[pdrv], cmd, buff);
 253              		.loc 1 128 3 view .LVU53
 254              		.loc 1 128 17 is_stmt 0 view .LVU54
 255 0002 044B     		ldr	r3, .L24
 256 0004 03EB8004 		add	r4, r3, r0, lsl #2
 257 0008 6468     		ldr	r4, [r4, #4]
 258              		.loc 1 128 23 view .LVU55
 259 000a 2469     		ldr	r4, [r4, #16]
 260              		.loc 1 128 9 view .LVU56
 261 000c 0344     		add	r3, r3, r0
 262 000e 187A     		ldrb	r0, [r3, #8]	@ zero_extendqisi2
 263              	.LVL15:
 264              		.loc 1 128 9 view .LVU57
 265 0010 A047     		blx	r4
 266              	.LVL16:
 129:Middlewares/Third_Party/FatFs/src/diskio.c ****   return res;
 267              		.loc 1 129 3 is_stmt 1 view .LVU58
 130:Middlewares/Third_Party/FatFs/src/diskio.c **** }
 268              		.loc 1 130 1 is_stmt 0 view .LVU59
 269 0012 10BD     		pop	{r4, pc}
 270              	.L25:
 271              		.align	2
 272              	.L24:
 273 0014 00000000 		.word	disk
 274              		.cfi_endproc
 275              	.LFE138:
ARM GAS  /tmp/ccti1zYd.s 			page 8


 277              		.section	.text.get_fattime,"ax",%progbits
 278              		.align	1
 279              		.weak	get_fattime
 280              		.syntax unified
 281              		.thumb
 282              		.thumb_func
 284              	get_fattime:
 285              	.LFB139:
 131:Middlewares/Third_Party/FatFs/src/diskio.c **** #endif /* _USE_IOCTL == 1 */
 132:Middlewares/Third_Party/FatFs/src/diskio.c **** 
 133:Middlewares/Third_Party/FatFs/src/diskio.c **** /**
 134:Middlewares/Third_Party/FatFs/src/diskio.c ****   * @brief  Gets Time from RTC
 135:Middlewares/Third_Party/FatFs/src/diskio.c ****   * @param  None
 136:Middlewares/Third_Party/FatFs/src/diskio.c ****   * @retval Time in DWORD
 137:Middlewares/Third_Party/FatFs/src/diskio.c ****   */
 138:Middlewares/Third_Party/FatFs/src/diskio.c **** __weak DWORD get_fattime (void)
 139:Middlewares/Third_Party/FatFs/src/diskio.c **** {
 286              		.loc 1 139 1 is_stmt 1 view -0
 287              		.cfi_startproc
 288              		@ args = 0, pretend = 0, frame = 0
 289              		@ frame_needed = 0, uses_anonymous_args = 0
 290              		@ link register save eliminated.
 140:Middlewares/Third_Party/FatFs/src/diskio.c ****   return 0;
 291              		.loc 1 140 3 view .LVU61
 141:Middlewares/Third_Party/FatFs/src/diskio.c **** }
 292              		.loc 1 141 1 is_stmt 0 view .LVU62
 293 0000 0020     		movs	r0, #0
 294 0002 7047     		bx	lr
 295              		.cfi_endproc
 296              	.LFE139:
 298              		.text
 299              	.Letext0:
 300              		.file 2 "Middlewares/Third_Party/FatFs/src/integer.h"
 301              		.file 3 "Middlewares/Third_Party/FatFs/src/diskio.h"
 302              		.file 4 "/opt/st/stm32cubeclt_1.16.0/GNU-tools-for-STM32/arm-none-eabi/include/machine/_default_ty
 303              		.file 5 "/opt/st/stm32cubeclt_1.16.0/GNU-tools-for-STM32/arm-none-eabi/include/sys/_stdint.h"
 304              		.file 6 "Middlewares/Third_Party/FatFs/src/ff_gen_drv.h"
ARM GAS  /tmp/ccti1zYd.s 			page 9


DEFINED SYMBOLS
                            *ABS*:00000000 diskio.c
     /tmp/ccti1zYd.s:21     .text.disk_status:00000000 $t
     /tmp/ccti1zYd.s:27     .text.disk_status:00000000 disk_status
     /tmp/ccti1zYd.s:61     .text.disk_status:00000014 $d
     /tmp/ccti1zYd.s:66     .text.disk_initialize:00000000 $t
     /tmp/ccti1zYd.s:72     .text.disk_initialize:00000000 disk_initialize
     /tmp/ccti1zYd.s:134    .text.disk_initialize:00000028 $d
     /tmp/ccti1zYd.s:139    .text.disk_read:00000000 $t
     /tmp/ccti1zYd.s:145    .text.disk_read:00000000 disk_read
     /tmp/ccti1zYd.s:181    .text.disk_read:00000014 $d
     /tmp/ccti1zYd.s:186    .text.disk_write:00000000 $t
     /tmp/ccti1zYd.s:192    .text.disk_write:00000000 disk_write
     /tmp/ccti1zYd.s:228    .text.disk_write:00000014 $d
     /tmp/ccti1zYd.s:233    .text.disk_ioctl:00000000 $t
     /tmp/ccti1zYd.s:239    .text.disk_ioctl:00000000 disk_ioctl
     /tmp/ccti1zYd.s:273    .text.disk_ioctl:00000014 $d
     /tmp/ccti1zYd.s:278    .text.get_fattime:00000000 $t
     /tmp/ccti1zYd.s:284    .text.get_fattime:00000000 get_fattime

UNDEFINED SYMBOLS
disk
