ARM GAS  /tmp/cchPTXJQ.s 			page 1


   1              		.cpu cortex-m4
   2              		.arch armv7e-m
   3              		.fpu fpv4-sp-d16
   4              		.eabi_attribute 27, 1
   5              		.eabi_attribute 28, 1
   6              		.eabi_attribute 20, 1
   7              		.eabi_attribute 21, 1
   8              		.eabi_attribute 23, 3
   9              		.eabi_attribute 24, 1
  10              		.eabi_attribute 25, 1
  11              		.eabi_attribute 26, 1
  12              		.eabi_attribute 30, 1
  13              		.eabi_attribute 34, 1
  14              		.eabi_attribute 18, 4
  15              		.file	"nmea_parse.c"
  16              		.text
  17              	.Ltext0:
  18              		.cfi_sections	.debug_frame
  19              		.file 1 "Core/Src/nmea_parse.c"
  20              		.section	.text.gps_checksum,"ax",%progbits
  21              		.align	1
  22              		.global	gps_checksum
  23              		.syntax unified
  24              		.thumb
  25              		.thumb_func
  27              	gps_checksum:
  28              	.LVL0:
  29              	.LFB134:
   1:Core/Src/nmea_parse.c **** //
   2:Core/Src/nmea_parse.c **** // Created by sztuka on 22.01.2023.
   3:Core/Src/nmea_parse.c **** //
   4:Core/Src/nmea_parse.c **** #include "nmea_parse.h"
   5:Core/Src/nmea_parse.c **** 
   6:Core/Src/nmea_parse.c **** 
   7:Core/Src/nmea_parse.c **** 
   8:Core/Src/nmea_parse.c **** char *data[15];
   9:Core/Src/nmea_parse.c **** 
  10:Core/Src/nmea_parse.c **** int gps_checksum(char *nmea_data)
  11:Core/Src/nmea_parse.c **** {
  30              		.loc 1 11 1 view -0
  31              		.cfi_startproc
  32              		@ args = 0, pretend = 0, frame = 8
  33              		@ frame_needed = 0, uses_anonymous_args = 0
  34              		.loc 1 11 1 is_stmt 0 view .LVU1
  35 0000 70B5     		push	{r4, r5, r6, lr}
  36              	.LCFI0:
  37              		.cfi_def_cfa_offset 16
  38              		.cfi_offset 4, -16
  39              		.cfi_offset 5, -12
  40              		.cfi_offset 6, -8
  41              		.cfi_offset 14, -4
  42 0002 82B0     		sub	sp, sp, #8
  43              	.LCFI1:
  44              		.cfi_def_cfa_offset 24
  45 0004 0546     		mov	r5, r0
  12:Core/Src/nmea_parse.c ****     //if you point a string with less than 5 characters the function will read outside of scope and
  13:Core/Src/nmea_parse.c ****     if(strlen(nmea_data) < 5) return 0;
ARM GAS  /tmp/cchPTXJQ.s 			page 2


  46              		.loc 1 13 5 is_stmt 1 view .LVU2
  47              		.loc 1 13 8 is_stmt 0 view .LVU3
  48 0006 FFF7FEFF 		bl	strlen
  49              	.LVL1:
  50              		.loc 1 13 7 view .LVU4
  51 000a 0428     		cmp	r0, #4
  52 000c 24D9     		bls	.L5
  14:Core/Src/nmea_parse.c ****     char recv_crc[2];
  53              		.loc 1 14 5 is_stmt 1 view .LVU5
  15:Core/Src/nmea_parse.c ****     recv_crc[0] = nmea_data[strlen(nmea_data) - 4];
  54              		.loc 1 15 5 view .LVU6
  55              		.loc 1 15 28 is_stmt 0 view .LVU7
  56 000e 2844     		add	r0, r0, r5
  57 0010 10F8043C 		ldrb	r3, [r0, #-4]	@ zero_extendqisi2
  58              		.loc 1 15 17 view .LVU8
  59 0014 8DF80430 		strb	r3, [sp, #4]
  16:Core/Src/nmea_parse.c ****     recv_crc[1] = nmea_data[strlen(nmea_data) - 3];
  60              		.loc 1 16 5 is_stmt 1 view .LVU9
  61              		.loc 1 16 29 is_stmt 0 view .LVU10
  62 0018 2846     		mov	r0, r5
  63 001a FFF7FEFF 		bl	strlen
  64              	.LVL2:
  65              		.loc 1 16 28 view .LVU11
  66 001e 2844     		add	r0, r0, r5
  67 0020 10F8033C 		ldrb	r3, [r0, #-3]	@ zero_extendqisi2
  68              		.loc 1 16 17 view .LVU12
  69 0024 8DF80530 		strb	r3, [sp, #5]
  17:Core/Src/nmea_parse.c ****     int crc = 0;
  70              		.loc 1 17 5 is_stmt 1 view .LVU13
  71              	.LVL3:
  18:Core/Src/nmea_parse.c ****     int i;
  72              		.loc 1 18 5 view .LVU14
  19:Core/Src/nmea_parse.c **** 
  20:Core/Src/nmea_parse.c ****     //exclude the CRLF plus CRC with an * from the end
  21:Core/Src/nmea_parse.c ****     for (i = 0; i < strlen(nmea_data) - 5; i ++) {
  73              		.loc 1 21 5 view .LVU15
  74              		.loc 1 21 12 is_stmt 0 view .LVU16
  75 0028 0024     		movs	r4, #0
  17:Core/Src/nmea_parse.c ****     int i;
  76              		.loc 1 17 9 view .LVU17
  77 002a 2646     		mov	r6, r4
  78              		.loc 1 21 5 view .LVU18
  79 002c 02E0     		b	.L3
  80              	.LVL4:
  81              	.L4:
  22:Core/Src/nmea_parse.c ****         crc ^= nmea_data[i];
  82              		.loc 1 22 9 is_stmt 1 discriminator 3 view .LVU19
  83              		.loc 1 22 25 is_stmt 0 discriminator 3 view .LVU20
  84 002e 2B5D     		ldrb	r3, [r5, r4]	@ zero_extendqisi2
  85              		.loc 1 22 13 discriminator 3 view .LVU21
  86 0030 5E40     		eors	r6, r6, r3
  87              	.LVL5:
  21:Core/Src/nmea_parse.c ****         crc ^= nmea_data[i];
  88              		.loc 1 21 46 is_stmt 1 discriminator 3 view .LVU22
  89 0032 0134     		adds	r4, r4, #1
  90              	.LVL6:
  91              	.L3:
ARM GAS  /tmp/cchPTXJQ.s 			page 3


  21:Core/Src/nmea_parse.c ****         crc ^= nmea_data[i];
  92              		.loc 1 21 19 discriminator 1 view .LVU23
  21:Core/Src/nmea_parse.c ****         crc ^= nmea_data[i];
  93              		.loc 1 21 21 is_stmt 0 discriminator 1 view .LVU24
  94 0034 2846     		mov	r0, r5
  95 0036 FFF7FEFF 		bl	strlen
  96              	.LVL7:
  21:Core/Src/nmea_parse.c ****         crc ^= nmea_data[i];
  97              		.loc 1 21 39 discriminator 1 view .LVU25
  98 003a 0538     		subs	r0, r0, #5
  21:Core/Src/nmea_parse.c ****         crc ^= nmea_data[i];
  99              		.loc 1 21 19 discriminator 1 view .LVU26
 100 003c A042     		cmp	r0, r4
 101 003e F6D8     		bhi	.L4
  23:Core/Src/nmea_parse.c ****     }
  24:Core/Src/nmea_parse.c ****     int receivedHash = strtol(recv_crc, NULL, 16);
 102              		.loc 1 24 5 is_stmt 1 view .LVU27
 103              		.loc 1 24 24 is_stmt 0 view .LVU28
 104 0040 1022     		movs	r2, #16
 105 0042 0021     		movs	r1, #0
 106 0044 01A8     		add	r0, sp, #4
 107 0046 FFF7FEFF 		bl	strtol
 108              	.LVL8:
  25:Core/Src/nmea_parse.c ****     if (crc == receivedHash) {
 109              		.loc 1 25 5 is_stmt 1 view .LVU29
 110              		.loc 1 25 8 is_stmt 0 view .LVU30
 111 004a 8642     		cmp	r6, r0
 112 004c 02D0     		beq	.L8
  26:Core/Src/nmea_parse.c ****         return 1;
  27:Core/Src/nmea_parse.c ****     }
  28:Core/Src/nmea_parse.c ****     else{
  29:Core/Src/nmea_parse.c ****         return 0;
 113              		.loc 1 29 16 view .LVU31
 114 004e 0020     		movs	r0, #0
 115              	.LVL9:
 116              	.L1:
  30:Core/Src/nmea_parse.c ****     }
  31:Core/Src/nmea_parse.c **** }
 117              		.loc 1 31 1 view .LVU32
 118 0050 02B0     		add	sp, sp, #8
 119              	.LCFI2:
 120              		.cfi_remember_state
 121              		.cfi_def_cfa_offset 16
 122              		@ sp needed
 123 0052 70BD     		pop	{r4, r5, r6, pc}
 124              	.LVL10:
 125              	.L8:
 126              	.LCFI3:
 127              		.cfi_restore_state
  26:Core/Src/nmea_parse.c ****         return 1;
 128              		.loc 1 26 16 view .LVU33
 129 0054 0120     		movs	r0, #1
 130              	.LVL11:
  26:Core/Src/nmea_parse.c ****         return 1;
 131              		.loc 1 26 16 view .LVU34
 132 0056 FBE7     		b	.L1
 133              	.LVL12:
ARM GAS  /tmp/cchPTXJQ.s 			page 4


 134              	.L5:
  13:Core/Src/nmea_parse.c ****     char recv_crc[2];
 135              		.loc 1 13 38 view .LVU35
 136 0058 0020     		movs	r0, #0
 137 005a F9E7     		b	.L1
 138              		.cfi_endproc
 139              	.LFE134:
 141              		.section	.rodata.nmea_GPGGA.str1.4,"aMS",%progbits,1
 142              		.align	2
 143              	.LC0:
 144 0000 2C00     		.ascii	",\000"
 145              		.global	__aeabi_f2d
 146              		.section	.text.nmea_GPGGA,"ax",%progbits
 147              		.align	1
 148              		.global	nmea_GPGGA
 149              		.syntax unified
 150              		.thumb
 151              		.thumb_func
 153              	nmea_GPGGA:
 154              	.LVL13:
 155              	.LFB135:
  32:Core/Src/nmea_parse.c **** 
  33:Core/Src/nmea_parse.c **** int nmea_GPGGA(GPS *gps_data, char*inputString){
 156              		.loc 1 33 48 is_stmt 1 view -0
 157              		.cfi_startproc
 158              		@ args = 0, pretend = 0, frame = 128
 159              		@ frame_needed = 0, uses_anonymous_args = 0
 160              		.loc 1 33 48 is_stmt 0 view .LVU37
 161 0000 2DE9F043 		push	{r4, r5, r6, r7, r8, r9, lr}
 162              	.LCFI4:
 163              		.cfi_def_cfa_offset 28
 164              		.cfi_offset 4, -28
 165              		.cfi_offset 5, -24
 166              		.cfi_offset 6, -20
 167              		.cfi_offset 7, -16
 168              		.cfi_offset 8, -12
 169              		.cfi_offset 9, -8
 170              		.cfi_offset 14, -4
 171 0004 2DED028B 		vpush.64	{d8}
 172              	.LCFI5:
 173              		.cfi_def_cfa_offset 36
 174              		.cfi_offset 80, -36
 175              		.cfi_offset 81, -32
 176 0008 A1B0     		sub	sp, sp, #132
 177              	.LCFI6:
 178              		.cfi_def_cfa_offset 168
 179 000a 0746     		mov	r7, r0
 180 000c 0C46     		mov	r4, r1
  34:Core/Src/nmea_parse.c ****     char *values[25];
 181              		.loc 1 34 5 is_stmt 1 view .LVU38
  35:Core/Src/nmea_parse.c ****     int counter = 0;
 182              		.loc 1 35 5 view .LVU39
 183              	.LVL14:
  36:Core/Src/nmea_parse.c ****     memset(values, 0, sizeof(values));
 184              		.loc 1 36 5 view .LVU40
 185 000e 6422     		movs	r2, #100
 186 0010 0021     		movs	r1, #0
ARM GAS  /tmp/cchPTXJQ.s 			page 5


 187              	.LVL15:
 188              		.loc 1 36 5 is_stmt 0 view .LVU41
 189 0012 07A8     		add	r0, sp, #28
 190              	.LVL16:
 191              		.loc 1 36 5 view .LVU42
 192 0014 FFF7FEFF 		bl	memset
 193              	.LVL17:
  37:Core/Src/nmea_parse.c ****     char *marker = strtok(inputString, ",");
 194              		.loc 1 37 5 is_stmt 1 view .LVU43
 195              		.loc 1 37 20 is_stmt 0 view .LVU44
 196 0018 7E49     		ldr	r1, .L45
 197 001a 2046     		mov	r0, r4
 198 001c FFF7FEFF 		bl	strtok
 199              	.LVL18:
 200 0020 0446     		mov	r4, r0
 201              	.LVL19:
  38:Core/Src/nmea_parse.c ****     while (marker != NULL) {
 202              		.loc 1 38 5 is_stmt 1 view .LVU45
  35:Core/Src/nmea_parse.c ****     memset(values, 0, sizeof(values));
 203              		.loc 1 35 9 is_stmt 0 view .LVU46
 204 0022 0025     		movs	r5, #0
 205              		.loc 1 38 11 view .LVU47
 206 0024 14E0     		b	.L10
 207              	.LVL20:
 208              	.L11:
  39:Core/Src/nmea_parse.c ****         values[counter++] = malloc(strlen(marker) + 1); //free later!!!!!!
 209              		.loc 1 39 9 is_stmt 1 view .LVU48
 210              		.loc 1 39 36 is_stmt 0 view .LVU49
 211 0026 2046     		mov	r0, r4
 212              	.LVL21:
 213              		.loc 1 39 36 view .LVU50
 214 0028 FFF7FEFF 		bl	strlen
 215              	.LVL22:
 216              		.loc 1 39 23 view .LVU51
 217 002c 6E1C     		adds	r6, r5, #1
 218              	.LVL23:
 219              		.loc 1 39 29 view .LVU52
 220 002e 0130     		adds	r0, r0, #1
 221 0030 FFF7FEFF 		bl	malloc
 222              	.LVL24:
 223              		.loc 1 39 27 view .LVU53
 224 0034 20AB     		add	r3, sp, #128
 225 0036 03EB8505 		add	r5, r3, r5, lsl #2
 226 003a 45F8640C 		str	r0, [r5, #-100]
  40:Core/Src/nmea_parse.c ****         strcpy(values[counter - 1], marker);
 227              		.loc 1 40 9 is_stmt 1 view .LVU54
 228 003e 2146     		mov	r1, r4
 229 0040 FFF7FEFF 		bl	strcpy
 230              	.LVL25:
  41:Core/Src/nmea_parse.c ****         marker = strtok(NULL, ",");
 231              		.loc 1 41 9 view .LVU55
 232              		.loc 1 41 18 is_stmt 0 view .LVU56
 233 0044 7349     		ldr	r1, .L45
 234 0046 0020     		movs	r0, #0
 235 0048 FFF7FEFF 		bl	strtok
 236              	.LVL26:
 237 004c 0446     		mov	r4, r0
ARM GAS  /tmp/cchPTXJQ.s 			page 6


 238              	.LVL27:
  39:Core/Src/nmea_parse.c ****         values[counter++] = malloc(strlen(marker) + 1); //free later!!!!!!
 239              		.loc 1 39 23 view .LVU57
 240 004e 3546     		mov	r5, r6
 241              	.LVL28:
 242              	.L10:
  38:Core/Src/nmea_parse.c ****         values[counter++] = malloc(strlen(marker) + 1); //free later!!!!!!
 243              		.loc 1 38 19 is_stmt 1 view .LVU58
 244 0050 002C     		cmp	r4, #0
 245 0052 E8D1     		bne	.L11
  42:Core/Src/nmea_parse.c ****     }
  43:Core/Src/nmea_parse.c ****     char lonSide = values[5][0];
 246              		.loc 1 43 5 view .LVU59
 247              		.loc 1 43 26 is_stmt 0 view .LVU60
 248 0054 0C9B     		ldr	r3, [sp, #48]
 249              		.loc 1 43 10 view .LVU61
 250 0056 1E78     		ldrb	r6, [r3]	@ zero_extendqisi2
 251              	.LVL29:
  44:Core/Src/nmea_parse.c ****     char latSide = values[3][0];
 252              		.loc 1 44 5 is_stmt 1 view .LVU62
 253              		.loc 1 44 26 is_stmt 0 view .LVU63
 254 0058 0A9B     		ldr	r3, [sp, #40]
 255              		.loc 1 44 10 view .LVU64
 256 005a 1C78     		ldrb	r4, [r3]	@ zero_extendqisi2
 257              	.LVL30:
  45:Core/Src/nmea_parse.c ****     strcpy(gps_data->lastMeasure, values[1]);
 258              		.loc 1 45 5 is_stmt 1 view .LVU65
 259 005c 0899     		ldr	r1, [sp, #32]
 260 005e 07F12C00 		add	r0, r7, #44
 261              	.LVL31:
 262              		.loc 1 45 5 is_stmt 0 view .LVU66
 263 0062 FFF7FEFF 		bl	strcpy
 264              	.LVL32:
  46:Core/Src/nmea_parse.c ****     if(latSide == 'S' || latSide == 'N'){
 265              		.loc 1 46 5 is_stmt 1 view .LVU67
 266              		.loc 1 46 7 is_stmt 0 view .LVU68
 267 0066 532C     		cmp	r4, #83
 268 0068 0FD0     		beq	.L32
 269              		.loc 1 46 23 discriminator 1 view .LVU69
 270 006a 4E2C     		cmp	r4, #78
 271 006c 0FD0     		beq	.L43
 272              	.L13:
 273              	.LBB2:
 274 006e 0024     		movs	r4, #0
 275              	.LVL33:
 276              		.loc 1 46 23 discriminator 1 view .LVU70
 277 0070 C8E0     		b	.L27
 278              	.LVL34:
 279              	.L15:
 280              	.LBB3:
  47:Core/Src/nmea_parse.c ****         char lat_d[2];
  48:Core/Src/nmea_parse.c ****         char lat_m[7];
  49:Core/Src/nmea_parse.c ****         for (int z = 0; z < 2; z++) lat_d[z] = values[2][z];
 281              		.loc 1 49 37 is_stmt 1 discriminator 3 view .LVU71
 282              		.loc 1 49 54 is_stmt 0 discriminator 3 view .LVU72
 283 0072 099A     		ldr	r2, [sp, #36]
 284              		.loc 1 49 57 discriminator 3 view .LVU73
ARM GAS  /tmp/cchPTXJQ.s 			page 7


 285 0074 D15C     		ldrb	r1, [r2, r3]	@ zero_extendqisi2
 286              		.loc 1 49 46 discriminator 3 view .LVU74
 287 0076 03F18002 		add	r2, r3, #128
 288 007a 6A44     		add	r2, sp, r2
 289 007c 02F87C1C 		strb	r1, [r2, #-124]
 290              		.loc 1 49 33 is_stmt 1 discriminator 3 view .LVU75
 291 0080 0133     		adds	r3, r3, #1
 292              	.LVL35:
 293              	.L14:
 294              		.loc 1 49 27 discriminator 1 view .LVU76
 295 0082 012B     		cmp	r3, #1
 296 0084 F5DD     		ble	.L15
 297              	.LBE3:
 298              	.LBB4:
  50:Core/Src/nmea_parse.c ****         for (int z = 0; z < 6; z++) lat_m[z] = values[2][z + 2];
 299              		.loc 1 50 18 is_stmt 0 view .LVU77
 300 0086 0023     		movs	r3, #0
 301              	.LVL36:
 302              		.loc 1 50 18 view .LVU78
 303 0088 0CE0     		b	.L16
 304              	.LVL37:
 305              	.L32:
 306              		.loc 1 50 18 view .LVU79
 307              	.LBE4:
 308              	.LBE2:
 309 008a 0023     		movs	r3, #0
 310 008c F9E7     		b	.L14
 311              	.L43:
 312 008e 0023     		movs	r3, #0
 313 0090 F7E7     		b	.L14
 314              	.LVL38:
 315              	.L17:
 316              	.LBB10:
 317              	.LBB5:
 318              		.loc 1 50 37 is_stmt 1 discriminator 3 view .LVU80
 319              		.loc 1 50 54 is_stmt 0 discriminator 3 view .LVU81
 320 0092 099A     		ldr	r2, [sp, #36]
 321              		.loc 1 50 57 discriminator 3 view .LVU82
 322 0094 1A44     		add	r2, r2, r3
 323 0096 9178     		ldrb	r1, [r2, #2]	@ zero_extendqisi2
 324              		.loc 1 50 46 discriminator 3 view .LVU83
 325 0098 03F18002 		add	r2, r3, #128
 326 009c 6A44     		add	r2, sp, r2
 327 009e 02F8741C 		strb	r1, [r2, #-116]
 328              		.loc 1 50 33 is_stmt 1 discriminator 3 view .LVU84
 329 00a2 0133     		adds	r3, r3, #1
 330              	.LVL39:
 331              	.L16:
 332              		.loc 1 50 27 discriminator 1 view .LVU85
 333 00a4 052B     		cmp	r3, #5
 334 00a6 F4DD     		ble	.L17
 335              	.LBE5:
  51:Core/Src/nmea_parse.c **** 
  52:Core/Src/nmea_parse.c ****         int lat_deg_strtol = strtol(lat_d, NULL, 10);
 336              		.loc 1 52 9 view .LVU86
 337              		.loc 1 52 30 is_stmt 0 view .LVU87
 338 00a8 0A22     		movs	r2, #10
ARM GAS  /tmp/cchPTXJQ.s 			page 8


 339 00aa 0021     		movs	r1, #0
 340 00ac 01A8     		add	r0, sp, #4
 341 00ae FFF7FEFF 		bl	strtol
 342              	.LVL40:
 343              		.loc 1 52 30 view .LVU88
 344 00b2 08EE100A 		vmov	s16, r0	@ int
 345              	.LVL41:
  53:Core/Src/nmea_parse.c ****         float lat_min_strtof = strtof(lat_m, NULL);
 346              		.loc 1 53 9 is_stmt 1 view .LVU89
 347              		.loc 1 53 32 is_stmt 0 view .LVU90
 348 00b6 0021     		movs	r1, #0
 349 00b8 03A8     		add	r0, sp, #12
 350              	.LVL42:
 351              		.loc 1 53 32 view .LVU91
 352 00ba FFF7FEFF 		bl	strtof
 353              	.LVL43:
  54:Core/Src/nmea_parse.c ****         double lat_deg = lat_deg_strtol + lat_min_strtof / 60;
 354              		.loc 1 54 9 is_stmt 1 view .LVU92
 355              		.loc 1 54 58 is_stmt 0 view .LVU93
 356 00be 9FED567A 		vldr.32	s14, .L45+4
 357 00c2 C0EE077A 		vdiv.f32	s15, s0, s14
 358              		.loc 1 54 41 view .LVU94
 359 00c6 B8EEC88A 		vcvt.f32.s32	s16, s16
 360              	.LVL44:
 361              		.loc 1 54 41 view .LVU95
 362 00ca 38EE278A 		vadd.f32	s16, s16, s15
 363              		.loc 1 54 16 view .LVU96
 364 00ce 18EE100A 		vmov	r0, s16
 365 00d2 FFF7FEFF 		bl	__aeabi_f2d
 366              	.LVL45:
 367              		.loc 1 54 16 view .LVU97
 368 00d6 8046     		mov	r8, r0
 369 00d8 8946     		mov	r9, r1
 370              	.LVL46:
  55:Core/Src/nmea_parse.c **** 
  56:Core/Src/nmea_parse.c ****         char lon_d[3];
 371              		.loc 1 56 9 is_stmt 1 view .LVU98
  57:Core/Src/nmea_parse.c ****         char lon_m[7];
 372              		.loc 1 57 9 view .LVU99
  58:Core/Src/nmea_parse.c **** 
  59:Core/Src/nmea_parse.c ****         for (int z = 0; z < 3; z++) lon_d[z] = values[4][z];
 373              		.loc 1 59 9 view .LVU100
 374              	.LBB6:
 375              		.loc 1 59 14 view .LVU101
 376              		.loc 1 59 18 is_stmt 0 view .LVU102
 377 00da 0023     		movs	r3, #0
 378              		.loc 1 59 9 view .LVU103
 379 00dc 07E0     		b	.L18
 380              	.LVL47:
 381              	.L19:
 382              		.loc 1 59 37 is_stmt 1 discriminator 3 view .LVU104
 383              		.loc 1 59 54 is_stmt 0 discriminator 3 view .LVU105
 384 00de 0B9A     		ldr	r2, [sp, #44]
 385              		.loc 1 59 57 discriminator 3 view .LVU106
 386 00e0 D15C     		ldrb	r1, [r2, r3]	@ zero_extendqisi2
 387              		.loc 1 59 46 discriminator 3 view .LVU107
 388 00e2 03F18002 		add	r2, r3, #128
ARM GAS  /tmp/cchPTXJQ.s 			page 9


 389 00e6 6A44     		add	r2, sp, r2
 390 00e8 02F8781C 		strb	r1, [r2, #-120]
 391              		.loc 1 59 33 is_stmt 1 discriminator 3 view .LVU108
 392 00ec 0133     		adds	r3, r3, #1
 393              	.LVL48:
 394              	.L18:
 395              		.loc 1 59 27 discriminator 1 view .LVU109
 396 00ee 022B     		cmp	r3, #2
 397 00f0 F5DD     		ble	.L19
 398              	.LBE6:
 399              	.LBB7:
  60:Core/Src/nmea_parse.c ****         for (int z = 0; z < 6; z++) lon_m[z] = values[4][z + 3];
 400              		.loc 1 60 18 is_stmt 0 view .LVU110
 401 00f2 0023     		movs	r3, #0
 402              	.LVL49:
 403              		.loc 1 60 18 view .LVU111
 404 00f4 08E0     		b	.L20
 405              	.LVL50:
 406              	.L21:
 407              		.loc 1 60 37 is_stmt 1 discriminator 3 view .LVU112
 408              		.loc 1 60 54 is_stmt 0 discriminator 3 view .LVU113
 409 00f6 0B9A     		ldr	r2, [sp, #44]
 410              		.loc 1 60 57 discriminator 3 view .LVU114
 411 00f8 1A44     		add	r2, r2, r3
 412 00fa D178     		ldrb	r1, [r2, #3]	@ zero_extendqisi2
 413              		.loc 1 60 46 discriminator 3 view .LVU115
 414 00fc 03F18002 		add	r2, r3, #128
 415 0100 6A44     		add	r2, sp, r2
 416 0102 02F86C1C 		strb	r1, [r2, #-108]
 417              		.loc 1 60 33 is_stmt 1 discriminator 3 view .LVU116
 418 0106 0133     		adds	r3, r3, #1
 419              	.LVL51:
 420              	.L20:
 421              		.loc 1 60 27 discriminator 1 view .LVU117
 422 0108 052B     		cmp	r3, #5
 423 010a F4DD     		ble	.L21
 424              	.LBE7:
  61:Core/Src/nmea_parse.c **** 
  62:Core/Src/nmea_parse.c ****         int lon_deg_strtol = strtol(lon_d, NULL, 10);
 425              		.loc 1 62 9 view .LVU118
 426              		.loc 1 62 30 is_stmt 0 view .LVU119
 427 010c 0A22     		movs	r2, #10
 428 010e 0021     		movs	r1, #0
 429 0110 02A8     		add	r0, sp, #8
 430 0112 FFF7FEFF 		bl	strtol
 431              	.LVL52:
 432              		.loc 1 62 30 view .LVU120
 433 0116 08EE900A 		vmov	s17, r0	@ int
 434              	.LVL53:
  63:Core/Src/nmea_parse.c ****         float lon_min_strtof = strtof(lon_m, NULL);
 435              		.loc 1 63 9 is_stmt 1 view .LVU121
 436              		.loc 1 63 32 is_stmt 0 view .LVU122
 437 011a 0021     		movs	r1, #0
 438 011c 05A8     		add	r0, sp, #20
 439              	.LVL54:
 440              		.loc 1 63 32 view .LVU123
 441 011e FFF7FEFF 		bl	strtof
ARM GAS  /tmp/cchPTXJQ.s 			page 10


 442              	.LVL55:
  64:Core/Src/nmea_parse.c ****         double lon_deg = lon_deg_strtol + lon_min_strtof / 60;
 443              		.loc 1 64 9 is_stmt 1 view .LVU124
 444              		.loc 1 64 58 is_stmt 0 view .LVU125
 445 0122 9FED3D7A 		vldr.32	s14, .L45+4
 446 0126 C0EE077A 		vdiv.f32	s15, s0, s14
 447              		.loc 1 64 41 view .LVU126
 448 012a F8EEE88A 		vcvt.f32.s32	s17, s17
 449              	.LVL56:
 450              		.loc 1 64 41 view .LVU127
 451 012e 78EEA78A 		vadd.f32	s17, s17, s15
 452              		.loc 1 64 16 view .LVU128
 453 0132 18EE900A 		vmov	r0, s17
 454 0136 FFF7FEFF 		bl	__aeabi_f2d
 455              	.LVL57:
  65:Core/Src/nmea_parse.c **** 
  66:Core/Src/nmea_parse.c ****         if(lat_deg!=0 && lon_deg!=0 && lat_deg<90 && lon_deg<180){
 456              		.loc 1 66 9 is_stmt 1 view .LVU129
 457              		.loc 1 66 11 is_stmt 0 view .LVU130
 458 013a B5EE408A 		vcmp.f32	s16, #0
 459 013e F1EE10FA 		vmrs	APSR_nzcv, FPSCR
 460 0142 51D0     		beq	.L34
 461              		.loc 1 66 23 discriminator 1 view .LVU131
 462 0144 F5EE408A 		vcmp.f32	s17, #0
 463 0148 F1EE10FA 		vmrs	APSR_nzcv, FPSCR
 464 014c 4ED0     		beq	.L35
 465              		.loc 1 66 37 discriminator 2 view .LVU132
 466 014e DFED337A 		vldr.32	s15, .L45+8
 467 0152 B4EEE78A 		vcmpe.f32	s16, s15
 468 0156 F1EE10FA 		vmrs	APSR_nzcv, FPSCR
 469 015a 49D5     		bpl	.L40
 470              		.loc 1 66 51 discriminator 3 view .LVU133
 471 015c DFED307A 		vldr.32	s15, .L45+12
 472 0160 F4EEE78A 		vcmpe.f32	s17, s15
 473 0164 F1EE10FA 		vmrs	APSR_nzcv, FPSCR
 474 0168 01D4     		bmi	.L44
 475 016a 0024     		movs	r4, #0
 476              	.LVL58:
 477              		.loc 1 66 51 discriminator 3 view .LVU134
 478 016c 38E0     		b	.L28
 479              	.LVL59:
 480              	.L44:
 481              	.LBB8:
  67:Core/Src/nmea_parse.c ****             gps_data->latitude = lat_deg;
 482              		.loc 1 67 13 is_stmt 1 view .LVU135
 483              		.loc 1 67 32 is_stmt 0 view .LVU136
 484 016e C7E90089 		strd	r8, [r7]
  68:Core/Src/nmea_parse.c ****             gps_data->latSide = latSide;
 485              		.loc 1 68 13 is_stmt 1 view .LVU137
 486              		.loc 1 68 31 is_stmt 0 view .LVU138
 487 0172 3C72     		strb	r4, [r7, #8]
  69:Core/Src/nmea_parse.c ****             gps_data->longitude = lon_deg;
 488              		.loc 1 69 13 is_stmt 1 view .LVU139
 489              		.loc 1 69 33 is_stmt 0 view .LVU140
 490 0174 C7E90401 		strd	r0, [r7, #16]
  70:Core/Src/nmea_parse.c ****             gps_data->lonSide = lonSide;
 491              		.loc 1 70 13 is_stmt 1 view .LVU141
ARM GAS  /tmp/cchPTXJQ.s 			page 11


 492              		.loc 1 70 31 is_stmt 0 view .LVU142
 493 0178 3E76     		strb	r6, [r7, #24]
  71:Core/Src/nmea_parse.c ****             float altitude = strtof(values[9], NULL);
 494              		.loc 1 71 13 is_stmt 1 view .LVU143
 495              		.loc 1 71 30 is_stmt 0 view .LVU144
 496 017a 0021     		movs	r1, #0
 497 017c 1098     		ldr	r0, [sp, #64]
 498              	.LVL60:
 499              		.loc 1 71 30 view .LVU145
 500 017e FFF7FEFF 		bl	strtof
 501              	.LVL61:
  72:Core/Src/nmea_parse.c ****             gps_data->altitude = altitude!=0 ? altitude : gps_data->altitude;
 502              		.loc 1 72 13 is_stmt 1 view .LVU146
 503              		.loc 1 72 57 is_stmt 0 view .LVU147
 504 0182 B5EE400A 		vcmp.f32	s0, #0
 505 0186 F1EE10FA 		vmrs	APSR_nzcv, FPSCR
 506 018a 01D1     		bne	.L25
 507              		.loc 1 72 57 discriminator 1 view .LVU148
 508 018c 97ED070A 		vldr.32	s0, [r7, #28]
 509              	.LVL62:
 510              	.L25:
 511              		.loc 1 72 32 discriminator 4 view .LVU149
 512 0190 87ED070A 		vstr.32	s0, [r7, #28]
  73:Core/Src/nmea_parse.c ****             gps_data->satelliteCount = strtol(values[7], NULL, 10);
 513              		.loc 1 73 13 is_stmt 1 discriminator 4 view .LVU150
 514              		.loc 1 73 40 is_stmt 0 discriminator 4 view .LVU151
 515 0194 0A22     		movs	r2, #10
 516 0196 0021     		movs	r1, #0
 517 0198 0E98     		ldr	r0, [sp, #56]
 518 019a FFF7FEFF 		bl	strtol
 519              	.LVL63:
 520              		.loc 1 73 38 discriminator 4 view .LVU152
 521 019e 7862     		str	r0, [r7, #36]
  74:Core/Src/nmea_parse.c **** 
  75:Core/Src/nmea_parse.c ****             int fixQuality = strtol(values[6], NULL, 10);
 522              		.loc 1 75 13 is_stmt 1 discriminator 4 view .LVU153
 523              		.loc 1 75 30 is_stmt 0 discriminator 4 view .LVU154
 524 01a0 0A22     		movs	r2, #10
 525 01a2 0021     		movs	r1, #0
 526 01a4 0D98     		ldr	r0, [sp, #52]
 527 01a6 FFF7FEFF 		bl	strtol
 528              	.LVL64:
  76:Core/Src/nmea_parse.c ****             gps_data->fix = fixQuality > 0 ? 1 : 0;
 529              		.loc 1 76 13 is_stmt 1 discriminator 4 view .LVU155
 530              		.loc 1 76 48 is_stmt 0 discriminator 4 view .LVU156
 531 01aa 0028     		cmp	r0, #0
 532 01ac D4BF     		ite	le
 533 01ae 0020     		movle	r0, #0
 534              	.LVL65:
 535              		.loc 1 76 48 discriminator 4 view .LVU157
 536 01b0 0120     		movgt	r0, #1
 537              		.loc 1 76 27 discriminator 4 view .LVU158
 538 01b2 B862     		str	r0, [r7, #40]
  77:Core/Src/nmea_parse.c **** 
  78:Core/Src/nmea_parse.c ****             float hdop = strtof(values[8], NULL);
 539              		.loc 1 78 13 is_stmt 1 discriminator 4 view .LVU159
 540              		.loc 1 78 26 is_stmt 0 discriminator 4 view .LVU160
ARM GAS  /tmp/cchPTXJQ.s 			page 12


 541 01b4 0021     		movs	r1, #0
 542 01b6 0F98     		ldr	r0, [sp, #60]
 543 01b8 FFF7FEFF 		bl	strtof
 544              	.LVL66:
  79:Core/Src/nmea_parse.c ****             gps_data->hdop = hdop!=0 ? hdop : gps_data->hdop;
 545              		.loc 1 79 13 is_stmt 1 discriminator 4 view .LVU161
 546              		.loc 1 79 45 is_stmt 0 discriminator 4 view .LVU162
 547 01bc B5EE400A 		vcmp.f32	s0, #0
 548 01c0 F1EE10FA 		vmrs	APSR_nzcv, FPSCR
 549 01c4 01D1     		bne	.L26
 550              		.loc 1 79 45 discriminator 1 view .LVU163
 551 01c6 97ED080A 		vldr.32	s0, [r7, #32]
 552              	.LVL67:
 553              	.L26:
 554              		.loc 1 79 28 discriminator 4 view .LVU164
 555 01ca 87ED080A 		vstr.32	s0, [r7, #32]
 556              	.LBE8:
 557 01ce 4EE7     		b	.L13
 558              	.LVL68:
 559              	.L29:
 560              	.LBB9:
  80:Core/Src/nmea_parse.c ****         }
  81:Core/Src/nmea_parse.c ****         else {
  82:Core/Src/nmea_parse.c ****             for(int i=0; i<counter; i++) free(values[i]);
 561              		.loc 1 82 42 is_stmt 1 discriminator 3 view .LVU165
 562              		.loc 1 82 53 is_stmt 0 discriminator 3 view .LVU166
 563 01d0 20AB     		add	r3, sp, #128
 564 01d2 03EB8403 		add	r3, r3, r4, lsl #2
 565              		.loc 1 82 42 discriminator 3 view .LVU167
 566 01d6 53F8640C 		ldr	r0, [r3, #-100]
 567 01da FFF7FEFF 		bl	free
 568              	.LVL69:
 569              		.loc 1 82 38 is_stmt 1 discriminator 3 view .LVU168
 570 01de 0134     		adds	r4, r4, #1
 571              	.LVL70:
 572              	.L28:
 573              		.loc 1 82 27 discriminator 1 view .LVU169
 574 01e0 A542     		cmp	r5, r4
 575 01e2 F5DC     		bgt	.L29
 576              	.LBE9:
  83:Core/Src/nmea_parse.c ****             return 0;
 577              		.loc 1 83 13 view .LVU170
 578              		.loc 1 83 20 is_stmt 0 view .LVU171
 579 01e4 0020     		movs	r0, #0
 580 01e6 10E0     		b	.L9
 581              	.LVL71:
 582              	.L34:
 583              		.loc 1 83 20 view .LVU172
 584 01e8 0024     		movs	r4, #0
 585              	.LVL72:
 586              		.loc 1 83 20 view .LVU173
 587 01ea F9E7     		b	.L28
 588              	.LVL73:
 589              	.L35:
 590              		.loc 1 83 20 view .LVU174
 591 01ec 0024     		movs	r4, #0
 592              	.LVL74:
ARM GAS  /tmp/cchPTXJQ.s 			page 13


 593              		.loc 1 83 20 view .LVU175
 594 01ee F7E7     		b	.L28
 595              	.LVL75:
 596              	.L40:
 597              		.loc 1 83 20 view .LVU176
 598 01f0 0024     		movs	r4, #0
 599              	.LVL76:
 600              		.loc 1 83 20 view .LVU177
 601 01f2 F5E7     		b	.L28
 602              	.LVL77:
 603              	.L31:
 604              		.loc 1 83 20 view .LVU178
 605              	.LBE10:
 606              	.LBB11:
  84:Core/Src/nmea_parse.c ****         }
  85:Core/Src/nmea_parse.c **** 
  86:Core/Src/nmea_parse.c ****     }
  87:Core/Src/nmea_parse.c **** 
  88:Core/Src/nmea_parse.c ****     for(int i=0; i<counter; i++) free(values[i]);
 607              		.loc 1 88 34 is_stmt 1 discriminator 3 view .LVU179
 608              		.loc 1 88 45 is_stmt 0 discriminator 3 view .LVU180
 609 01f4 20AB     		add	r3, sp, #128
 610 01f6 03EB8403 		add	r3, r3, r4, lsl #2
 611              		.loc 1 88 34 discriminator 3 view .LVU181
 612 01fa 53F8640C 		ldr	r0, [r3, #-100]
 613 01fe FFF7FEFF 		bl	free
 614              	.LVL78:
 615              		.loc 1 88 30 is_stmt 1 discriminator 3 view .LVU182
 616 0202 0134     		adds	r4, r4, #1
 617              	.LVL79:
 618              	.L27:
 619              		.loc 1 88 19 discriminator 1 view .LVU183
 620 0204 A542     		cmp	r5, r4
 621 0206 F5DC     		bgt	.L31
 622              	.LBE11:
  89:Core/Src/nmea_parse.c ****     return 1;
 623              		.loc 1 89 12 is_stmt 0 view .LVU184
 624 0208 0120     		movs	r0, #1
 625              	.LVL80:
 626              	.L9:
  90:Core/Src/nmea_parse.c **** }
 627              		.loc 1 90 1 view .LVU185
 628 020a 21B0     		add	sp, sp, #132
 629              	.LCFI7:
 630              		.cfi_def_cfa_offset 36
 631              		@ sp needed
 632 020c BDEC028B 		vldm	sp!, {d8}
 633              	.LCFI8:
 634              		.cfi_restore 80
 635              		.cfi_restore 81
 636              		.cfi_def_cfa_offset 28
 637 0210 BDE8F083 		pop	{r4, r5, r6, r7, r8, r9, pc}
 638              	.LVL81:
 639              	.L46:
 640              		.loc 1 90 1 view .LVU186
 641              		.align	2
 642              	.L45:
ARM GAS  /tmp/cchPTXJQ.s 			page 14


 643 0214 00000000 		.word	.LC0
 644 0218 00007042 		.word	1114636288
 645 021c 0000B442 		.word	1119092736
 646 0220 00003443 		.word	1127481344
 647              		.cfi_endproc
 648              	.LFE135:
 650              		.section	.text.nmea_GPGSA,"ax",%progbits
 651              		.align	1
 652              		.global	nmea_GPGSA
 653              		.syntax unified
 654              		.thumb
 655              		.thumb_func
 657              	nmea_GPGSA:
 658              	.LVL82:
 659              	.LFB136:
  91:Core/Src/nmea_parse.c **** 
  92:Core/Src/nmea_parse.c **** 
  93:Core/Src/nmea_parse.c **** int nmea_GPGSA(GPS *gps_data, char*inputString){
 660              		.loc 1 93 48 is_stmt 1 view -0
 661              		.cfi_startproc
 662              		@ args = 0, pretend = 0, frame = 104
 663              		@ frame_needed = 0, uses_anonymous_args = 0
 664              		.loc 1 93 48 is_stmt 0 view .LVU188
 665 0000 F0B5     		push	{r4, r5, r6, r7, lr}
 666              	.LCFI9:
 667              		.cfi_def_cfa_offset 20
 668              		.cfi_offset 4, -20
 669              		.cfi_offset 5, -16
 670              		.cfi_offset 6, -12
 671              		.cfi_offset 7, -8
 672              		.cfi_offset 14, -4
 673 0002 9BB0     		sub	sp, sp, #108
 674              	.LCFI10:
 675              		.cfi_def_cfa_offset 128
 676 0004 0646     		mov	r6, r0
 677 0006 0C46     		mov	r4, r1
  94:Core/Src/nmea_parse.c ****     char *values[25];
 678              		.loc 1 94 5 is_stmt 1 view .LVU189
  95:Core/Src/nmea_parse.c ****     int counter = 0;
 679              		.loc 1 95 5 view .LVU190
 680              	.LVL83:
  96:Core/Src/nmea_parse.c ****     memset(values, 0, sizeof(values));
 681              		.loc 1 96 5 view .LVU191
 682 0008 6422     		movs	r2, #100
 683 000a 0021     		movs	r1, #0
 684              	.LVL84:
 685              		.loc 1 96 5 is_stmt 0 view .LVU192
 686 000c 01A8     		add	r0, sp, #4
 687              	.LVL85:
 688              		.loc 1 96 5 view .LVU193
 689 000e FFF7FEFF 		bl	memset
 690              	.LVL86:
  97:Core/Src/nmea_parse.c ****     char *marker = strtok(inputString, ",");
 691              		.loc 1 97 5 is_stmt 1 view .LVU194
 692              		.loc 1 97 20 is_stmt 0 view .LVU195
 693 0012 2449     		ldr	r1, .L57
 694 0014 2046     		mov	r0, r4
ARM GAS  /tmp/cchPTXJQ.s 			page 15


 695 0016 FFF7FEFF 		bl	strtok
 696              	.LVL87:
 697 001a 0446     		mov	r4, r0
 698              	.LVL88:
  98:Core/Src/nmea_parse.c ****     while (marker != NULL) {
 699              		.loc 1 98 5 is_stmt 1 view .LVU196
  95:Core/Src/nmea_parse.c ****     memset(values, 0, sizeof(values));
 700              		.loc 1 95 9 is_stmt 0 view .LVU197
 701 001c 0025     		movs	r5, #0
 702              		.loc 1 98 11 view .LVU198
 703 001e 14E0     		b	.L48
 704              	.LVL89:
 705              	.L49:
  99:Core/Src/nmea_parse.c ****         values[counter++] = malloc(strlen(marker) + 1); //free later!!!!!!
 706              		.loc 1 99 9 is_stmt 1 view .LVU199
 707              		.loc 1 99 36 is_stmt 0 view .LVU200
 708 0020 2046     		mov	r0, r4
 709              	.LVL90:
 710              		.loc 1 99 36 view .LVU201
 711 0022 FFF7FEFF 		bl	strlen
 712              	.LVL91:
 713              		.loc 1 99 23 view .LVU202
 714 0026 6F1C     		adds	r7, r5, #1
 715              	.LVL92:
 716              		.loc 1 99 29 view .LVU203
 717 0028 0130     		adds	r0, r0, #1
 718 002a FFF7FEFF 		bl	malloc
 719              	.LVL93:
 720              		.loc 1 99 27 view .LVU204
 721 002e 1AAB     		add	r3, sp, #104
 722 0030 03EB8505 		add	r5, r3, r5, lsl #2
 723 0034 45F8640C 		str	r0, [r5, #-100]
 100:Core/Src/nmea_parse.c ****         strcpy(values[counter - 1], marker);
 724              		.loc 1 100 9 is_stmt 1 view .LVU205
 725 0038 2146     		mov	r1, r4
 726 003a FFF7FEFF 		bl	strcpy
 727              	.LVL94:
 101:Core/Src/nmea_parse.c ****         marker = strtok(NULL, ",");
 728              		.loc 1 101 9 view .LVU206
 729              		.loc 1 101 18 is_stmt 0 view .LVU207
 730 003e 1949     		ldr	r1, .L57
 731 0040 0020     		movs	r0, #0
 732 0042 FFF7FEFF 		bl	strtok
 733              	.LVL95:
 734 0046 0446     		mov	r4, r0
 735              	.LVL96:
  99:Core/Src/nmea_parse.c ****         values[counter++] = malloc(strlen(marker) + 1); //free later!!!!!!
 736              		.loc 1 99 23 view .LVU208
 737 0048 3D46     		mov	r5, r7
 738              	.LVL97:
 739              	.L48:
  98:Core/Src/nmea_parse.c ****         values[counter++] = malloc(strlen(marker) + 1); //free later!!!!!!
 740              		.loc 1 98 19 is_stmt 1 view .LVU209
 741 004a 002C     		cmp	r4, #0
 742 004c E8D1     		bne	.L49
 102:Core/Src/nmea_parse.c ****     }
 103:Core/Src/nmea_parse.c ****     int fix = strtol(values[2], NULL, 10);
ARM GAS  /tmp/cchPTXJQ.s 			page 16


 743              		.loc 1 103 5 view .LVU210
 744              		.loc 1 103 15 is_stmt 0 view .LVU211
 745 004e 0A22     		movs	r2, #10
 746 0050 0021     		movs	r1, #0
 747 0052 0398     		ldr	r0, [sp, #12]
 748              	.LVL98:
 749              		.loc 1 103 15 view .LVU212
 750 0054 FFF7FEFF 		bl	strtol
 751              	.LVL99:
 104:Core/Src/nmea_parse.c ****     gps_data->fix = fix > 1 ? 1 : 0;
 752              		.loc 1 104 5 is_stmt 1 view .LVU213
 753              		.loc 1 104 33 is_stmt 0 view .LVU214
 754 0058 0128     		cmp	r0, #1
 755 005a D4BF     		ite	le
 756 005c 0020     		movle	r0, #0
 757              	.LVL100:
 758              		.loc 1 104 33 view .LVU215
 759 005e 0120     		movgt	r0, #1
 760              		.loc 1 104 19 view .LVU216
 761 0060 B062     		str	r0, [r6, #40]
 105:Core/Src/nmea_parse.c ****     int satelliteCount = 0;
 762              		.loc 1 105 5 is_stmt 1 view .LVU217
 763              	.LVL101:
 106:Core/Src/nmea_parse.c ****     for(int i=3; i<15; i++){
 764              		.loc 1 106 5 view .LVU218
 765              	.LBB12:
 766              		.loc 1 106 9 view .LVU219
 767              		.loc 1 106 13 is_stmt 0 view .LVU220
 768 0062 0323     		movs	r3, #3
 769              	.LBE12:
 105:Core/Src/nmea_parse.c ****     int satelliteCount = 0;
 770              		.loc 1 105 9 view .LVU221
 771 0064 0021     		movs	r1, #0
 772              	.LBB13:
 773              		.loc 1 106 5 view .LVU222
 774 0066 00E0     		b	.L50
 775              	.LVL102:
 776              	.L51:
 777              		.loc 1 106 25 is_stmt 1 discriminator 2 view .LVU223
 778 0068 0133     		adds	r3, r3, #1
 779              	.LVL103:
 780              	.L50:
 781              		.loc 1 106 19 discriminator 1 view .LVU224
 782 006a 0E2B     		cmp	r3, #14
 783 006c 09DC     		bgt	.L56
 107:Core/Src/nmea_parse.c ****         if(values[i][0] != '\0'){
 784              		.loc 1 107 9 view .LVU225
 785              		.loc 1 107 18 is_stmt 0 view .LVU226
 786 006e 1AAA     		add	r2, sp, #104
 787 0070 02EB8302 		add	r2, r2, r3, lsl #2
 788 0074 52F8642C 		ldr	r2, [r2, #-100]
 789              		.loc 1 107 21 view .LVU227
 790 0078 1278     		ldrb	r2, [r2]	@ zero_extendqisi2
 791              		.loc 1 107 11 view .LVU228
 792 007a 002A     		cmp	r2, #0
 793 007c F4D0     		beq	.L51
 108:Core/Src/nmea_parse.c ****             satelliteCount++;
ARM GAS  /tmp/cchPTXJQ.s 			page 17


 794              		.loc 1 108 13 is_stmt 1 view .LVU229
 795              		.loc 1 108 27 is_stmt 0 view .LVU230
 796 007e 0131     		adds	r1, r1, #1
 797              	.LVL104:
 798              		.loc 1 108 27 view .LVU231
 799 0080 F2E7     		b	.L51
 800              	.L56:
 801              		.loc 1 108 27 view .LVU232
 802              	.LBE13:
 109:Core/Src/nmea_parse.c ****         }
 110:Core/Src/nmea_parse.c ****     }
 111:Core/Src/nmea_parse.c ****     gps_data->satelliteCount = satelliteCount;
 803              		.loc 1 111 5 is_stmt 1 view .LVU233
 804              		.loc 1 111 30 is_stmt 0 view .LVU234
 805 0082 7162     		str	r1, [r6, #36]
 112:Core/Src/nmea_parse.c ****     for(int i=0; i<counter; i++) free(values[i]);
 806              		.loc 1 112 5 is_stmt 1 view .LVU235
 807              	.LBB14:
 808              		.loc 1 112 9 view .LVU236
 809              	.LVL105:
 810              		.loc 1 112 13 is_stmt 0 view .LVU237
 811 0084 0024     		movs	r4, #0
 812              	.LVL106:
 813              		.loc 1 112 5 view .LVU238
 814 0086 07E0     		b	.L53
 815              	.LVL107:
 816              	.L54:
 817              		.loc 1 112 34 is_stmt 1 discriminator 3 view .LVU239
 818              		.loc 1 112 45 is_stmt 0 discriminator 3 view .LVU240
 819 0088 1AAB     		add	r3, sp, #104
 820 008a 03EB8403 		add	r3, r3, r4, lsl #2
 821              		.loc 1 112 34 discriminator 3 view .LVU241
 822 008e 53F8640C 		ldr	r0, [r3, #-100]
 823 0092 FFF7FEFF 		bl	free
 824              	.LVL108:
 825              		.loc 1 112 30 is_stmt 1 discriminator 3 view .LVU242
 826 0096 0134     		adds	r4, r4, #1
 827              	.LVL109:
 828              	.L53:
 829              		.loc 1 112 19 discriminator 1 view .LVU243
 830 0098 A542     		cmp	r5, r4
 831 009a F5DC     		bgt	.L54
 832              	.LBE14:
 113:Core/Src/nmea_parse.c ****     return 1;
 833              		.loc 1 113 5 view .LVU244
 114:Core/Src/nmea_parse.c **** }
 834              		.loc 1 114 1 is_stmt 0 view .LVU245
 835 009c 0120     		movs	r0, #1
 836 009e 1BB0     		add	sp, sp, #108
 837              	.LCFI11:
 838              		.cfi_def_cfa_offset 20
 839              		@ sp needed
 840 00a0 F0BD     		pop	{r4, r5, r6, r7, pc}
 841              	.LVL110:
 842              	.L58:
 843              		.loc 1 114 1 view .LVU246
 844 00a2 00BF     		.align	2
ARM GAS  /tmp/cchPTXJQ.s 			page 18


 845              	.L57:
 846 00a4 00000000 		.word	.LC0
 847              		.cfi_endproc
 848              	.LFE136:
 850              		.section	.text.nmea_GPGLL,"ax",%progbits
 851              		.align	1
 852              		.global	nmea_GPGLL
 853              		.syntax unified
 854              		.thumb
 855              		.thumb_func
 857              	nmea_GPGLL:
 858              	.LVL111:
 859              	.LFB137:
 115:Core/Src/nmea_parse.c **** 
 116:Core/Src/nmea_parse.c **** 
 117:Core/Src/nmea_parse.c **** 
 118:Core/Src/nmea_parse.c **** int nmea_GPGLL(GPS *gps_data, char*inputString) {
 860              		.loc 1 118 49 is_stmt 1 view -0
 861              		.cfi_startproc
 862              		@ args = 0, pretend = 0, frame = 128
 863              		@ frame_needed = 0, uses_anonymous_args = 0
 864              		.loc 1 118 49 is_stmt 0 view .LVU248
 865 0000 2DE9F04F 		push	{r4, r5, r6, r7, r8, r9, r10, fp, lr}
 866              	.LCFI12:
 867              		.cfi_def_cfa_offset 36
 868              		.cfi_offset 4, -36
 869              		.cfi_offset 5, -32
 870              		.cfi_offset 6, -28
 871              		.cfi_offset 7, -24
 872              		.cfi_offset 8, -20
 873              		.cfi_offset 9, -16
 874              		.cfi_offset 10, -12
 875              		.cfi_offset 11, -8
 876              		.cfi_offset 14, -4
 877 0004 2DED028B 		vpush.64	{d8}
 878              	.LCFI13:
 879              		.cfi_def_cfa_offset 44
 880              		.cfi_offset 80, -44
 881              		.cfi_offset 81, -40
 882 0008 A1B0     		sub	sp, sp, #132
 883              	.LCFI14:
 884              		.cfi_def_cfa_offset 176
 885 000a 0746     		mov	r7, r0
 886 000c 0C46     		mov	r4, r1
 119:Core/Src/nmea_parse.c **** 
 120:Core/Src/nmea_parse.c ****     char *values[25];
 887              		.loc 1 120 5 is_stmt 1 view .LVU249
 121:Core/Src/nmea_parse.c ****     int counter = 0;
 888              		.loc 1 121 5 view .LVU250
 889              	.LVL112:
 122:Core/Src/nmea_parse.c ****     memset(values, 0, sizeof(values));
 890              		.loc 1 122 5 view .LVU251
 891 000e 6422     		movs	r2, #100
 892 0010 0021     		movs	r1, #0
 893              	.LVL113:
 894              		.loc 1 122 5 is_stmt 0 view .LVU252
 895 0012 07A8     		add	r0, sp, #28
ARM GAS  /tmp/cchPTXJQ.s 			page 19


 896              	.LVL114:
 897              		.loc 1 122 5 view .LVU253
 898 0014 FFF7FEFF 		bl	memset
 899              	.LVL115:
 123:Core/Src/nmea_parse.c ****     char *marker = strtok(inputString, ",");
 900              		.loc 1 123 5 is_stmt 1 view .LVU254
 901              		.loc 1 123 20 is_stmt 0 view .LVU255
 902 0018 6649     		ldr	r1, .L88
 903 001a 2046     		mov	r0, r4
 904 001c FFF7FEFF 		bl	strtok
 905              	.LVL116:
 906 0020 0446     		mov	r4, r0
 907              	.LVL117:
 124:Core/Src/nmea_parse.c ****     while (marker != NULL) {
 908              		.loc 1 124 5 is_stmt 1 view .LVU256
 121:Core/Src/nmea_parse.c ****     memset(values, 0, sizeof(values));
 909              		.loc 1 121 9 is_stmt 0 view .LVU257
 910 0022 0025     		movs	r5, #0
 911              		.loc 1 124 11 view .LVU258
 912 0024 14E0     		b	.L60
 913              	.LVL118:
 914              	.L61:
 125:Core/Src/nmea_parse.c ****         values[counter++] = malloc(strlen(marker) + 1); //free later!!!!!!
 915              		.loc 1 125 9 is_stmt 1 view .LVU259
 916              		.loc 1 125 36 is_stmt 0 view .LVU260
 917 0026 2046     		mov	r0, r4
 918              	.LVL119:
 919              		.loc 1 125 36 view .LVU261
 920 0028 FFF7FEFF 		bl	strlen
 921              	.LVL120:
 922              		.loc 1 125 23 view .LVU262
 923 002c 6E1C     		adds	r6, r5, #1
 924              	.LVL121:
 925              		.loc 1 125 29 view .LVU263
 926 002e 0130     		adds	r0, r0, #1
 927 0030 FFF7FEFF 		bl	malloc
 928              	.LVL122:
 929              		.loc 1 125 27 view .LVU264
 930 0034 20AB     		add	r3, sp, #128
 931 0036 03EB8505 		add	r5, r3, r5, lsl #2
 932 003a 45F8640C 		str	r0, [r5, #-100]
 126:Core/Src/nmea_parse.c ****         strcpy(values[counter - 1], marker);
 933              		.loc 1 126 9 is_stmt 1 view .LVU265
 934 003e 2146     		mov	r1, r4
 935 0040 FFF7FEFF 		bl	strcpy
 936              	.LVL123:
 127:Core/Src/nmea_parse.c ****         marker = strtok(NULL, ",");
 937              		.loc 1 127 9 view .LVU266
 938              		.loc 1 127 18 is_stmt 0 view .LVU267
 939 0044 5B49     		ldr	r1, .L88
 940 0046 0020     		movs	r0, #0
 941 0048 FFF7FEFF 		bl	strtok
 942              	.LVL124:
 943 004c 0446     		mov	r4, r0
 944              	.LVL125:
 125:Core/Src/nmea_parse.c ****         values[counter++] = malloc(strlen(marker) + 1); //free later!!!!!!
 945              		.loc 1 125 23 view .LVU268
ARM GAS  /tmp/cchPTXJQ.s 			page 20


 946 004e 3546     		mov	r5, r6
 947              	.LVL126:
 948              	.L60:
 124:Core/Src/nmea_parse.c ****         values[counter++] = malloc(strlen(marker) + 1); //free later!!!!!!
 949              		.loc 1 124 19 is_stmt 1 view .LVU269
 950 0050 002C     		cmp	r4, #0
 951 0052 E8D1     		bne	.L61
 128:Core/Src/nmea_parse.c ****     }
 129:Core/Src/nmea_parse.c ****     char latSide = values[2][0];
 952              		.loc 1 129 5 view .LVU270
 953              		.loc 1 129 26 is_stmt 0 view .LVU271
 954 0054 099B     		ldr	r3, [sp, #36]
 955              		.loc 1 129 10 view .LVU272
 956 0056 93F80080 		ldrb	r8, [r3]	@ zero_extendqisi2
 957              	.LVL127:
 130:Core/Src/nmea_parse.c ****     if (latSide == 'S' || latSide == 'N') { //check if data is sorta intact
 958              		.loc 1 130 5 is_stmt 1 view .LVU273
 959              		.loc 1 130 8 is_stmt 0 view .LVU274
 960 005a B8F1530F 		cmp	r8, #83
 961 005e 1BD0     		beq	.L79
 962              		.loc 1 130 24 discriminator 1 view .LVU275
 963 0060 B8F14E0F 		cmp	r8, #78
 964 0064 1AD0     		beq	.L80
 131:Core/Src/nmea_parse.c ****         char lat_d[2];
 132:Core/Src/nmea_parse.c ****         char lat_m[7];
 133:Core/Src/nmea_parse.c ****         for (int z = 0; z < 2; z++) lat_d[z] = values[1][z];
 134:Core/Src/nmea_parse.c ****         for (int z = 0; z < 6; z++) lat_m[z] = values[1][z + 2];
 135:Core/Src/nmea_parse.c **** 
 136:Core/Src/nmea_parse.c ****         int lat_deg_strtol = strtol(lat_d, NULL, 10);
 137:Core/Src/nmea_parse.c ****         float lat_min_strtof = strtof(lat_m, NULL);
 138:Core/Src/nmea_parse.c ****         double lat_deg = lat_deg_strtol + lat_min_strtof / 60;
 139:Core/Src/nmea_parse.c **** 
 140:Core/Src/nmea_parse.c ****         char lon_d[3];
 141:Core/Src/nmea_parse.c ****         char lon_m[7];
 142:Core/Src/nmea_parse.c ****         char lonSide = values[4][0];
 143:Core/Src/nmea_parse.c ****         for (int z = 0; z < 3; z++) lon_d[z] = values[3][z];
 144:Core/Src/nmea_parse.c ****         for (int z = 0; z < 6; z++) lon_m[z] = values[3][z + 3];
 145:Core/Src/nmea_parse.c **** 
 146:Core/Src/nmea_parse.c ****         int lon_deg_strtol = strtol(lon_d, NULL, 10);
 147:Core/Src/nmea_parse.c ****         float lon_min_strtof = strtof(lon_m, NULL);
 148:Core/Src/nmea_parse.c ****         double lon_deg = lon_deg_strtol + lon_min_strtof / 60;
 149:Core/Src/nmea_parse.c ****         //confirm that we aren't on null island
 150:Core/Src/nmea_parse.c ****         if(lon_deg_strtol == 0 || lon_min_strtof == 0 || lat_deg_strtol == 0 || lat_min_strtof == 0
 151:Core/Src/nmea_parse.c ****             for(int i = 0; i<counter; i++) free(values[i]);
 152:Core/Src/nmea_parse.c ****             return 0;
 153:Core/Src/nmea_parse.c ****         }
 154:Core/Src/nmea_parse.c ****         else{
 155:Core/Src/nmea_parse.c ****             gps_data->latitude = lat_deg;
 156:Core/Src/nmea_parse.c ****             gps_data->longitude = lon_deg;
 157:Core/Src/nmea_parse.c ****             gps_data->latSide = latSide;
 158:Core/Src/nmea_parse.c ****             gps_data->lonSide = lonSide;
 159:Core/Src/nmea_parse.c ****             for(int i = 0; i<counter; i++) free(values[i]);
 160:Core/Src/nmea_parse.c ****             return 1;
 161:Core/Src/nmea_parse.c ****         }
 162:Core/Src/nmea_parse.c ****     }
 163:Core/Src/nmea_parse.c ****     else return 0;
 965              		.loc 1 163 17 view .LVU276
ARM GAS  /tmp/cchPTXJQ.s 			page 21


 966 0066 0020     		movs	r0, #0
 967              	.LVL128:
 968              		.loc 1 163 17 view .LVU277
 969 0068 8DE0     		b	.L59
 970              	.LVL129:
 971              	.L65:
 972              	.LBB15:
 973              	.LBB16:
 133:Core/Src/nmea_parse.c ****         for (int z = 0; z < 6; z++) lat_m[z] = values[1][z + 2];
 974              		.loc 1 133 37 is_stmt 1 discriminator 3 view .LVU278
 133:Core/Src/nmea_parse.c ****         for (int z = 0; z < 6; z++) lat_m[z] = values[1][z + 2];
 975              		.loc 1 133 54 is_stmt 0 discriminator 3 view .LVU279
 976 006a 089A     		ldr	r2, [sp, #32]
 133:Core/Src/nmea_parse.c ****         for (int z = 0; z < 6; z++) lat_m[z] = values[1][z + 2];
 977              		.loc 1 133 57 discriminator 3 view .LVU280
 978 006c D15C     		ldrb	r1, [r2, r3]	@ zero_extendqisi2
 133:Core/Src/nmea_parse.c ****         for (int z = 0; z < 6; z++) lat_m[z] = values[1][z + 2];
 979              		.loc 1 133 46 discriminator 3 view .LVU281
 980 006e 03F18002 		add	r2, r3, #128
 981 0072 6A44     		add	r2, sp, r2
 982 0074 02F87C1C 		strb	r1, [r2, #-124]
 133:Core/Src/nmea_parse.c ****         for (int z = 0; z < 6; z++) lat_m[z] = values[1][z + 2];
 983              		.loc 1 133 33 is_stmt 1 discriminator 3 view .LVU282
 984 0078 0133     		adds	r3, r3, #1
 985              	.LVL130:
 986              	.L64:
 133:Core/Src/nmea_parse.c ****         for (int z = 0; z < 6; z++) lat_m[z] = values[1][z + 2];
 987              		.loc 1 133 27 discriminator 1 view .LVU283
 988 007a 012B     		cmp	r3, #1
 989 007c F5DD     		ble	.L65
 990              	.LBE16:
 991              	.LBB17:
 134:Core/Src/nmea_parse.c **** 
 992              		.loc 1 134 18 is_stmt 0 view .LVU284
 993 007e 0023     		movs	r3, #0
 994              	.LVL131:
 995              	.L66:
 134:Core/Src/nmea_parse.c **** 
 996              		.loc 1 134 27 is_stmt 1 discriminator 1 view .LVU285
 997 0080 052B     		cmp	r3, #5
 998 0082 0DDC     		bgt	.L86
 134:Core/Src/nmea_parse.c **** 
 999              		.loc 1 134 37 discriminator 3 view .LVU286
 134:Core/Src/nmea_parse.c **** 
 1000              		.loc 1 134 54 is_stmt 0 discriminator 3 view .LVU287
 1001 0084 089A     		ldr	r2, [sp, #32]
 134:Core/Src/nmea_parse.c **** 
 1002              		.loc 1 134 57 discriminator 3 view .LVU288
 1003 0086 1A44     		add	r2, r2, r3
 1004 0088 9178     		ldrb	r1, [r2, #2]	@ zero_extendqisi2
 134:Core/Src/nmea_parse.c **** 
 1005              		.loc 1 134 46 discriminator 3 view .LVU289
 1006 008a 03F18002 		add	r2, r3, #128
 1007 008e 6A44     		add	r2, sp, r2
 1008 0090 02F8741C 		strb	r1, [r2, #-116]
 134:Core/Src/nmea_parse.c **** 
 1009              		.loc 1 134 33 is_stmt 1 discriminator 3 view .LVU290
ARM GAS  /tmp/cchPTXJQ.s 			page 22


 1010 0094 0133     		adds	r3, r3, #1
 1011              	.LVL132:
 134:Core/Src/nmea_parse.c **** 
 1012              		.loc 1 134 33 is_stmt 0 discriminator 3 view .LVU291
 1013 0096 F3E7     		b	.L66
 1014              	.LVL133:
 1015              	.L79:
 134:Core/Src/nmea_parse.c **** 
 1016              		.loc 1 134 33 discriminator 3 view .LVU292
 1017              	.LBE17:
 1018              	.LBE15:
 1019 0098 0023     		movs	r3, #0
 1020 009a EEE7     		b	.L64
 1021              	.L80:
 1022 009c 0023     		movs	r3, #0
 1023 009e ECE7     		b	.L64
 1024              	.LVL134:
 1025              	.L86:
 1026              	.LBB23:
 136:Core/Src/nmea_parse.c ****         float lat_min_strtof = strtof(lat_m, NULL);
 1027              		.loc 1 136 9 is_stmt 1 view .LVU293
 136:Core/Src/nmea_parse.c ****         float lat_min_strtof = strtof(lat_m, NULL);
 1028              		.loc 1 136 30 is_stmt 0 view .LVU294
 1029 00a0 0A22     		movs	r2, #10
 1030 00a2 0021     		movs	r1, #0
 1031 00a4 01A8     		add	r0, sp, #4
 1032              	.LVL135:
 136:Core/Src/nmea_parse.c ****         float lat_min_strtof = strtof(lat_m, NULL);
 1033              		.loc 1 136 30 view .LVU295
 1034 00a6 FFF7FEFF 		bl	strtol
 1035              	.LVL136:
 136:Core/Src/nmea_parse.c ****         float lat_min_strtof = strtof(lat_m, NULL);
 1036              		.loc 1 136 30 view .LVU296
 1037 00aa 0646     		mov	r6, r0
 1038              	.LVL137:
 137:Core/Src/nmea_parse.c ****         double lat_deg = lat_deg_strtol + lat_min_strtof / 60;
 1039              		.loc 1 137 9 is_stmt 1 view .LVU297
 137:Core/Src/nmea_parse.c ****         double lat_deg = lat_deg_strtol + lat_min_strtof / 60;
 1040              		.loc 1 137 32 is_stmt 0 view .LVU298
 1041 00ac 0021     		movs	r1, #0
 1042 00ae 03A8     		add	r0, sp, #12
 1043              	.LVL138:
 137:Core/Src/nmea_parse.c ****         double lat_deg = lat_deg_strtol + lat_min_strtof / 60;
 1044              		.loc 1 137 32 view .LVU299
 1045 00b0 FFF7FEFF 		bl	strtof
 1046              	.LVL139:
 1047 00b4 F0EE408A 		vmov.f32	s17, s0
 1048              	.LVL140:
 138:Core/Src/nmea_parse.c **** 
 1049              		.loc 1 138 9 is_stmt 1 view .LVU300
 138:Core/Src/nmea_parse.c **** 
 1050              		.loc 1 138 58 is_stmt 0 view .LVU301
 1051 00b8 9FED3F7A 		vldr.32	s14, .L88+4
 1052 00bc C0EE077A 		vdiv.f32	s15, s0, s14
 138:Core/Src/nmea_parse.c **** 
 1053              		.loc 1 138 41 view .LVU302
 1054 00c0 07EE106A 		vmov	s14, r6	@ int
ARM GAS  /tmp/cchPTXJQ.s 			page 23


 1055 00c4 B8EEC77A 		vcvt.f32.s32	s14, s14
 138:Core/Src/nmea_parse.c **** 
 1056              		.loc 1 138 16 view .LVU303
 1057 00c8 77EE277A 		vadd.f32	s15, s14, s15
 1058 00cc 17EE900A 		vmov	r0, s15
 1059 00d0 FFF7FEFF 		bl	__aeabi_f2d
 1060              	.LVL141:
 138:Core/Src/nmea_parse.c **** 
 1061              		.loc 1 138 16 view .LVU304
 1062 00d4 8246     		mov	r10, r0
 1063 00d6 8B46     		mov	fp, r1
 1064              	.LVL142:
 140:Core/Src/nmea_parse.c ****         char lon_m[7];
 1065              		.loc 1 140 9 is_stmt 1 view .LVU305
 141:Core/Src/nmea_parse.c ****         char lonSide = values[4][0];
 1066              		.loc 1 141 9 view .LVU306
 142:Core/Src/nmea_parse.c ****         for (int z = 0; z < 3; z++) lon_d[z] = values[3][z];
 1067              		.loc 1 142 9 view .LVU307
 142:Core/Src/nmea_parse.c ****         for (int z = 0; z < 3; z++) lon_d[z] = values[3][z];
 1068              		.loc 1 142 30 is_stmt 0 view .LVU308
 1069 00d8 0B9B     		ldr	r3, [sp, #44]
 142:Core/Src/nmea_parse.c ****         for (int z = 0; z < 3; z++) lon_d[z] = values[3][z];
 1070              		.loc 1 142 14 view .LVU309
 1071 00da 93F80090 		ldrb	r9, [r3]	@ zero_extendqisi2
 1072              	.LVL143:
 143:Core/Src/nmea_parse.c ****         for (int z = 0; z < 6; z++) lon_m[z] = values[3][z + 3];
 1073              		.loc 1 143 9 is_stmt 1 view .LVU310
 1074              	.LBB18:
 143:Core/Src/nmea_parse.c ****         for (int z = 0; z < 6; z++) lon_m[z] = values[3][z + 3];
 1075              		.loc 1 143 14 view .LVU311
 143:Core/Src/nmea_parse.c ****         for (int z = 0; z < 6; z++) lon_m[z] = values[3][z + 3];
 1076              		.loc 1 143 18 is_stmt 0 view .LVU312
 1077 00de 0023     		movs	r3, #0
 143:Core/Src/nmea_parse.c ****         for (int z = 0; z < 6; z++) lon_m[z] = values[3][z + 3];
 1078              		.loc 1 143 9 view .LVU313
 1079 00e0 07E0     		b	.L68
 1080              	.LVL144:
 1081              	.L69:
 143:Core/Src/nmea_parse.c ****         for (int z = 0; z < 6; z++) lon_m[z] = values[3][z + 3];
 1082              		.loc 1 143 37 is_stmt 1 discriminator 3 view .LVU314
 143:Core/Src/nmea_parse.c ****         for (int z = 0; z < 6; z++) lon_m[z] = values[3][z + 3];
 1083              		.loc 1 143 54 is_stmt 0 discriminator 3 view .LVU315
 1084 00e2 0A9A     		ldr	r2, [sp, #40]
 143:Core/Src/nmea_parse.c ****         for (int z = 0; z < 6; z++) lon_m[z] = values[3][z + 3];
 1085              		.loc 1 143 57 discriminator 3 view .LVU316
 1086 00e4 D15C     		ldrb	r1, [r2, r3]	@ zero_extendqisi2
 143:Core/Src/nmea_parse.c ****         for (int z = 0; z < 6; z++) lon_m[z] = values[3][z + 3];
 1087              		.loc 1 143 46 discriminator 3 view .LVU317
 1088 00e6 03F18002 		add	r2, r3, #128
 1089 00ea 6A44     		add	r2, sp, r2
 1090 00ec 02F8781C 		strb	r1, [r2, #-120]
 143:Core/Src/nmea_parse.c ****         for (int z = 0; z < 6; z++) lon_m[z] = values[3][z + 3];
 1091              		.loc 1 143 33 is_stmt 1 discriminator 3 view .LVU318
 1092 00f0 0133     		adds	r3, r3, #1
 1093              	.LVL145:
 1094              	.L68:
 143:Core/Src/nmea_parse.c ****         for (int z = 0; z < 6; z++) lon_m[z] = values[3][z + 3];
ARM GAS  /tmp/cchPTXJQ.s 			page 24


 1095              		.loc 1 143 27 discriminator 1 view .LVU319
 1096 00f2 022B     		cmp	r3, #2
 1097 00f4 F5DD     		ble	.L69
 1098              	.LBE18:
 1099              	.LBB19:
 144:Core/Src/nmea_parse.c **** 
 1100              		.loc 1 144 18 is_stmt 0 view .LVU320
 1101 00f6 0023     		movs	r3, #0
 1102              	.LVL146:
 1103              	.L70:
 144:Core/Src/nmea_parse.c **** 
 1104              		.loc 1 144 27 is_stmt 1 discriminator 1 view .LVU321
 1105 00f8 052B     		cmp	r3, #5
 1106 00fa 09DC     		bgt	.L87
 144:Core/Src/nmea_parse.c **** 
 1107              		.loc 1 144 37 discriminator 3 view .LVU322
 144:Core/Src/nmea_parse.c **** 
 1108              		.loc 1 144 54 is_stmt 0 discriminator 3 view .LVU323
 1109 00fc 0A9A     		ldr	r2, [sp, #40]
 144:Core/Src/nmea_parse.c **** 
 1110              		.loc 1 144 57 discriminator 3 view .LVU324
 1111 00fe 1A44     		add	r2, r2, r3
 1112 0100 D178     		ldrb	r1, [r2, #3]	@ zero_extendqisi2
 144:Core/Src/nmea_parse.c **** 
 1113              		.loc 1 144 46 discriminator 3 view .LVU325
 1114 0102 03F18002 		add	r2, r3, #128
 1115 0106 6A44     		add	r2, sp, r2
 1116 0108 02F86C1C 		strb	r1, [r2, #-108]
 144:Core/Src/nmea_parse.c **** 
 1117              		.loc 1 144 33 is_stmt 1 discriminator 3 view .LVU326
 1118 010c 0133     		adds	r3, r3, #1
 1119              	.LVL147:
 144:Core/Src/nmea_parse.c **** 
 1120              		.loc 1 144 33 is_stmt 0 discriminator 3 view .LVU327
 1121 010e F3E7     		b	.L70
 1122              	.L87:
 144:Core/Src/nmea_parse.c **** 
 1123              		.loc 1 144 33 discriminator 3 view .LVU328
 1124              	.LBE19:
 146:Core/Src/nmea_parse.c ****         float lon_min_strtof = strtof(lon_m, NULL);
 1125              		.loc 1 146 9 is_stmt 1 view .LVU329
 146:Core/Src/nmea_parse.c ****         float lon_min_strtof = strtof(lon_m, NULL);
 1126              		.loc 1 146 30 is_stmt 0 view .LVU330
 1127 0110 0A22     		movs	r2, #10
 1128 0112 0021     		movs	r1, #0
 1129 0114 02A8     		add	r0, sp, #8
 1130 0116 FFF7FEFF 		bl	strtol
 1131              	.LVL148:
 146:Core/Src/nmea_parse.c ****         float lon_min_strtof = strtof(lon_m, NULL);
 1132              		.loc 1 146 30 view .LVU331
 1133 011a 0446     		mov	r4, r0
 1134              	.LVL149:
 147:Core/Src/nmea_parse.c ****         double lon_deg = lon_deg_strtol + lon_min_strtof / 60;
 1135              		.loc 1 147 9 is_stmt 1 view .LVU332
 147:Core/Src/nmea_parse.c ****         double lon_deg = lon_deg_strtol + lon_min_strtof / 60;
 1136              		.loc 1 147 32 is_stmt 0 view .LVU333
 1137 011c 0021     		movs	r1, #0
ARM GAS  /tmp/cchPTXJQ.s 			page 25


 1138 011e 05A8     		add	r0, sp, #20
 1139              	.LVL150:
 147:Core/Src/nmea_parse.c ****         double lon_deg = lon_deg_strtol + lon_min_strtof / 60;
 1140              		.loc 1 147 32 view .LVU334
 1141 0120 FFF7FEFF 		bl	strtof
 1142              	.LVL151:
 1143 0124 B0EE408A 		vmov.f32	s16, s0
 1144              	.LVL152:
 148:Core/Src/nmea_parse.c ****         //confirm that we aren't on null island
 1145              		.loc 1 148 9 is_stmt 1 view .LVU335
 148:Core/Src/nmea_parse.c ****         //confirm that we aren't on null island
 1146              		.loc 1 148 58 is_stmt 0 view .LVU336
 1147 0128 9FED237A 		vldr.32	s14, .L88+4
 1148 012c C0EE077A 		vdiv.f32	s15, s0, s14
 148:Core/Src/nmea_parse.c ****         //confirm that we aren't on null island
 1149              		.loc 1 148 41 view .LVU337
 1150 0130 07EE104A 		vmov	s14, r4	@ int
 1151 0134 B8EEC77A 		vcvt.f32.s32	s14, s14
 148:Core/Src/nmea_parse.c ****         //confirm that we aren't on null island
 1152              		.loc 1 148 16 view .LVU338
 1153 0138 77EE277A 		vadd.f32	s15, s14, s15
 1154 013c 17EE900A 		vmov	r0, s15
 1155 0140 FFF7FEFF 		bl	__aeabi_f2d
 1156              	.LVL153:
 150:Core/Src/nmea_parse.c ****             for(int i = 0; i<counter; i++) free(values[i]);
 1157              		.loc 1 150 9 is_stmt 1 view .LVU339
 150:Core/Src/nmea_parse.c ****             for(int i = 0; i<counter; i++) free(values[i]);
 1158              		.loc 1 150 11 is_stmt 0 view .LVU340
 1159 0144 E4B1     		cbz	r4, .L74
 150:Core/Src/nmea_parse.c ****             for(int i = 0; i<counter; i++) free(values[i]);
 1160              		.loc 1 150 32 discriminator 1 view .LVU341
 1161 0146 B5EE408A 		vcmp.f32	s16, #0
 1162 014a F1EE10FA 		vmrs	APSR_nzcv, FPSCR
 1163 014e 1FD0     		beq	.L81
 150:Core/Src/nmea_parse.c ****             for(int i = 0; i<counter; i++) free(values[i]);
 1164              		.loc 1 150 55 discriminator 2 view .LVU342
 1165 0150 06B3     		cbz	r6, .L82
 150:Core/Src/nmea_parse.c ****             for(int i = 0; i<counter; i++) free(values[i]);
 1166              		.loc 1 150 78 discriminator 3 view .LVU343
 1167 0152 F5EE408A 		vcmp.f32	s17, #0
 1168 0156 F1EE10FA 		vmrs	APSR_nzcv, FPSCR
 1169 015a 1DD0     		beq	.L83
 155:Core/Src/nmea_parse.c ****             gps_data->longitude = lon_deg;
 1170              		.loc 1 155 13 is_stmt 1 view .LVU344
 155:Core/Src/nmea_parse.c ****             gps_data->longitude = lon_deg;
 1171              		.loc 1 155 32 is_stmt 0 view .LVU345
 1172 015c C7E900AB 		strd	r10, [r7]
 156:Core/Src/nmea_parse.c ****             gps_data->latSide = latSide;
 1173              		.loc 1 156 13 is_stmt 1 view .LVU346
 156:Core/Src/nmea_parse.c ****             gps_data->latSide = latSide;
 1174              		.loc 1 156 33 is_stmt 0 view .LVU347
 1175 0160 C7E90401 		strd	r0, [r7, #16]
 157:Core/Src/nmea_parse.c ****             gps_data->lonSide = lonSide;
 1176              		.loc 1 157 13 is_stmt 1 view .LVU348
 157:Core/Src/nmea_parse.c ****             gps_data->lonSide = lonSide;
 1177              		.loc 1 157 31 is_stmt 0 view .LVU349
 1178 0164 87F80880 		strb	r8, [r7, #8]
ARM GAS  /tmp/cchPTXJQ.s 			page 26


 158:Core/Src/nmea_parse.c ****             for(int i = 0; i<counter; i++) free(values[i]);
 1179              		.loc 1 158 13 is_stmt 1 view .LVU350
 158:Core/Src/nmea_parse.c ****             for(int i = 0; i<counter; i++) free(values[i]);
 1180              		.loc 1 158 31 is_stmt 0 view .LVU351
 1181 0168 87F81890 		strb	r9, [r7, #24]
 159:Core/Src/nmea_parse.c ****             return 1;
 1182              		.loc 1 159 13 is_stmt 1 view .LVU352
 1183              	.LBB20:
 159:Core/Src/nmea_parse.c ****             return 1;
 1184              		.loc 1 159 17 view .LVU353
 1185              	.LVL154:
 159:Core/Src/nmea_parse.c ****             return 1;
 1186              		.loc 1 159 21 is_stmt 0 view .LVU354
 1187 016c 0024     		movs	r4, #0
 1188              	.LVL155:
 159:Core/Src/nmea_parse.c ****             return 1;
 1189              		.loc 1 159 13 view .LVU355
 1190 016e 1DE0     		b	.L77
 1191              	.LVL156:
 1192              	.L75:
 159:Core/Src/nmea_parse.c ****             return 1;
 1193              		.loc 1 159 13 view .LVU356
 1194              	.LBE20:
 1195              	.LBB21:
 151:Core/Src/nmea_parse.c ****             return 0;
 1196              		.loc 1 151 44 is_stmt 1 discriminator 3 view .LVU357
 151:Core/Src/nmea_parse.c ****             return 0;
 1197              		.loc 1 151 55 is_stmt 0 discriminator 3 view .LVU358
 1198 0170 20AB     		add	r3, sp, #128
 1199 0172 03EB8403 		add	r3, r3, r4, lsl #2
 151:Core/Src/nmea_parse.c ****             return 0;
 1200              		.loc 1 151 44 discriminator 3 view .LVU359
 1201 0176 53F8640C 		ldr	r0, [r3, #-100]
 1202 017a FFF7FEFF 		bl	free
 1203              	.LVL157:
 151:Core/Src/nmea_parse.c ****             return 0;
 1204              		.loc 1 151 40 is_stmt 1 discriminator 3 view .LVU360
 1205 017e 0134     		adds	r4, r4, #1
 1206              	.LVL158:
 1207              	.L74:
 151:Core/Src/nmea_parse.c ****             return 0;
 1208              		.loc 1 151 29 discriminator 1 view .LVU361
 1209 0180 A542     		cmp	r5, r4
 1210 0182 F5DC     		bgt	.L75
 1211              	.LBE21:
 152:Core/Src/nmea_parse.c ****         }
 1212              		.loc 1 152 20 is_stmt 0 view .LVU362
 1213 0184 0020     		movs	r0, #0
 1214              	.LVL159:
 1215              	.L59:
 152:Core/Src/nmea_parse.c ****         }
 1216              		.loc 1 152 20 view .LVU363
 1217              	.LBE23:
 164:Core/Src/nmea_parse.c **** }
 1218              		.loc 1 164 1 view .LVU364
 1219 0186 21B0     		add	sp, sp, #132
 1220              	.LCFI15:
ARM GAS  /tmp/cchPTXJQ.s 			page 27


 1221              		.cfi_remember_state
 1222              		.cfi_def_cfa_offset 44
 1223              		@ sp needed
 1224 0188 BDEC028B 		vldm	sp!, {d8}
 1225              	.LCFI16:
 1226              		.cfi_restore 80
 1227              		.cfi_restore 81
 1228              		.cfi_def_cfa_offset 36
 1229 018c BDE8F08F 		pop	{r4, r5, r6, r7, r8, r9, r10, fp, pc}
 1230              	.LVL160:
 1231              	.L81:
 1232              	.LCFI17:
 1233              		.cfi_restore_state
 1234              	.LBB24:
 1235              		.loc 1 164 1 view .LVU365
 1236 0190 0024     		movs	r4, #0
 1237              	.LVL161:
 1238              		.loc 1 164 1 view .LVU366
 1239 0192 F5E7     		b	.L74
 1240              	.LVL162:
 1241              	.L82:
 1242              		.loc 1 164 1 view .LVU367
 1243 0194 3446     		mov	r4, r6
 1244              	.LVL163:
 1245              		.loc 1 164 1 view .LVU368
 1246 0196 F3E7     		b	.L74
 1247              	.LVL164:
 1248              	.L83:
 1249              		.loc 1 164 1 view .LVU369
 1250 0198 0024     		movs	r4, #0
 1251              	.LVL165:
 1252              		.loc 1 164 1 view .LVU370
 1253 019a F1E7     		b	.L74
 1254              	.LVL166:
 1255              	.L78:
 1256              	.LBB22:
 159:Core/Src/nmea_parse.c ****             return 1;
 1257              		.loc 1 159 44 is_stmt 1 discriminator 3 view .LVU371
 159:Core/Src/nmea_parse.c ****             return 1;
 1258              		.loc 1 159 55 is_stmt 0 discriminator 3 view .LVU372
 1259 019c 20AB     		add	r3, sp, #128
 1260 019e 03EB8403 		add	r3, r3, r4, lsl #2
 159:Core/Src/nmea_parse.c ****             return 1;
 1261              		.loc 1 159 44 discriminator 3 view .LVU373
 1262 01a2 53F8640C 		ldr	r0, [r3, #-100]
 1263 01a6 FFF7FEFF 		bl	free
 1264              	.LVL167:
 159:Core/Src/nmea_parse.c ****             return 1;
 1265              		.loc 1 159 40 is_stmt 1 discriminator 3 view .LVU374
 1266 01aa 0134     		adds	r4, r4, #1
 1267              	.LVL168:
 1268              	.L77:
 159:Core/Src/nmea_parse.c ****             return 1;
 1269              		.loc 1 159 29 discriminator 1 view .LVU375
 1270 01ac A542     		cmp	r5, r4
 1271 01ae F5DC     		bgt	.L78
 1272              	.LBE22:
ARM GAS  /tmp/cchPTXJQ.s 			page 28


 160:Core/Src/nmea_parse.c ****         }
 1273              		.loc 1 160 20 is_stmt 0 view .LVU376
 1274 01b0 0120     		movs	r0, #1
 1275 01b2 E8E7     		b	.L59
 1276              	.L89:
 1277              		.align	2
 1278              	.L88:
 1279 01b4 00000000 		.word	.LC0
 1280 01b8 00007042 		.word	1114636288
 1281              	.LBE24:
 1282              		.cfi_endproc
 1283              	.LFE137:
 1285              		.section	.rodata.nmea_parse.str1.4,"aMS",%progbits,1
 1286              		.align	2
 1287              	.LC1:
 1288 0000 2400     		.ascii	"$\000"
 1289 0002 0000     		.align	2
 1290              	.LC2:
 1291 0004 0D0A00   		.ascii	"\015\012\000"
 1292 0007 00       		.align	2
 1293              	.LC3:
 1294 0008 4750474C 		.ascii	"GPGLL\000"
 1294      4C00
 1295 000e 0000     		.align	2
 1296              	.LC4:
 1297 0010 47504753 		.ascii	"GPGSA\000"
 1297      4100
 1298 0016 0000     		.align	2
 1299              	.LC5:
 1300 0018 47504747 		.ascii	"GPGGA\000"
 1300      4100
 1301              		.section	.text.nmea_parse,"ax",%progbits
 1302              		.align	1
 1303              		.global	nmea_parse
 1304              		.syntax unified
 1305              		.thumb
 1306              		.thumb_func
 1308              	nmea_parse:
 1309              	.LVL169:
 1310              	.LFB138:
 165:Core/Src/nmea_parse.c **** 
 166:Core/Src/nmea_parse.c **** void nmea_parse(GPS *gps_data, uint8_t *buffer){
 1311              		.loc 1 166 48 is_stmt 1 view -0
 1312              		.cfi_startproc
 1313              		@ args = 0, pretend = 0, frame = 0
 1314              		@ frame_needed = 0, uses_anonymous_args = 0
 1315              		.loc 1 166 48 is_stmt 0 view .LVU378
 1316 0000 F8B5     		push	{r3, r4, r5, r6, r7, lr}
 1317              	.LCFI18:
 1318              		.cfi_def_cfa_offset 24
 1319              		.cfi_offset 3, -24
 1320              		.cfi_offset 4, -20
 1321              		.cfi_offset 5, -16
 1322              		.cfi_offset 6, -12
 1323              		.cfi_offset 7, -8
 1324              		.cfi_offset 14, -4
 1325 0002 0746     		mov	r7, r0
ARM GAS  /tmp/cchPTXJQ.s 			page 29


 1326 0004 0C46     		mov	r4, r1
 167:Core/Src/nmea_parse.c ****     memset(data, 0, sizeof(data));
 1327              		.loc 1 167 5 is_stmt 1 view .LVU379
 1328 0006 3C22     		movs	r2, #60
 1329 0008 0021     		movs	r1, #0
 1330              	.LVL170:
 1331              		.loc 1 167 5 is_stmt 0 view .LVU380
 1332 000a 3048     		ldr	r0, .L104
 1333              	.LVL171:
 1334              		.loc 1 167 5 view .LVU381
 1335 000c FFF7FEFF 		bl	memset
 1336              	.LVL172:
 168:Core/Src/nmea_parse.c ****     char * token = strtok((char*)buffer, "$");
 1337              		.loc 1 168 5 is_stmt 1 view .LVU382
 1338              		.loc 1 168 20 is_stmt 0 view .LVU383
 1339 0010 2F49     		ldr	r1, .L104+4
 1340 0012 2046     		mov	r0, r4
 1341 0014 FFF7FEFF 		bl	strtok
 1342              	.LVL173:
 1343 0018 0446     		mov	r4, r0
 1344              	.LVL174:
 169:Core/Src/nmea_parse.c ****     int cnt = 0;
 1345              		.loc 1 169 5 is_stmt 1 view .LVU384
 170:Core/Src/nmea_parse.c ****     while(token !=NULL){
 1346              		.loc 1 170 5 view .LVU385
 169:Core/Src/nmea_parse.c ****     int cnt = 0;
 1347              		.loc 1 169 9 is_stmt 0 view .LVU386
 1348 001a 0025     		movs	r5, #0
 1349              		.loc 1 170 10 view .LVU387
 1350 001c 12E0     		b	.L91
 1351              	.LVL175:
 1352              	.L92:
 171:Core/Src/nmea_parse.c ****         data[cnt++] = malloc(strlen(token)+1); //free later!!!!!
 1353              		.loc 1 171 9 is_stmt 1 view .LVU388
 1354              		.loc 1 171 30 is_stmt 0 view .LVU389
 1355 001e 2046     		mov	r0, r4
 1356              	.LVL176:
 1357              		.loc 1 171 30 view .LVU390
 1358 0020 FFF7FEFF 		bl	strlen
 1359              	.LVL177:
 1360              		.loc 1 171 17 view .LVU391
 1361 0024 6E1C     		adds	r6, r5, #1
 1362              	.LVL178:
 1363              		.loc 1 171 23 view .LVU392
 1364 0026 0130     		adds	r0, r0, #1
 1365 0028 FFF7FEFF 		bl	malloc
 1366              	.LVL179:
 1367              		.loc 1 171 21 view .LVU393
 1368 002c 274B     		ldr	r3, .L104
 1369 002e 43F82500 		str	r0, [r3, r5, lsl #2]
 172:Core/Src/nmea_parse.c ****         strcpy(data[cnt-1], token);
 1370              		.loc 1 172 9 is_stmt 1 view .LVU394
 1371 0032 2146     		mov	r1, r4
 1372 0034 FFF7FEFF 		bl	strcpy
 1373              	.LVL180:
 173:Core/Src/nmea_parse.c ****         token = strtok(NULL, "$");
 1374              		.loc 1 173 9 view .LVU395
ARM GAS  /tmp/cchPTXJQ.s 			page 30


 1375              		.loc 1 173 17 is_stmt 0 view .LVU396
 1376 0038 2549     		ldr	r1, .L104+4
 1377 003a 0020     		movs	r0, #0
 1378 003c FFF7FEFF 		bl	strtok
 1379              	.LVL181:
 1380 0040 0446     		mov	r4, r0
 1381              	.LVL182:
 171:Core/Src/nmea_parse.c ****         data[cnt++] = malloc(strlen(token)+1); //free later!!!!!
 1382              		.loc 1 171 17 view .LVU397
 1383 0042 3546     		mov	r5, r6
 1384              	.LVL183:
 1385              	.L91:
 170:Core/Src/nmea_parse.c ****         data[cnt++] = malloc(strlen(token)+1); //free later!!!!!
 1386              		.loc 1 170 17 is_stmt 1 view .LVU398
 1387 0044 002C     		cmp	r4, #0
 1388 0046 EAD1     		bne	.L92
 170:Core/Src/nmea_parse.c ****         data[cnt++] = malloc(strlen(token)+1); //free later!!!!!
 1389              		.loc 1 170 17 is_stmt 0 view .LVU399
 1390 0048 09E0     		b	.L93
 1391              	.LVL184:
 1392              	.L95:
 1393              	.LBB25:
 174:Core/Src/nmea_parse.c ****     }
 175:Core/Src/nmea_parse.c ****     for(int i = 0; i<cnt; i++){
 176:Core/Src/nmea_parse.c ****        if(strstr(data[i], "\r\n")!=NULL && gps_checksum(data[i])){
 177:Core/Src/nmea_parse.c ****            if(strstr(data[i], "GPGLL")!=NULL){
 178:Core/Src/nmea_parse.c ****                nmea_GPGLL(gps_data, data[i]);
 179:Core/Src/nmea_parse.c ****            }
 180:Core/Src/nmea_parse.c ****            else if(strstr(data[i], "GPGSA")!=NULL){
 1394              		.loc 1 180 17 is_stmt 1 view .LVU400
 1395              		.loc 1 180 20 is_stmt 0 view .LVU401
 1396 004a 2249     		ldr	r1, .L104+8
 1397 004c 3046     		mov	r0, r6
 1398 004e FFF7FEFF 		bl	strstr
 1399              	.LVL185:
 1400              		.loc 1 180 19 view .LVU402
 1401 0052 10B3     		cbz	r0, .L96
 181:Core/Src/nmea_parse.c ****                nmea_GPGSA(gps_data, data[i]);
 1402              		.loc 1 181 16 is_stmt 1 view .LVU403
 1403 0054 3146     		mov	r1, r6
 1404 0056 3846     		mov	r0, r7
 1405 0058 FFF7FEFF 		bl	nmea_GPGSA
 1406              	.LVL186:
 1407              	.L94:
 175:Core/Src/nmea_parse.c ****        if(strstr(data[i], "\r\n")!=NULL && gps_checksum(data[i])){
 1408              		.loc 1 175 28 discriminator 2 view .LVU404
 1409 005c 0134     		adds	r4, r4, #1
 1410              	.LVL187:
 1411              	.L93:
 175:Core/Src/nmea_parse.c ****        if(strstr(data[i], "\r\n")!=NULL && gps_checksum(data[i])){
 1412              		.loc 1 175 21 discriminator 1 view .LVU405
 1413 005e A542     		cmp	r5, r4
 1414 0060 26DD     		ble	.L102
 176:Core/Src/nmea_parse.c ****            if(strstr(data[i], "GPGLL")!=NULL){
 1415              		.loc 1 176 8 view .LVU406
 176:Core/Src/nmea_parse.c ****            if(strstr(data[i], "GPGLL")!=NULL){
 1416              		.loc 1 176 22 is_stmt 0 view .LVU407
ARM GAS  /tmp/cchPTXJQ.s 			page 31


 1417 0062 1A4B     		ldr	r3, .L104
 1418 0064 53F82460 		ldr	r6, [r3, r4, lsl #2]
 176:Core/Src/nmea_parse.c ****            if(strstr(data[i], "GPGLL")!=NULL){
 1419              		.loc 1 176 11 view .LVU408
 1420 0068 1B49     		ldr	r1, .L104+12
 1421 006a 3046     		mov	r0, r6
 1422 006c FFF7FEFF 		bl	strstr
 1423              	.LVL188:
 176:Core/Src/nmea_parse.c ****            if(strstr(data[i], "GPGLL")!=NULL){
 1424              		.loc 1 176 10 view .LVU409
 1425 0070 0028     		cmp	r0, #0
 1426 0072 F3D0     		beq	.L94
 176:Core/Src/nmea_parse.c ****            if(strstr(data[i], "GPGLL")!=NULL){
 1427              		.loc 1 176 44 discriminator 1 view .LVU410
 1428 0074 3046     		mov	r0, r6
 1429 0076 FFF7FEFF 		bl	gps_checksum
 1430              	.LVL189:
 176:Core/Src/nmea_parse.c ****            if(strstr(data[i], "GPGLL")!=NULL){
 1431              		.loc 1 176 41 discriminator 1 view .LVU411
 1432 007a 0028     		cmp	r0, #0
 1433 007c EED0     		beq	.L94
 177:Core/Src/nmea_parse.c ****                nmea_GPGLL(gps_data, data[i]);
 1434              		.loc 1 177 12 is_stmt 1 view .LVU412
 177:Core/Src/nmea_parse.c ****                nmea_GPGLL(gps_data, data[i]);
 1435              		.loc 1 177 26 is_stmt 0 view .LVU413
 1436 007e 134B     		ldr	r3, .L104
 1437 0080 53F82460 		ldr	r6, [r3, r4, lsl #2]
 177:Core/Src/nmea_parse.c ****                nmea_GPGLL(gps_data, data[i]);
 1438              		.loc 1 177 15 view .LVU414
 1439 0084 1549     		ldr	r1, .L104+16
 1440 0086 3046     		mov	r0, r6
 1441 0088 FFF7FEFF 		bl	strstr
 1442              	.LVL190:
 177:Core/Src/nmea_parse.c ****                nmea_GPGLL(gps_data, data[i]);
 1443              		.loc 1 177 14 view .LVU415
 1444 008c 0028     		cmp	r0, #0
 1445 008e DCD0     		beq	.L95
 178:Core/Src/nmea_parse.c ****            }
 1446              		.loc 1 178 16 is_stmt 1 view .LVU416
 1447 0090 3146     		mov	r1, r6
 1448 0092 3846     		mov	r0, r7
 1449 0094 FFF7FEFF 		bl	nmea_GPGLL
 1450              	.LVL191:
 1451 0098 E0E7     		b	.L94
 1452              	.L96:
 182:Core/Src/nmea_parse.c ****            }
 183:Core/Src/nmea_parse.c ****            else if(strstr(data[i], "GPGGA")!=NULL){
 1453              		.loc 1 183 17 view .LVU417
 1454              		.loc 1 183 20 is_stmt 0 view .LVU418
 1455 009a 1149     		ldr	r1, .L104+20
 1456 009c 3046     		mov	r0, r6
 1457 009e FFF7FEFF 		bl	strstr
 1458              	.LVL192:
 1459              		.loc 1 183 19 view .LVU419
 1460 00a2 0028     		cmp	r0, #0
 1461 00a4 DAD0     		beq	.L94
 184:Core/Src/nmea_parse.c ****                nmea_GPGGA(gps_data, data[i]);
ARM GAS  /tmp/cchPTXJQ.s 			page 32


 1462              		.loc 1 184 16 is_stmt 1 view .LVU420
 1463 00a6 3146     		mov	r1, r6
 1464 00a8 3846     		mov	r0, r7
 1465 00aa FFF7FEFF 		bl	nmea_GPGGA
 1466              	.LVL193:
 1467 00ae D5E7     		b	.L94
 1468              	.L102:
 1469              		.loc 1 184 16 is_stmt 0 view .LVU421
 1470              	.LBE25:
 1471              	.LBB26:
 185:Core/Src/nmea_parse.c ****            }
 186:Core/Src/nmea_parse.c ****        }
 187:Core/Src/nmea_parse.c **** 
 188:Core/Src/nmea_parse.c ****     }
 189:Core/Src/nmea_parse.c ****     for(int i = 0; i<cnt; i++) {
 1472              		.loc 1 189 13 view .LVU422
 1473 00b0 0024     		movs	r4, #0
 1474              	.LVL194:
 1475              		.loc 1 189 13 view .LVU423
 1476 00b2 00E0     		b	.L98
 1477              	.LVL195:
 1478              	.L99:
 1479              		.loc 1 189 28 is_stmt 1 discriminator 2 view .LVU424
 1480 00b4 0134     		adds	r4, r4, #1
 1481              	.LVL196:
 1482              	.L98:
 1483              		.loc 1 189 21 discriminator 1 view .LVU425
 1484 00b6 A542     		cmp	r5, r4
 1485 00b8 07DD     		ble	.L103
 1486              	.LBB27:
 190:Core/Src/nmea_parse.c ****     	int a = sizeof(data);
 1487              		.loc 1 190 6 view .LVU426
 1488              	.LVL197:
 191:Core/Src/nmea_parse.c ****     	if(i < sizeof(data) - 1)
 1489              		.loc 1 191 6 view .LVU427
 1490              		.loc 1 191 8 is_stmt 0 view .LVU428
 1491 00ba 3A2C     		cmp	r4, #58
 1492 00bc FAD8     		bhi	.L99
 192:Core/Src/nmea_parse.c ****     		free(data[i]);
 1493              		.loc 1 192 7 is_stmt 1 view .LVU429
 1494 00be 034B     		ldr	r3, .L104
 1495 00c0 53F82400 		ldr	r0, [r3, r4, lsl #2]
 1496 00c4 FFF7FEFF 		bl	free
 1497              	.LVL198:
 1498 00c8 F4E7     		b	.L99
 1499              	.LVL199:
 1500              	.L103:
 1501              		.loc 1 192 7 is_stmt 0 view .LVU430
 1502              	.LBE27:
 1503              	.LBE26:
 193:Core/Src/nmea_parse.c ****     }
 194:Core/Src/nmea_parse.c **** 
 195:Core/Src/nmea_parse.c **** 
 196:Core/Src/nmea_parse.c **** }
 1504              		.loc 1 196 1 view .LVU431
 1505 00ca F8BD     		pop	{r3, r4, r5, r6, r7, pc}
 1506              	.LVL200:
ARM GAS  /tmp/cchPTXJQ.s 			page 33


 1507              	.L105:
 1508              		.loc 1 196 1 view .LVU432
 1509              		.align	2
 1510              	.L104:
 1511 00cc 00000000 		.word	data
 1512 00d0 00000000 		.word	.LC1
 1513 00d4 10000000 		.word	.LC4
 1514 00d8 04000000 		.word	.LC2
 1515 00dc 08000000 		.word	.LC3
 1516 00e0 18000000 		.word	.LC5
 1517              		.cfi_endproc
 1518              	.LFE138:
 1520              		.global	data
 1521              		.section	.bss.data,"aw",%nobits
 1522              		.align	2
 1525              	data:
 1526 0000 00000000 		.space	60
 1526      00000000 
 1526      00000000 
 1526      00000000 
 1526      00000000 
 1527              		.text
 1528              	.Letext0:
 1529              		.file 2 "/opt/st/stm32cubeclt_1.16.0/GNU-tools-for-STM32/arm-none-eabi/include/machine/_default_ty
 1530              		.file 3 "/opt/st/stm32cubeclt_1.16.0/GNU-tools-for-STM32/arm-none-eabi/include/sys/_stdint.h"
 1531              		.file 4 "/opt/st/stm32cubeclt_1.16.0/GNU-tools-for-STM32/lib/gcc/arm-none-eabi/12.3.1/include/stdd
 1532              		.file 5 "Core/Inc/nmea_parse.h"
 1533              		.file 6 "/opt/st/stm32cubeclt_1.16.0/GNU-tools-for-STM32/arm-none-eabi/include/string.h"
 1534              		.file 7 "/opt/st/stm32cubeclt_1.16.0/GNU-tools-for-STM32/arm-none-eabi/include/stdlib.h"
 1535              		.file 8 "<built-in>"
ARM GAS  /tmp/cchPTXJQ.s 			page 34


DEFINED SYMBOLS
                            *ABS*:00000000 nmea_parse.c
     /tmp/cchPTXJQ.s:21     .text.gps_checksum:00000000 $t
     /tmp/cchPTXJQ.s:27     .text.gps_checksum:00000000 gps_checksum
     /tmp/cchPTXJQ.s:142    .rodata.nmea_GPGGA.str1.4:00000000 $d
     /tmp/cchPTXJQ.s:147    .text.nmea_GPGGA:00000000 $t
     /tmp/cchPTXJQ.s:153    .text.nmea_GPGGA:00000000 nmea_GPGGA
     /tmp/cchPTXJQ.s:643    .text.nmea_GPGGA:00000214 $d
     /tmp/cchPTXJQ.s:651    .text.nmea_GPGSA:00000000 $t
     /tmp/cchPTXJQ.s:657    .text.nmea_GPGSA:00000000 nmea_GPGSA
     /tmp/cchPTXJQ.s:846    .text.nmea_GPGSA:000000a4 $d
     /tmp/cchPTXJQ.s:851    .text.nmea_GPGLL:00000000 $t
     /tmp/cchPTXJQ.s:857    .text.nmea_GPGLL:00000000 nmea_GPGLL
     /tmp/cchPTXJQ.s:1279   .text.nmea_GPGLL:000001b4 $d
     /tmp/cchPTXJQ.s:1286   .rodata.nmea_parse.str1.4:00000000 $d
     /tmp/cchPTXJQ.s:1302   .text.nmea_parse:00000000 $t
     /tmp/cchPTXJQ.s:1308   .text.nmea_parse:00000000 nmea_parse
     /tmp/cchPTXJQ.s:1511   .text.nmea_parse:000000cc $d
     /tmp/cchPTXJQ.s:1525   .bss.data:00000000 data
     /tmp/cchPTXJQ.s:1522   .bss.data:00000000 $d

UNDEFINED SYMBOLS
strlen
strtol
__aeabi_f2d
memset
strtok
malloc
strcpy
strtof
free
strstr
