ARM GAS  /tmp/ccEkpH3K.s 			page 1


   1              		.cpu cortex-m4
   2              		.arch armv7e-m
   3              		.fpu fpv4-sp-d16
   4              		.eabi_attribute 27, 1
   5              		.eabi_attribute 28, 1
   6              		.eabi_attribute 20, 1
   7              		.eabi_attribute 21, 1
   8              		.eabi_attribute 23, 3
   9              		.eabi_attribute 24, 1
  10              		.eabi_attribute 25, 1
  11              		.eabi_attribute 26, 1
  12              		.eabi_attribute 30, 1
  13              		.eabi_attribute 34, 1
  14              		.eabi_attribute 18, 4
  15              		.file	"log.c"
  16              		.text
  17              	.Ltext0:
  18              		.cfi_sections	.debug_frame
  19              		.file 1 "/home/dat/Documents/colir_one/rocket_code/Module/Src/log.c"
  20              		.section	.text.set_logging_mask,"ax",%progbits
  21              		.align	1
  22              		.global	set_logging_mask
  23              		.syntax unified
  24              		.thumb
  25              		.thumb_func
  27              	set_logging_mask:
  28              	.LVL0:
  29              	.LFB3:
   1:/home/dat/Documents/colir_one/rocket_code/Module/Src/log.c **** /*
   2:/home/dat/Documents/colir_one/rocket_code/Module/Src/log.c ****  * log.c
   3:/home/dat/Documents/colir_one/rocket_code/Module/Src/log.c ****  *
   4:/home/dat/Documents/colir_one/rocket_code/Module/Src/log.c ****  *  Created on: April 28, 2025
   5:/home/dat/Documents/colir_one/rocket_code/Module/Src/log.c ****  *      Author: Dat Hoang
   6:/home/dat/Documents/colir_one/rocket_code/Module/Src/log.c ****  */
   7:/home/dat/Documents/colir_one/rocket_code/Module/Src/log.c **** #include <stdio.h>
   8:/home/dat/Documents/colir_one/rocket_code/Module/Src/log.c **** #include <stdlib.h>
   9:/home/dat/Documents/colir_one/rocket_code/Module/Src/log.c **** #include <stdarg.h>
  10:/home/dat/Documents/colir_one/rocket_code/Module/Src/log.c **** #include "log.h"
  11:/home/dat/Documents/colir_one/rocket_code/Module/Src/log.c **** #include "util.h"
  12:/home/dat/Documents/colir_one/rocket_code/Module/Src/log.c **** 
  13:/home/dat/Documents/colir_one/rocket_code/Module/Src/log.c **** #if DEBUG_LEVEL > 0
  14:/home/dat/Documents/colir_one/rocket_code/Module/Src/log.c **** static uint32_t LOGMASK = TAG_FILENO;
  15:/home/dat/Documents/colir_one/rocket_code/Module/Src/log.c **** 
  16:/home/dat/Documents/colir_one/rocket_code/Module/Src/log.c **** 
  17:/home/dat/Documents/colir_one/rocket_code/Module/Src/log.c **** void set_logging_mask(uint32_t mask)
  18:/home/dat/Documents/colir_one/rocket_code/Module/Src/log.c **** {
  30              		.loc 1 18 1 view -0
  31              		.cfi_startproc
  32              		@ args = 0, pretend = 0, frame = 0
  33              		@ frame_needed = 0, uses_anonymous_args = 0
  34              		@ link register save eliminated.
  19:/home/dat/Documents/colir_one/rocket_code/Module/Src/log.c ****     LOGMASK = mask;
  35              		.loc 1 19 5 view .LVU1
  36              		.loc 1 19 13 is_stmt 0 view .LVU2
  37 0000 014B     		ldr	r3, .L2
  38 0002 1860     		str	r0, [r3]
  20:/home/dat/Documents/colir_one/rocket_code/Module/Src/log.c **** }
ARM GAS  /tmp/ccEkpH3K.s 			page 2


  39              		.loc 1 20 1 view .LVU3
  40 0004 7047     		bx	lr
  41              	.L3:
  42 0006 00BF     		.align	2
  43              	.L2:
  44 0008 00000000 		.word	LOGMASK
  45              		.cfi_endproc
  46              	.LFE3:
  48              		.section	.text.set_logging_tag,"ax",%progbits
  49              		.align	1
  50              		.weak	set_logging_tag
  51              		.syntax unified
  52              		.thumb
  53              		.thumb_func
  55              	set_logging_tag:
  56              	.LVL1:
  57              	.LFB4:
  21:/home/dat/Documents/colir_one/rocket_code/Module/Src/log.c **** 
  22:/home/dat/Documents/colir_one/rocket_code/Module/Src/log.c **** 
  23:/home/dat/Documents/colir_one/rocket_code/Module/Src/log.c **** struct logtag
  24:/home/dat/Documents/colir_one/rocket_code/Module/Src/log.c **** {
  25:/home/dat/Documents/colir_one/rocket_code/Module/Src/log.c ****     uint32_t tagn;
  26:/home/dat/Documents/colir_one/rocket_code/Module/Src/log.c ****     const char * tag;
  27:/home/dat/Documents/colir_one/rocket_code/Module/Src/log.c **** };
  28:/home/dat/Documents/colir_one/rocket_code/Module/Src/log.c **** 
  29:/home/dat/Documents/colir_one/rocket_code/Module/Src/log.c **** struct logtag tagtable[] = {
  30:/home/dat/Documents/colir_one/rocket_code/Module/Src/log.c ****     {TAG_ERR,"ERR"},
  31:/home/dat/Documents/colir_one/rocket_code/Module/Src/log.c ****     {TAG_USB,"USB"},
  32:/home/dat/Documents/colir_one/rocket_code/Module/Src/log.c ****     {TAG_GREEN,"[1;32mDEBUG[0m"},
  33:/home/dat/Documents/colir_one/rocket_code/Module/Src/log.c ****     {TAG_RED,"[1;31mDEBUG[0m"}
  34:/home/dat/Documents/colir_one/rocket_code/Module/Src/log.c **** };
  35:/home/dat/Documents/colir_one/rocket_code/Module/Src/log.c **** 
  36:/home/dat/Documents/colir_one/rocket_code/Module/Src/log.c **** 
  37:/home/dat/Documents/colir_one/rocket_code/Module/Src/log.c **** __attribute__((weak)) void set_logging_tag(uint32_t tag)
  38:/home/dat/Documents/colir_one/rocket_code/Module/Src/log.c **** {
  58              		.loc 1 38 1 is_stmt 1 view -0
  59              		.cfi_startproc
  60              		@ args = 0, pretend = 0, frame = 0
  61              		@ frame_needed = 0, uses_anonymous_args = 0
  62              		@ link register save eliminated.
  39:/home/dat/Documents/colir_one/rocket_code/Module/Src/log.c ****     // nothing
  40:/home/dat/Documents/colir_one/rocket_code/Module/Src/log.c **** }
  63              		.loc 1 40 1 view .LVU5
  64 0000 7047     		bx	lr
  65              		.cfi_endproc
  66              	.LFE4:
  68              		.section	.rodata.LOG.str1.4,"aMS",%progbits,1
  69              		.align	2
  70              	.LC0:
  71 0000 5B25735D 		.ascii	"[%s] \000"
  71      2000
  72 0006 0000     		.align	2
  73              	.LC1:
  74 0008 494E5641 		.ascii	"INVALID LOG TAG\012\000"
  74      4C494420 
  74      4C4F4720 
  74      5441470A 
ARM GAS  /tmp/ccEkpH3K.s 			page 3


  74      00
  75 0019 000000   		.align	2
  76              	.LC2:
  77 001c 2F686F6D 		.ascii	"/home/dat/Documents/colir_one/rocket_code/Module/Sr"
  77      652F6461 
  77      742F446F 
  77      63756D65 
  77      6E74732F 
  78 004f 632F6C6F 		.ascii	"c/log.c\000"
  78      672E6300 
  79 0057 00       		.align	2
  80              	.LC3:
  81 0058 25733A25 		.ascii	"%s:%d: \000"
  81      643A2000 
  82              		.section	.text.LOG,"ax",%progbits
  83              		.align	1
  84              		.global	LOG
  85              		.syntax unified
  86              		.thumb
  87              		.thumb_func
  89              	LOG:
  90              	.LVL2:
  91              	.LFB5:
  41:/home/dat/Documents/colir_one/rocket_code/Module/Src/log.c **** 
  42:/home/dat/Documents/colir_one/rocket_code/Module/Src/log.c **** void LOG(uint32_t tag, const char * filename, int num, const char * fmt, ...)
  43:/home/dat/Documents/colir_one/rocket_code/Module/Src/log.c **** {
  92              		.loc 1 43 1 view -0
  93              		.cfi_startproc
  94              		@ args = 4, pretend = 4, frame = 8
  95              		@ frame_needed = 0, uses_anonymous_args = 1
  96              		.loc 1 43 1 is_stmt 0 view .LVU7
  97 0000 08B4     		push	{r3}
  98              	.LCFI0:
  99              		.cfi_def_cfa_offset 4
 100              		.cfi_offset 3, -4
 101 0002 70B5     		push	{r4, r5, r6, lr}
 102              	.LCFI1:
 103              		.cfi_def_cfa_offset 20
 104              		.cfi_offset 4, -20
 105              		.cfi_offset 5, -16
 106              		.cfi_offset 6, -12
 107              		.cfi_offset 14, -8
 108 0004 83B0     		sub	sp, sp, #12
 109              	.LCFI2:
 110              		.cfi_def_cfa_offset 32
  44:/home/dat/Documents/colir_one/rocket_code/Module/Src/log.c ****     unsigned int i;
 111              		.loc 1 44 5 is_stmt 1 view .LVU8
  45:/home/dat/Documents/colir_one/rocket_code/Module/Src/log.c **** 
  46:/home/dat/Documents/colir_one/rocket_code/Module/Src/log.c ****     if (((tag & 0x7fffffff) & LOGMASK) == 0)
 112              		.loc 1 46 5 view .LVU9
 113              		.loc 1 46 29 is_stmt 0 view .LVU10
 114 0006 1F4B     		ldr	r3, .L18
 115 0008 1B68     		ldr	r3, [r3]
 116 000a 0340     		ands	r3, r3, r0
 117              		.loc 1 46 8 view .LVU11
 118 000c 33F00043 		bics	r3, r3, #-2147483648
 119 0010 24D0     		beq	.L5
ARM GAS  /tmp/ccEkpH3K.s 			page 4


 120 0012 0446     		mov	r4, r0
 121 0014 0D46     		mov	r5, r1
 122 0016 1646     		mov	r6, r2
  47:/home/dat/Documents/colir_one/rocket_code/Module/Src/log.c ****     {
  48:/home/dat/Documents/colir_one/rocket_code/Module/Src/log.c ****         return;
  49:/home/dat/Documents/colir_one/rocket_code/Module/Src/log.c ****     }
  50:/home/dat/Documents/colir_one/rocket_code/Module/Src/log.c ****     for (i = 0; i < sizeof(tagtable)/sizeof(struct logtag); i++)
 123              		.loc 1 50 12 view .LVU12
 124 0018 0023     		movs	r3, #0
 125              	.LVL3:
 126              	.L6:
 127              		.loc 1 50 19 is_stmt 1 discriminator 1 view .LVU13
 128 001a 032B     		cmp	r3, #3
 129 001c 13D8     		bhi	.L14
  51:/home/dat/Documents/colir_one/rocket_code/Module/Src/log.c ****     {
  52:/home/dat/Documents/colir_one/rocket_code/Module/Src/log.c ****         if (tag & tagtable[i].tagn)
 130              		.loc 1 52 9 view .LVU14
 131              		.loc 1 52 30 is_stmt 0 view .LVU15
 132 001e 1A48     		ldr	r0, .L18+4
 133 0020 50F83300 		ldr	r0, [r0, r3, lsl #3]
 134              		.loc 1 52 12 view .LVU16
 135 0024 2042     		tst	r0, r4
 136 0026 01D1     		bne	.L15
  50:/home/dat/Documents/colir_one/rocket_code/Module/Src/log.c ****     {
 137              		.loc 1 50 62 is_stmt 1 discriminator 2 view .LVU17
 138 0028 0133     		adds	r3, r3, #1
 139              	.LVL4:
  50:/home/dat/Documents/colir_one/rocket_code/Module/Src/log.c ****     {
 140              		.loc 1 50 62 is_stmt 0 discriminator 2 view .LVU18
 141 002a F6E7     		b	.L6
 142              	.L15:
  53:/home/dat/Documents/colir_one/rocket_code/Module/Src/log.c ****         {
  54:/home/dat/Documents/colir_one/rocket_code/Module/Src/log.c ****             if (tagtable[i].tag[0] && !(tag & TAG_NO_TAG)) printf("[%s] ", tagtable[i].tag);
 143              		.loc 1 54 13 is_stmt 1 view .LVU19
 144              		.loc 1 54 28 is_stmt 0 view .LVU20
 145 002c 164A     		ldr	r2, .L18+4
 146              	.LVL5:
 147              		.loc 1 54 28 view .LVU21
 148 002e 02EBC303 		add	r3, r2, r3, lsl #3
 149              	.LVL6:
 150              		.loc 1 54 28 view .LVU22
 151 0032 5968     		ldr	r1, [r3, #4]
 152              	.LVL7:
 153              		.loc 1 54 32 view .LVU23
 154 0034 0B78     		ldrb	r3, [r1]	@ zero_extendqisi2
 155              		.loc 1 54 16 view .LVU24
 156 0036 3BB1     		cbz	r3, .L9
 157              		.loc 1 54 36 discriminator 1 view .LVU25
 158 0038 14F0804F 		tst	r4, #1073741824
 159 003c 04D1     		bne	.L9
 160              		.loc 1 54 60 is_stmt 1 discriminator 2 view .LVU26
 161 003e 1348     		ldr	r0, .L18+8
 162 0040 FFF7FEFF 		bl	printf
 163              	.LVL8:
 164 0044 00E0     		b	.L9
 165              	.LVL9:
 166              	.L14:
ARM GAS  /tmp/ccEkpH3K.s 			page 5


  55:/home/dat/Documents/colir_one/rocket_code/Module/Src/log.c ****             i = 0;
  56:/home/dat/Documents/colir_one/rocket_code/Module/Src/log.c ****             break;
  57:/home/dat/Documents/colir_one/rocket_code/Module/Src/log.c ****         }
  58:/home/dat/Documents/colir_one/rocket_code/Module/Src/log.c ****     }
  59:/home/dat/Documents/colir_one/rocket_code/Module/Src/log.c ****     if (i != 0)
 167              		.loc 1 59 5 view .LVU27
 168              		.loc 1 59 8 is_stmt 0 view .LVU28
 169 0046 73B9     		cbnz	r3, .L16
 170              	.LVL10:
 171              	.L9:
  60:/home/dat/Documents/colir_one/rocket_code/Module/Src/log.c ****     {
  61:/home/dat/Documents/colir_one/rocket_code/Module/Src/log.c ****         printf2(TAG_ERR,"INVALID LOG TAG\n");
  62:/home/dat/Documents/colir_one/rocket_code/Module/Src/log.c ****         exit(1);
  63:/home/dat/Documents/colir_one/rocket_code/Module/Src/log.c ****     }
  64:/home/dat/Documents/colir_one/rocket_code/Module/Src/log.c ****     set_logging_tag(tag);
 172              		.loc 1 64 5 is_stmt 1 view .LVU29
 173 0048 2046     		mov	r0, r4
 174 004a FFF7FEFF 		bl	set_logging_tag
 175              	.LVL11:
  65:/home/dat/Documents/colir_one/rocket_code/Module/Src/log.c **** #ifdef ENABLE_FILE_LOGGING
  66:/home/dat/Documents/colir_one/rocket_code/Module/Src/log.c ****     if (tag & TAG_FILENO)
 176              		.loc 1 66 5 view .LVU30
 177              		.loc 1 66 8 is_stmt 0 view .LVU31
 178 004e 002C     		cmp	r4, #0
 179 0050 12DB     		blt	.L17
 180              	.L11:
  67:/home/dat/Documents/colir_one/rocket_code/Module/Src/log.c ****     {
  68:/home/dat/Documents/colir_one/rocket_code/Module/Src/log.c ****         printf("%s:%d: ", filename, num);
  69:/home/dat/Documents/colir_one/rocket_code/Module/Src/log.c ****     }
  70:/home/dat/Documents/colir_one/rocket_code/Module/Src/log.c **** #endif
  71:/home/dat/Documents/colir_one/rocket_code/Module/Src/log.c ****     va_list args;
 181              		.loc 1 71 5 is_stmt 1 view .LVU32
  72:/home/dat/Documents/colir_one/rocket_code/Module/Src/log.c ****     va_start(args, fmt);
 182              		.loc 1 72 5 view .LVU33
 183 0052 08A9     		add	r1, sp, #32
 184 0054 0191     		str	r1, [sp, #4]
  73:/home/dat/Documents/colir_one/rocket_code/Module/Src/log.c ****     vprintf(fmt, args);
 185              		.loc 1 73 5 view .LVU34
 186 0056 0798     		ldr	r0, [sp, #28]
 187 0058 FFF7FEFF 		bl	vprintf
 188              	.LVL12:
  74:/home/dat/Documents/colir_one/rocket_code/Module/Src/log.c ****     va_end(args);
 189              		.loc 1 74 5 view .LVU35
 190              	.L5:
  75:/home/dat/Documents/colir_one/rocket_code/Module/Src/log.c **** }
 191              		.loc 1 75 1 is_stmt 0 view .LVU36
 192 005c 03B0     		add	sp, sp, #12
 193              	.LCFI3:
 194              		.cfi_remember_state
 195              		.cfi_def_cfa_offset 20
 196              		@ sp needed
 197 005e BDE87040 		pop	{r4, r5, r6, lr}
 198              	.LCFI4:
 199              		.cfi_restore 14
 200              		.cfi_restore 6
 201              		.cfi_restore 5
 202              		.cfi_restore 4
ARM GAS  /tmp/ccEkpH3K.s 			page 6


 203              		.cfi_def_cfa_offset 4
 204 0062 01B0     		add	sp, sp, #4
 205              	.LCFI5:
 206              		.cfi_restore 3
 207              		.cfi_def_cfa_offset 0
 208 0064 7047     		bx	lr
 209              	.LVL13:
 210              	.L16:
 211              	.LCFI6:
 212              		.cfi_restore_state
  61:/home/dat/Documents/colir_one/rocket_code/Module/Src/log.c ****         exit(1);
 213              		.loc 1 61 9 is_stmt 1 view .LVU37
 214 0066 0A4B     		ldr	r3, .L18+12
 215              	.LVL14:
  61:/home/dat/Documents/colir_one/rocket_code/Module/Src/log.c ****         exit(1);
 216              		.loc 1 61 9 is_stmt 0 view .LVU38
 217 0068 3D22     		movs	r2, #61
 218              	.LVL15:
  61:/home/dat/Documents/colir_one/rocket_code/Module/Src/log.c ****         exit(1);
 219              		.loc 1 61 9 view .LVU39
 220 006a 0A49     		ldr	r1, .L18+16
 221              	.LVL16:
  61:/home/dat/Documents/colir_one/rocket_code/Module/Src/log.c ****         exit(1);
 222              		.loc 1 61 9 view .LVU40
 223 006c 0A48     		ldr	r0, .L18+20
 224 006e FFF7FEFF 		bl	LOG
 225              	.LVL17:
  62:/home/dat/Documents/colir_one/rocket_code/Module/Src/log.c ****     }
 226              		.loc 1 62 9 is_stmt 1 view .LVU41
 227 0072 0120     		movs	r0, #1
 228 0074 FFF7FEFF 		bl	exit
 229              	.LVL18:
 230              	.L17:
  68:/home/dat/Documents/colir_one/rocket_code/Module/Src/log.c ****     }
 231              		.loc 1 68 9 view .LVU42
 232 0078 3246     		mov	r2, r6
 233 007a 2946     		mov	r1, r5
 234 007c 0748     		ldr	r0, .L18+24
 235 007e FFF7FEFF 		bl	printf
 236              	.LVL19:
 237 0082 E6E7     		b	.L11
 238              	.L19:
 239              		.align	2
 240              	.L18:
 241 0084 00000000 		.word	LOGMASK
 242 0088 00000000 		.word	tagtable
 243 008c 00000000 		.word	.LC0
 244 0090 08000000 		.word	.LC1
 245 0094 1C000000 		.word	.LC2
 246 0098 01000080 		.word	-2147483647
 247 009c 58000000 		.word	.LC3
 248              		.cfi_endproc
 249              	.LFE5:
 251              		.section	.text.LOG_HEX,"ax",%progbits
 252              		.align	1
 253              		.global	LOG_HEX
 254              		.syntax unified
ARM GAS  /tmp/ccEkpH3K.s 			page 7


 255              		.thumb
 256              		.thumb_func
 258              	LOG_HEX:
 259              	.LVL20:
 260              	.LFB6:
  76:/home/dat/Documents/colir_one/rocket_code/Module/Src/log.c **** 
  77:/home/dat/Documents/colir_one/rocket_code/Module/Src/log.c **** void LOG_HEX(uint32_t tag, uint8_t * data, int length)
  78:/home/dat/Documents/colir_one/rocket_code/Module/Src/log.c **** {
 261              		.loc 1 78 1 view -0
 262              		.cfi_startproc
 263              		@ args = 0, pretend = 0, frame = 0
 264              		@ frame_needed = 0, uses_anonymous_args = 0
 265              		.loc 1 78 1 is_stmt 0 view .LVU44
 266 0000 38B5     		push	{r3, r4, r5, lr}
 267              	.LCFI7:
 268              		.cfi_def_cfa_offset 16
 269              		.cfi_offset 3, -16
 270              		.cfi_offset 4, -12
 271              		.cfi_offset 5, -8
 272              		.cfi_offset 14, -4
  79:/home/dat/Documents/colir_one/rocket_code/Module/Src/log.c ****     if (((tag & 0x7fffffff) & LOGMASK) == 0)
 273              		.loc 1 79 5 is_stmt 1 view .LVU45
 274              		.loc 1 79 29 is_stmt 0 view .LVU46
 275 0002 084B     		ldr	r3, .L24
 276 0004 1B68     		ldr	r3, [r3]
 277 0006 0340     		ands	r3, r3, r0
 278              		.loc 1 79 8 view .LVU47
 279 0008 33F00043 		bics	r3, r3, #-2147483648
 280 000c 00D1     		bne	.L23
 281              	.LVL21:
 282              	.L20:
  80:/home/dat/Documents/colir_one/rocket_code/Module/Src/log.c ****     {
  81:/home/dat/Documents/colir_one/rocket_code/Module/Src/log.c ****         return;
  82:/home/dat/Documents/colir_one/rocket_code/Module/Src/log.c ****     }
  83:/home/dat/Documents/colir_one/rocket_code/Module/Src/log.c ****     set_logging_tag(tag);
  84:/home/dat/Documents/colir_one/rocket_code/Module/Src/log.c ****     dump_hex(data,length);
  85:/home/dat/Documents/colir_one/rocket_code/Module/Src/log.c **** }
 283              		.loc 1 85 1 view .LVU48
 284 000e 38BD     		pop	{r3, r4, r5, pc}
 285              	.LVL22:
 286              	.L23:
 287              		.loc 1 85 1 view .LVU49
 288 0010 0C46     		mov	r4, r1
 289 0012 1546     		mov	r5, r2
  83:/home/dat/Documents/colir_one/rocket_code/Module/Src/log.c ****     dump_hex(data,length);
 290              		.loc 1 83 5 is_stmt 1 view .LVU50
 291 0014 FFF7FEFF 		bl	set_logging_tag
 292              	.LVL23:
  84:/home/dat/Documents/colir_one/rocket_code/Module/Src/log.c **** }
 293              		.loc 1 84 5 view .LVU51
 294 0018 2946     		mov	r1, r5
 295 001a 2046     		mov	r0, r4
 296 001c FFF7FEFF 		bl	dump_hex
 297              	.LVL24:
 298 0020 F5E7     		b	.L20
 299              	.L25:
 300 0022 00BF     		.align	2
ARM GAS  /tmp/ccEkpH3K.s 			page 8


 301              	.L24:
 302 0024 00000000 		.word	LOGMASK
 303              		.cfi_endproc
 304              	.LFE6:
 306              		.global	tagtable
 307              		.section	.rodata.str1.4,"aMS",%progbits,1
 308              		.align	2
 309              	.LC4:
 310 0000 45525200 		.ascii	"ERR\000"
 311              		.align	2
 312              	.LC5:
 313 0004 55534200 		.ascii	"USB\000"
 314              		.align	2
 315              	.LC6:
 316 0008 1B5B313B 		.ascii	"\033[1;32mDEBUG\033[0m\000"
 316      33326D44 
 316      45425547 
 316      1B5B306D 
 316      00
 317 0019 000000   		.align	2
 318              	.LC7:
 319 001c 1B5B313B 		.ascii	"\033[1;31mDEBUG\033[0m\000"
 319      33316D44 
 319      45425547 
 319      1B5B306D 
 319      00
 320              		.section	.data.tagtable,"aw"
 321              		.align	2
 324              	tagtable:
 325 0000 01000000 		.word	1
 326 0004 00000000 		.word	.LC4
 327 0008 08000000 		.word	8
 328 000c 04000000 		.word	.LC5
 329 0010 02000000 		.word	2
 330 0014 08000000 		.word	.LC6
 331 0018 04000000 		.word	4
 332 001c 1C000000 		.word	.LC7
 333              		.section	.data.LOGMASK,"aw"
 334              		.align	2
 337              	LOGMASK:
 338 0000 00000080 		.word	-2147483648
 339              		.text
 340              	.Letext0:
 341              		.file 2 "/home/dat/.config/Code/User/globalStorage/litaitech.stm32-colir-one/@xpack-dev-tools/arm-
 342              		.file 3 "/home/dat/.config/Code/User/globalStorage/litaitech.stm32-colir-one/@xpack-dev-tools/arm-
 343              		.file 4 "/home/dat/.config/Code/User/globalStorage/litaitech.stm32-colir-one/@xpack-dev-tools/arm-
 344              		.file 5 "/home/dat/.config/Code/User/globalStorage/litaitech.stm32-colir-one/@xpack-dev-tools/arm-
 345              		.file 6 "/home/dat/.config/Code/User/globalStorage/litaitech.stm32-colir-one/@xpack-dev-tools/arm-
 346              		.file 7 "<built-in>"
 347              		.file 8 "/home/dat/Documents/colir_one/rocket_code/Module/Inc/log.h"
 348              		.file 9 "/home/dat/Documents/colir_one/rocket_code/Module/Inc/util.h"
ARM GAS  /tmp/ccEkpH3K.s 			page 9


DEFINED SYMBOLS
                            *ABS*:00000000 log.c
     /tmp/ccEkpH3K.s:21     .text.set_logging_mask:00000000 $t
     /tmp/ccEkpH3K.s:27     .text.set_logging_mask:00000000 set_logging_mask
     /tmp/ccEkpH3K.s:44     .text.set_logging_mask:00000008 $d
     /tmp/ccEkpH3K.s:337    .data.LOGMASK:00000000 LOGMASK
     /tmp/ccEkpH3K.s:49     .text.set_logging_tag:00000000 $t
     /tmp/ccEkpH3K.s:55     .text.set_logging_tag:00000000 set_logging_tag
     /tmp/ccEkpH3K.s:69     .rodata.LOG.str1.4:00000000 $d
     /tmp/ccEkpH3K.s:83     .text.LOG:00000000 $t
     /tmp/ccEkpH3K.s:89     .text.LOG:00000000 LOG
     /tmp/ccEkpH3K.s:241    .text.LOG:00000084 $d
     /tmp/ccEkpH3K.s:324    .data.tagtable:00000000 tagtable
     /tmp/ccEkpH3K.s:252    .text.LOG_HEX:00000000 $t
     /tmp/ccEkpH3K.s:258    .text.LOG_HEX:00000000 LOG_HEX
     /tmp/ccEkpH3K.s:302    .text.LOG_HEX:00000024 $d
     /tmp/ccEkpH3K.s:308    .rodata.str1.4:00000000 $d
     /tmp/ccEkpH3K.s:321    .data.tagtable:00000000 $d
     /tmp/ccEkpH3K.s:334    .data.LOGMASK:00000000 $d

UNDEFINED SYMBOLS
printf
vprintf
exit
dump_hex
