ARM GAS  /tmp/ccr4k6pm.s 			page 1


   1              		.cpu cortex-m4
   2              		.arch armv7e-m
   3              		.fpu fpv4-sp-d16
   4              		.eabi_attribute 27, 1
   5              		.eabi_attribute 28, 1
   6              		.eabi_attribute 20, 1
   7              		.eabi_attribute 21, 1
   8              		.eabi_attribute 23, 3
   9              		.eabi_attribute 24, 1
  10              		.eabi_attribute 25, 1
  11              		.eabi_attribute 26, 1
  12              		.eabi_attribute 30, 1
  13              		.eabi_attribute 34, 1
  14              		.eabi_attribute 18, 4
  15              		.file	"util.c"
  16              		.text
  17              	.Ltext0:
  18              		.cfi_sections	.debug_frame
  19              		.file 1 "/home/dat/Documents/colir_one/rocket_code/Module/Src/util.c"
  20              		.section	.rodata.dump_hex.str1.4,"aMS",%progbits,1
  21              		.align	2
  22              	.LC0:
  23 0000 25303278 		.ascii	"%02x \000"
  23      2000
  24              		.section	.text.dump_hex,"ax",%progbits
  25              		.align	1
  26              		.global	dump_hex
  27              		.syntax unified
  28              		.thumb
  29              		.thumb_func
  31              	dump_hex:
  32              	.LVL0:
  33              	.LFB3:
   1:/home/dat/Documents/colir_one/rocket_code/Module/Src/util.c **** /*
   2:/home/dat/Documents/colir_one/rocket_code/Module/Src/util.c ****  * util.c
   3:/home/dat/Documents/colir_one/rocket_code/Module/Src/util.c ****  *
   4:/home/dat/Documents/colir_one/rocket_code/Module/Src/util.c ****  *  Created on: April 28, 2025
   5:/home/dat/Documents/colir_one/rocket_code/Module/Src/util.c ****  *      Author: Dat Hoang
   6:/home/dat/Documents/colir_one/rocket_code/Module/Src/util.c ****  */
   7:/home/dat/Documents/colir_one/rocket_code/Module/Src/util.c **** #include <stdint.h>
   8:/home/dat/Documents/colir_one/rocket_code/Module/Src/util.c **** #include <stdio.h>
   9:/home/dat/Documents/colir_one/rocket_code/Module/Src/util.c **** 
  10:/home/dat/Documents/colir_one/rocket_code/Module/Src/util.c **** void dump_hex(uint8_t * buf, int size)
  11:/home/dat/Documents/colir_one/rocket_code/Module/Src/util.c **** {
  34              		.loc 1 11 1 view -0
  35              		.cfi_startproc
  36              		@ args = 0, pretend = 0, frame = 0
  37              		@ frame_needed = 0, uses_anonymous_args = 0
  38              		.loc 1 11 1 is_stmt 0 view .LVU1
  39 0000 38B5     		push	{r3, r4, r5, lr}
  40              	.LCFI0:
  41              		.cfi_def_cfa_offset 16
  42              		.cfi_offset 3, -16
  43              		.cfi_offset 4, -12
  44              		.cfi_offset 5, -8
  45              		.cfi_offset 14, -4
  46 0002 0446     		mov	r4, r0
ARM GAS  /tmp/ccr4k6pm.s 			page 2


  12:/home/dat/Documents/colir_one/rocket_code/Module/Src/util.c ****     while(size--)
  47              		.loc 1 12 5 is_stmt 1 view .LVU2
  48              		.loc 1 12 10 is_stmt 0 view .LVU3
  49 0004 05E0     		b	.L2
  50              	.LVL1:
  51              	.L3:
  13:/home/dat/Documents/colir_one/rocket_code/Module/Src/util.c ****     {
  14:/home/dat/Documents/colir_one/rocket_code/Module/Src/util.c ****         printf("%02x ", *buf++);
  52              		.loc 1 14 9 is_stmt 1 view .LVU4
  53              		.loc 1 14 9 is_stmt 0 view .LVU5
  54 0006 14F8011B 		ldrb	r1, [r4], #1	@ zero_extendqisi2
  55              	.LVL2:
  56              		.loc 1 14 9 view .LVU6
  57 000a 0548     		ldr	r0, .L5
  58 000c FFF7FEFF 		bl	printf
  59              	.LVL3:
  12:/home/dat/Documents/colir_one/rocket_code/Module/Src/util.c ****     while(size--)
  60              		.loc 1 12 15 view .LVU7
  61 0010 2946     		mov	r1, r5
  62              	.LVL4:
  63              	.L2:
  12:/home/dat/Documents/colir_one/rocket_code/Module/Src/util.c ****     while(size--)
  64              		.loc 1 12 11 is_stmt 1 view .LVU8
  12:/home/dat/Documents/colir_one/rocket_code/Module/Src/util.c ****     while(size--)
  65              		.loc 1 12 15 is_stmt 0 view .LVU9
  66 0012 4D1E     		subs	r5, r1, #1
  67              	.LVL5:
  12:/home/dat/Documents/colir_one/rocket_code/Module/Src/util.c ****     while(size--)
  68              		.loc 1 12 11 view .LVU10
  69 0014 0029     		cmp	r1, #0
  70 0016 F6D1     		bne	.L3
  15:/home/dat/Documents/colir_one/rocket_code/Module/Src/util.c ****     }
  16:/home/dat/Documents/colir_one/rocket_code/Module/Src/util.c ****     printf("\n");
  71              		.loc 1 16 5 is_stmt 1 view .LVU11
  72 0018 0A20     		movs	r0, #10
  73 001a FFF7FEFF 		bl	putchar
  74              	.LVL6:
  17:/home/dat/Documents/colir_one/rocket_code/Module/Src/util.c **** }...
  75              		.loc 1 17 1 is_stmt 0 view .LVU12
  76 001e 38BD     		pop	{r3, r4, r5, pc}
  77              	.LVL7:
  78              	.L6:
  79              		.loc 1 17 1 view .LVU13
  80              		.align	2
  81              	.L5:
  82 0020 00000000 		.word	.LC0
  83              		.cfi_endproc
  84              	.LFE3:
  86              		.text
  87              	.Letext0:
  88              		.file 2 "/home/dat/.config/Code/User/globalStorage/litaitech.stm32-colir-one/@xpack-dev-tools/arm-
  89              		.file 3 "/home/dat/.config/Code/User/globalStorage/litaitech.stm32-colir-one/@xpack-dev-tools/arm-
  90              		.file 4 "/home/dat/.config/Code/User/globalStorage/litaitech.stm32-colir-one/@xpack-dev-tools/arm-
  91              		.file 5 "<built-in>"
ARM GAS  /tmp/ccr4k6pm.s 			page 3


DEFINED SYMBOLS
                            *ABS*:00000000 util.c
     /tmp/ccr4k6pm.s:21     .rodata.dump_hex.str1.4:00000000 $d
     /tmp/ccr4k6pm.s:25     .text.dump_hex:00000000 $t
     /tmp/ccr4k6pm.s:31     .text.dump_hex:00000000 dump_hex
     /tmp/ccr4k6pm.s:82     .text.dump_hex:00000020 $d

UNDEFINED SYMBOLS
printf
putchar
