ARM GAS  /tmp/cctP62Qf.s 			page 1


   1              		.cpu cortex-m4
   2              		.arch armv7e-m
   3              		.fpu fpv4-sp-d16
   4              		.eabi_attribute 27, 1
   5              		.eabi_attribute 28, 1
   6              		.eabi_attribute 20, 1
   7              		.eabi_attribute 21, 1
   8              		.eabi_attribute 23, 3
   9              		.eabi_attribute 24, 1
  10              		.eabi_attribute 25, 1
  11              		.eabi_attribute 26, 1
  12              		.eabi_attribute 30, 1
  13              		.eabi_attribute 34, 1
  14              		.eabi_attribute 18, 4
  15              		.file	"usb_com.c"
  16              		.text
  17              	.Ltext0:
  18              		.cfi_sections	.debug_frame
  19              		.file 1 "/home/dat/Documents/colir_one/rocket_code/Module/Src/usb_com.c"
  20              		.section	.text.usb_transmit,"ax",%progbits
  21              		.align	1
  22              		.global	usb_transmit
  23              		.syntax unified
  24              		.thumb
  25              		.thumb_func
  27              	usb_transmit:
  28              	.LVL0:
  29              	.LFB138:
   1:/home/dat/Documents/colir_one/rocket_code/Module/Src/usb_com.c **** /*
   2:/home/dat/Documents/colir_one/rocket_code/Module/Src/usb_com.c ****  * usb_com.c
   3:/home/dat/Documents/colir_one/rocket_code/Module/Src/usb_com.c ****  *
   4:/home/dat/Documents/colir_one/rocket_code/Module/Src/usb_com.c ****  *  Created on: April 28, 2025
   5:/home/dat/Documents/colir_one/rocket_code/Module/Src/usb_com.c ****  *      Author: Dat Hoang
   6:/home/dat/Documents/colir_one/rocket_code/Module/Src/usb_com.c ****  */
   7:/home/dat/Documents/colir_one/rocket_code/Module/Src/usb_com.c **** #include "usb_com.h"
   8:/home/dat/Documents/colir_one/rocket_code/Module/Src/usb_com.c **** #include "stdlib.h"
   9:/home/dat/Documents/colir_one/rocket_code/Module/Src/usb_com.c **** #include "usbd_cdc_if.h"
  10:/home/dat/Documents/colir_one/rocket_code/Module/Src/usb_com.c **** 
  11:/home/dat/Documents/colir_one/rocket_code/Module/Src/usb_com.c **** usb_com_t usb_com;
  12:/home/dat/Documents/colir_one/rocket_code/Module/Src/usb_com.c **** 
  13:/home/dat/Documents/colir_one/rocket_code/Module/Src/usb_com.c **** void usb_transmit(uint8_t *tx_buffer, uint16_t tx_len)
  14:/home/dat/Documents/colir_one/rocket_code/Module/Src/usb_com.c **** {
  30              		.loc 1 14 1 view -0
  31              		.cfi_startproc
  32              		@ args = 0, pretend = 0, frame = 0
  33              		@ frame_needed = 0, uses_anonymous_args = 0
  34              		.loc 1 14 1 is_stmt 0 view .LVU1
  35 0000 08B5     		push	{r3, lr}
  36              	.LCFI0:
  37              		.cfi_def_cfa_offset 8
  38              		.cfi_offset 3, -8
  39              		.cfi_offset 14, -4
  15:/home/dat/Documents/colir_one/rocket_code/Module/Src/usb_com.c **** 	// printf("Transmitting Frame to USB: ");
  16:/home/dat/Documents/colir_one/rocket_code/Module/Src/usb_com.c **** 	CDC_Transmit_FS(tx_buffer, tx_len);
  40              		.loc 1 16 2 is_stmt 1 view .LVU2
  41 0002 FFF7FEFF 		bl	CDC_Transmit_FS
  42              	.LVL1:
ARM GAS  /tmp/cctP62Qf.s 			page 2


  17:/home/dat/Documents/colir_one/rocket_code/Module/Src/usb_com.c **** }
  43              		.loc 1 17 1 is_stmt 0 view .LVU3
  44 0006 08BD     		pop	{r3, pc}
  45              		.cfi_endproc
  46              	.LFE138:
  48              		.section	.rodata.usb_receive.str1.4,"aMS",%progbits,1
  49              		.align	2
  50              	.LC0:
  51 0000 52656365 		.ascii	"Received Frame from USB: \000"
  51      69766564 
  51      20467261 
  51      6D652066 
  51      726F6D20 
  52              		.section	.text.usb_receive,"ax",%progbits
  53              		.align	1
  54              		.global	usb_receive
  55              		.syntax unified
  56              		.thumb
  57              		.thumb_func
  59              	usb_receive:
  60              	.LVL2:
  61              	.LFB139:
  18:/home/dat/Documents/colir_one/rocket_code/Module/Src/usb_com.c **** 
  19:/home/dat/Documents/colir_one/rocket_code/Module/Src/usb_com.c **** void usb_receive(uint8_t *rx_buffer, uint32_t rx_len)
  20:/home/dat/Documents/colir_one/rocket_code/Module/Src/usb_com.c **** {
  62              		.loc 1 20 1 is_stmt 1 view -0
  63              		.cfi_startproc
  64              		@ args = 0, pretend = 0, frame = 0
  65              		@ frame_needed = 0, uses_anonymous_args = 0
  66              		.loc 1 20 1 is_stmt 0 view .LVU5
  67 0000 70B5     		push	{r4, r5, r6, lr}
  68              	.LCFI1:
  69              		.cfi_def_cfa_offset 16
  70              		.cfi_offset 4, -16
  71              		.cfi_offset 5, -12
  72              		.cfi_offset 6, -8
  73              		.cfi_offset 14, -4
  74 0002 0446     		mov	r4, r0
  75 0004 0D46     		mov	r5, r1
  21:/home/dat/Documents/colir_one/rocket_code/Module/Src/usb_com.c **** 	memset(usb_com.rx_buffer, 0, MAX_RECEIVE_BUFFER_LENGTH);
  76              		.loc 1 21 2 is_stmt 1 view .LVU6
  77 0006 0E4E     		ldr	r6, .L7
  78 0008 4FF40062 		mov	r2, #2048
  79 000c 0021     		movs	r1, #0
  80              	.LVL3:
  81              		.loc 1 21 2 is_stmt 0 view .LVU7
  82 000e 3046     		mov	r0, r6
  83              	.LVL4:
  84              		.loc 1 21 2 view .LVU8
  85 0010 FFF7FEFF 		bl	memset
  86              	.LVL5:
  22:/home/dat/Documents/colir_one/rocket_code/Module/Src/usb_com.c **** 	memcpy((char*)usb_com.rx_buffer, (char*)rx_buffer, rx_len);
  87              		.loc 1 22 2 is_stmt 1 view .LVU9
  88 0014 2A46     		mov	r2, r5
  89 0016 2146     		mov	r1, r4
  90 0018 3046     		mov	r0, r6
  91 001a FFF7FEFF 		bl	memcpy
ARM GAS  /tmp/cctP62Qf.s 			page 3


  92              	.LVL6:
  23:/home/dat/Documents/colir_one/rocket_code/Module/Src/usb_com.c **** 
  24:/home/dat/Documents/colir_one/rocket_code/Module/Src/usb_com.c **** 	printf("Received Frame from USB: ");
  93              		.loc 1 24 2 view .LVU10
  94 001e 0948     		ldr	r0, .L7+4
  95 0020 FFF7FEFF 		bl	printf
  96              	.LVL7:
  25:/home/dat/Documents/colir_one/rocket_code/Module/Src/usb_com.c **** 
  26:/home/dat/Documents/colir_one/rocket_code/Module/Src/usb_com.c **** 	for (int idx = 0; idx < rx_len; idx++)
  97              		.loc 1 26 2 view .LVU11
  98              	.LBB2:
  99              		.loc 1 26 7 view .LVU12
 100              		.loc 1 26 11 is_stmt 0 view .LVU13
 101 0024 0024     		movs	r4, #0
 102              	.LVL8:
 103              		.loc 1 26 2 view .LVU14
 104 0026 04E0     		b	.L4
 105              	.LVL9:
 106              	.L5:
  27:/home/dat/Documents/colir_one/rocket_code/Module/Src/usb_com.c **** 	{
  28:/home/dat/Documents/colir_one/rocket_code/Module/Src/usb_com.c **** 		printf("%c", usb_com.rx_buffer[idx]);
 107              		.loc 1 28 3 is_stmt 1 view .LVU15
 108 0028 054B     		ldr	r3, .L7
 109 002a 185D     		ldrb	r0, [r3, r4]	@ zero_extendqisi2
 110 002c FFF7FEFF 		bl	putchar
 111              	.LVL10:
  26:/home/dat/Documents/colir_one/rocket_code/Module/Src/usb_com.c **** 	{
 112              		.loc 1 26 37 discriminator 3 view .LVU16
 113 0030 0134     		adds	r4, r4, #1
 114              	.LVL11:
 115              	.L4:
  26:/home/dat/Documents/colir_one/rocket_code/Module/Src/usb_com.c **** 	{
 116              		.loc 1 26 24 discriminator 1 view .LVU17
 117 0032 AC42     		cmp	r4, r5
 118 0034 F8D3     		bcc	.L5
 119              	.LBE2:
  29:/home/dat/Documents/colir_one/rocket_code/Module/Src/usb_com.c **** 	}
  30:/home/dat/Documents/colir_one/rocket_code/Module/Src/usb_com.c **** 
  31:/home/dat/Documents/colir_one/rocket_code/Module/Src/usb_com.c **** 	printf("\n");
 120              		.loc 1 31 2 view .LVU18
 121 0036 0A20     		movs	r0, #10
 122 0038 FFF7FEFF 		bl	putchar
 123              	.LVL12:
  32:/home/dat/Documents/colir_one/rocket_code/Module/Src/usb_com.c **** 
  33:/home/dat/Documents/colir_one/rocket_code/Module/Src/usb_com.c **** }...
 124              		.loc 1 33 1 is_stmt 0 view .LVU19
 125 003c 70BD     		pop	{r4, r5, r6, pc}
 126              	.LVL13:
 127              	.L8:
 128              		.loc 1 33 1 view .LVU20
 129 003e 00BF     		.align	2
 130              	.L7:
 131 0040 00000000 		.word	usb_com
 132 0044 00000000 		.word	.LC0
 133              		.cfi_endproc
 134              	.LFE139:
 136              		.global	usb_com
ARM GAS  /tmp/cctP62Qf.s 			page 4


 137              		.section	.bss.usb_com,"aw",%nobits
 138              		.align	2
 141              	usb_com:
 142 0000 00000000 		.space	4096
 142      00000000 
 142      00000000 
 142      00000000 
 142      00000000 
 143              		.text
 144              	.Letext0:
 145              		.file 2 "/home/dat/.config/Code/User/globalStorage/litaitech.stm32-colir-one/@xpack-dev-tools/arm-
 146              		.file 3 "/home/dat/.config/Code/User/globalStorage/litaitech.stm32-colir-one/@xpack-dev-tools/arm-
 147              		.file 4 "/home/dat/.config/Code/User/globalStorage/litaitech.stm32-colir-one/@xpack-dev-tools/arm-
 148              		.file 5 "/home/dat/Documents/colir_one/rocket_code/Module/Inc/usb_com.h"
 149              		.file 6 "/home/dat/.config/Code/User/globalStorage/litaitech.stm32-colir-one/@xpack-dev-tools/arm-
 150              		.file 7 "/home/dat/.config/Code/User/globalStorage/litaitech.stm32-colir-one/@xpack-dev-tools/arm-
 151              		.file 8 "/home/dat/Documents/colir_one/rocket_code/USB_DEVICE/App/usbd_cdc_if.h"
 152              		.file 9 "<built-in>"
ARM GAS  /tmp/cctP62Qf.s 			page 5


DEFINED SYMBOLS
                            *ABS*:00000000 usb_com.c
     /tmp/cctP62Qf.s:21     .text.usb_transmit:00000000 $t
     /tmp/cctP62Qf.s:27     .text.usb_transmit:00000000 usb_transmit
     /tmp/cctP62Qf.s:49     .rodata.usb_receive.str1.4:00000000 $d
     /tmp/cctP62Qf.s:53     .text.usb_receive:00000000 $t
     /tmp/cctP62Qf.s:59     .text.usb_receive:00000000 usb_receive
     /tmp/cctP62Qf.s:131    .text.usb_receive:00000040 $d
     /tmp/cctP62Qf.s:141    .bss.usb_com:00000000 usb_com
     /tmp/cctP62Qf.s:138    .bss.usb_com:00000000 $d

UNDEFINED SYMBOLS
CDC_Transmit_FS
memset
memcpy
printf
putchar
