ARM GAS  /tmp/ccBNKByM.s 			page 1


   1              		.cpu cortex-m4
   2              		.arch armv7e-m
   3              		.fpu fpv4-sp-d16
   4              		.eabi_attribute 27, 1
   5              		.eabi_attribute 28, 1
   6              		.eabi_attribute 20, 1
   7              		.eabi_attribute 21, 1
   8              		.eabi_attribute 23, 3
   9              		.eabi_attribute 24, 1
  10              		.eabi_attribute 25, 1
  11              		.eabi_attribute 26, 1
  12              		.eabi_attribute 30, 1
  13              		.eabi_attribute 34, 1
  14              		.eabi_attribute 18, 4
  15              		.file	"uart.c"
  16              		.text
  17              	.Ltext0:
  18              		.cfi_sections	.debug_frame
  19              		.file 1 "/home/dat/Documents/colir_one/rocket_code/Module/Src/uart.c"
  20              		.section	.text.uart1_transmit,"ax",%progbits
  21              		.align	1
  22              		.global	uart1_transmit
  23              		.syntax unified
  24              		.thumb
  25              		.thumb_func
  27              	uart1_transmit:
  28              	.LVL0:
  29              	.LFB137:
   1:/home/dat/Documents/colir_one/rocket_code/Module/Src/uart.c **** /*
   2:/home/dat/Documents/colir_one/rocket_code/Module/Src/uart.c ****  * uart.c
   3:/home/dat/Documents/colir_one/rocket_code/Module/Src/uart.c ****  *
   4:/home/dat/Documents/colir_one/rocket_code/Module/Src/uart.c ****  *  Created on: April 28, 2025
   5:/home/dat/Documents/colir_one/rocket_code/Module/Src/uart.c ****  *      Author: Dat Hoang
   6:/home/dat/Documents/colir_one/rocket_code/Module/Src/uart.c ****  */
   7:/home/dat/Documents/colir_one/rocket_code/Module/Src/uart.c **** 
   8:/home/dat/Documents/colir_one/rocket_code/Module/Src/uart.c **** #include "uart.h"
   9:/home/dat/Documents/colir_one/rocket_code/Module/Src/uart.c **** #include "stm32f4xx_hal_uart.h"
  10:/home/dat/Documents/colir_one/rocket_code/Module/Src/uart.c **** 
  11:/home/dat/Documents/colir_one/rocket_code/Module/Src/uart.c **** extern UART_HandleTypeDef huart1;
  12:/home/dat/Documents/colir_one/rocket_code/Module/Src/uart.c **** 
  13:/home/dat/Documents/colir_one/rocket_code/Module/Src/uart.c **** void uart1_transmit(uint8_t *pData, uint16_t Size, uint32_t Timeout){
  30              		.loc 1 13 69 view -0
  31              		.cfi_startproc
  32              		@ args = 0, pretend = 0, frame = 0
  33              		@ frame_needed = 0, uses_anonymous_args = 0
  34              		.loc 1 13 69 is_stmt 0 view .LVU1
  35 0000 08B5     		push	{r3, lr}
  36              	.LCFI0:
  37              		.cfi_def_cfa_offset 8
  38              		.cfi_offset 3, -8
  39              		.cfi_offset 14, -4
  40 0002 1346     		mov	r3, r2
  14:/home/dat/Documents/colir_one/rocket_code/Module/Src/uart.c ****     HAL_UART_Transmit(&huart1, pData, Size, Timeout);
  41              		.loc 1 14 5 is_stmt 1 view .LVU2
  42 0004 0A46     		mov	r2, r1
  43              	.LVL1:
  44              		.loc 1 14 5 is_stmt 0 view .LVU3
ARM GAS  /tmp/ccBNKByM.s 			page 2


  45 0006 0146     		mov	r1, r0
  46              	.LVL2:
  47              		.loc 1 14 5 view .LVU4
  48 0008 0148     		ldr	r0, .L3
  49              	.LVL3:
  50              		.loc 1 14 5 view .LVU5
  51 000a FFF7FEFF 		bl	HAL_UART_Transmit
  52              	.LVL4:
  15:/home/dat/Documents/colir_one/rocket_code/Module/Src/uart.c **** }...
  53              		.loc 1 15 1 view .LVU6
  54 000e 08BD     		pop	{r3, pc}
  55              	.L4:
  56              		.align	2
  57              	.L3:
  58 0010 00000000 		.word	huart1
  59              		.cfi_endproc
  60              	.LFE137:
  62              		.text
  63              	.Letext0:
  64              		.file 2 "/home/dat/.config/Code/User/globalStorage/litaitech.stm32-colir-one/@xpack-dev-tools/arm-
  65              		.file 3 "/home/dat/.config/Code/User/globalStorage/litaitech.stm32-colir-one/@xpack-dev-tools/arm-
  66              		.file 4 "/home/dat/Documents/colir_one/rocket_code/Drivers/CMSIS/Device/ST/STM32F4xx/Include/stm32
  67              		.file 5 "/home/dat/Documents/colir_one/rocket_code/Drivers/STM32F4xx_HAL_Driver/Inc/stm32f4xx_hal_
  68              		.file 6 "/home/dat/Documents/colir_one/rocket_code/Drivers/STM32F4xx_HAL_Driver/Inc/stm32f4xx_hal_
  69              		.file 7 "/home/dat/Documents/colir_one/rocket_code/Drivers/STM32F4xx_HAL_Driver/Inc/stm32f4xx_hal_
ARM GAS  /tmp/ccBNKByM.s 			page 3


DEFINED SYMBOLS
                            *ABS*:00000000 uart.c
     /tmp/ccBNKByM.s:21     .text.uart1_transmit:00000000 $t
     /tmp/ccBNKByM.s:27     .text.uart1_transmit:00000000 uart1_transmit
     /tmp/ccBNKByM.s:58     .text.uart1_transmit:00000010 $d

UNDEFINED SYMBOLS
HAL_UART_Transmit
huart1
